{
    "comments": [
        {
            "author": "Michael McCandless",
            "body": "Gak -- I really hate editing a JIRA entry (it generates horribly unreadable email notification), but I forgot to put the noformat markup here...",
            "date": "2010-07-29T10:14:52.306+0000",
            "id": 0
        },
        {
            "author": "Michael McCandless",
            "body": "Here's a patch to simplify the scary IW.startCommit method -- that method need not be so hairy anymore because only 1 thread is in there at once.",
            "date": "2010-08-10T22:29:06.412+0000",
            "id": 1
        },
        {
            "author": "Robert Muir",
            "body": "I just hit a similar issue myself.. but i can't reproduce it easily.\n\n{noformat}\n    [junit] Testsuite: org.apache.lucene.index.TestIndexWriter\n    [junit] Testcase: testCommitThreadSafety(org.apache.lucene.index.TestIndexWriter):  Caused an ERROR\n    [junit] MockDirectoryWrapper: cannot close: there are still open files: {_2g.tis=1}\n    [junit] java.lang.RuntimeException: MockDirectoryWrapper: cannot close: there are still open files: {_2g.tis=1}\n    [junit]     at org.apache.lucene.store.MockDirectoryWrapper.close(MockDirectoryWrapper.java:343)\n    [junit]     at org.apache.lucene.index.TestIndexWriter.testCommitThreadSafety(TestIndexWriter.java:4701)\n    [junit]     at org.apache.lucene.util.LuceneTestCase$LuceneTestCaseRunner.runChild(LuceneTestCase.java:795)\n    [junit]     at org.apache.lucene.util.LuceneTestCase$LuceneTestCaseRunner.runChild(LuceneTestCase.java:768)\n    [junit] Caused by: java.lang.RuntimeException: unclosed IndexInput\n    [junit]     at org.apache.lucene.store.MockDirectoryWrapper.openInput(MockDirectoryWrapper.java:300)\n    [junit]     at org.apache.lucene.store.Directory.openInput(Directory.java:138)\n    [junit]     at org.apache.lucene.index.codecs.preflex.TermInfosReader.<init>(TermInfosReader.java:106)\n    [junit]     at org.apache.lucene.index.codecs.preflex.PreFlexFields.<init>(PreFlexFields.java:78)\n    [junit]     at org.apache.lucene.index.codecs.preflexrw.PreFlexRWCodec$1.<init>(PreFlexRWCodec.java:54)\n    [junit]     at org.apache.lucene.index.codecs.preflexrw.PreFlexRWCodec.fieldsProducer(PreFlexRWCodec.java:54)\n    [junit]     at org.apache.lucene.index.SegmentReader$CoreReaders.<init>(SegmentReader.java:136)\n    [junit]     at org.apache.lucene.index.SegmentReader.get(SegmentReader.java:536)\n    [junit]     at org.apache.lucene.index.SegmentReader.get(SegmentReader.java:509)\n    [junit]     at org.apache.lucene.index.DirectoryReader.<init>(DirectoryReader.java:245)\n    [junit]     at org.apache.lucene.index.DirectoryReader.doReopen(DirectoryReader.java:503)\n    [junit]     at org.apache.lucene.index.DirectoryReader.access$000(DirectoryReader.java:48)\n    [junit]     at org.apache.lucene.index.DirectoryReader$2.doBody(DirectoryReader.java:496)\n    [junit]     at org.apache.lucene.index.SegmentInfos$FindSegmentsFile.run(SegmentInfos.java:630)\n    [junit]     at org.apache.lucene.index.DirectoryReader.doReopenNoWriter(DirectoryReader.java:491)\n    [junit]     at org.apache.lucene.index.DirectoryReader.doReopen(DirectoryReader.java:449)\n    [junit]     at org.apache.lucene.index.DirectoryReader.reopen(DirectoryReader.java:409)\n    [junit]     at org.apache.lucene.index.TestIndexWriter$9.run(TestIndexWriter.java:4680)\n    [junit]\n    [junit]\n    [junit] Tests run: 116, Failures: 0, Errors: 1, Time elapsed: 28.646 sec\n    [junit]\n    [junit] ------------- Standard Output ---------------\n    [junit] NOTE: reproduce with: ant test -Dtestcase=TestIndexWriter -Dtestmethod=testCommitThreadSafety -Dtests.seed=-8057983090429434268:7680346069737615565\n    [junit] NOTE: test params are: codec=PreFlex, locale=mk_MK, timezone=America/Fortaleza\n{noformat}\n",
            "date": "2010-10-02T18:17:33.879+0000",
            "id": 2
        },
        {
            "author": "Yonik Seeley",
            "body": "{noformat}\n    [junit] NOTE: reproduce with: ant test -Dtestcase=TestIndexWriter -Dtestmethod=testCommitThreadSafety -Dtests.seed=6167627923175702792:-1637309306537989375\n    [junit] NOTE: test params are: codec=MockVariableIntBlock(baseBlockSize=84), locale=es_CL, timezone=Antarctica/South_Pole\n    [junit] ------------- ---------------- ---------------\n    [junit] ------------- Standard Error -----------------\n    [junit] The following exceptions were thrown by threads:\n    [junit] *** Thread: Thread-1148 ***\n    [junit] java.lang.RuntimeException: java.lang.AssertionError: term=f:2_37; r=DirectoryReader(_3c:C106 ) expected:<1> but was:<0>\n    [junit]     at org.apache.lucene.index.TestIndexWriter$9.run(TestIndexWriter.java:4690)\n    [junit] Caused by: java.lang.AssertionError: term=f:2_37; r=DirectoryReader(_3c:C106 ) expected:<1> but was:<0>\n    [junit]     at org.junit.Assert.fail(Assert.java:91)\n    [junit]     at org.junit.Assert.failNotEquals(Assert.java:645)\n    [junit]     at org.junit.Assert.assertEquals(Assert.java:126)\n    [junit]     at org.junit.Assert.assertEquals(Assert.java:470)\n    [junit]     at org.apache.lucene.index.TestIndexWriter$9.run(TestIndexWriter.java:4684)\n    [junit] *** Thread: Thread-1149 ***\n    [junit] java.lang.RuntimeException: java.lang.AssertionError: term=f:3_3; r=DirectoryReader(_3c:C106 ) expected:<1> but was:<0>\n    [junit]     at org.apache.lucene.index.TestIndexWriter$9.run(TestIndexWriter.java:4690)\n    [junit] Caused by: java.lang.AssertionError: term=f:3_3; r=DirectoryReader(_3c:C106 ) expected:<1> but was:<0>\n    [junit]     at org.junit.Assert.fail(Assert.java:91)\n    [junit]     at org.junit.Assert.failNotEquals(Assert.java:645)\n    [junit]     at org.junit.Assert.assertEquals(Assert.java:126)\n    [junit]     at org.junit.Assert.assertEquals(Assert.java:470)\n    [junit]     at org.apache.lucene.index.TestIndexWriter$9.run(TestIndexWriter.java:4684)\n    [junit] *** Thread: Thread-1147 ***\n    [junit] java.lang.RuntimeException: java.lang.AssertionError: term=f:1_4; r=DirectoryReader(_3c:C106 ) expected:<1> but was:<0>\n    [junit]     at org.apache.lucene.index.TestIndexWriter$9.run(TestIndexWriter.java:4690)\n    [junit] Caused by: java.lang.AssertionError: term=f:1_4; r=DirectoryReader(_3c:C106 ) expected:<1> but was:<0>\n    [junit]     at org.junit.Assert.fail(Assert.java:91)\n    [junit]     at org.junit.Assert.failNotEquals(Assert.java:645)\n    [junit]     at org.junit.Assert.assertEquals(Assert.java:126)\n    [junit]     at org.junit.Assert.assertEquals(Assert.java:470)\n    [junit]     at org.apache.lucene.index.TestIndexWriter$9.run(TestIndexWriter.java:4684)\n    [junit] NOTE: all tests run in this JVM:\n    [junit] [TestMergeSchedulerExternal, TestSimpleAttributeImpls, TestAddIndexes, TestCrash, TestFlex, TestIndexWriter]\n{noformat}\n",
            "date": "2010-10-22T18:06:38.912+0000",
            "id": 3
        },
        {
            "author": "Michael McCandless",
            "body": "OK I found the cause of the \"expected:<1> but was:<0>\" failures; it's\nbecause SegmentInfos is failing to actually find the latest segments_N\nfile.\n\nThe test commits frequently and reopens readers frequently w/ multiple\nthreads.  Because our MockDirWrapper \"acts like windows\", we prevent\ndeleting segments_N files that are being read and so when a given\nthread goes to reopen, the fallback logic in SegmentInfos can easily\nopen a too-old commit point.\n\nTo fix this I changed the retry order in which SegmentInfos tries to\nfind the segments file.  Previously, upon failing to load segments_N\nwe would immediately attempt to load segments_(N-1).  I've changed\nthat now to instead first try re-checking (re-list the dir and re-open\nthe segments.gen file), and only if re-checking produced the same \"N\"\ndo we then fallback to N-1.\n\nI think this is actually an important change... back when this logic\nwas first created we did not have deletion policies and so a if the\nsegments_(N-1) existed it really did mean a commit to segments_N was\nstill in process.  But today, w/ del policy, it could easily mean that\nsegments_(N-1) was just not deleted.  So I think it's important to\nre-list before trying segments_(N-1).\n\nThis fixes another failure case for this test, but, I still sometimes\nsee the \"IndexFileDeleter does not know about XXX\" (that other tests\nhave also hit), so I'll leave this open for now...\n",
            "date": "2010-11-11T11:24:09.962+0000",
            "id": 4
        },
        {
            "author": "Shai Erera",
            "body": "Changing to 3.2, if we're gonna keep this open for a while. Unless, Mike, you think it's safe to close it.",
            "date": "2011-01-23T07:42:38.471+0000",
            "id": 5
        },
        {
            "author": "Michael McCandless",
            "body": "Actually I believe this is now fixed.",
            "date": "2011-01-23T13:33:44.882+0000",
            "id": 6
        },
        {
            "author": "Robert Muir",
            "body": "Bulk closing for 3.2",
            "date": "2011-06-03T16:37:15.676+0000",
            "id": 7
        }
    ],
    "component": "",
    "description": "Mark's while(1) hudson box found this failure (and I can repro it too):\n\n{noformat}\nError Message\n\nMockRAMDirectory: cannot close: there are still open files: {_1m.cfs=1,\n_1k.cfs=1, _14.cfs=1, _1g.cfs=1, _1h.cfs=1, _1f.cfs=1, _1n.cfs=1,\n_1i.cfs=1, _1j.cfs=1, _1l.cfs=1}\n\nStacktrace\n\njava.lang.RuntimeException: MockRAMDirectory: cannot close: there are\nstill open files: {_1m.cfs=1, _1k.cfs=1, _14.cfs=1, _1g.cfs=1,\n_1h.cfs=1, _1f.cfs=1, _1n.cfs=1, _1i.cfs=1, _1j.cfs=1, _1l.cfs=1}\n       at\norg.apache.lucene.store.MockRAMDirectory.close(MockRAMDirectory.java:282)\n       at\norg.apache.lucene.index.TestIndexWriter.testCommitThreadSafety(TestIndexWriter.java:4616)\n       at org.apache.lucene.util.LuceneTestCase.runBare(LuceneTestCase.java:328)\n\nStandard Output\n\nNOTE: random codec of testcase 'testCommitThreadSafety' was: Sep\n\nStandard Error\n\nThe following exceptions were thrown by threads:\n*** Thread: Thread-1784 ***\njava.lang.RuntimeException: junit.framework.AssertionFailedError: null\n       at org.apache.lucene.index.TestIndexWriter$9.run(TestIndexWriter.java:4606)\nCaused by: junit.framework.AssertionFailedError: null\n       at junit.framework.Assert.fail(Assert.java:47)\n       at junit.framework.Assert.assertTrue(Assert.java:20)\n       at junit.framework.Assert.assertTrue(Assert.java:27)\n       at org.apache.lucene.index.TestIndexWriter$9.run(TestIndexWriter.java:4597)\n{noformat}",
    "hasPatch": true,
    "hasScreenshot": false,
    "id": "LUCENE-2576",
    "issuetypeClassified": "BUG",
    "issuetypeTracker": "BUG",
    "priority": "Major",
    "product": "LUCENE",
    "project": "LUCENE",
    "summary": "Intermittent failure in TestIndexWriter.testCommitThreadSafety",
    "systemSpecification": true,
    "version": ""
}