{
    "comments": [
        {
            "author": "Simon Willnauer",
            "body": "After 900 runs I stepped into this error but only since I got an OOM during merge is it possible that such an error is not printed out due to not enough memory? I think we hit an OOM during the handle method in CommitAndAddIndexes this could happen no? If so I think this is a false positive....",
            "date": "2011-04-15T09:45:09.459+0000",
            "id": 0
        },
        {
            "author": "Simon Willnauer",
            "body": "I think I have found the root cause of this issue. There was a chance of missing a DWPT during a full flush / commit when a full flush is started while we release a new DWPT into the pool. All subsequent documents added to this DWPT will never get flushed neither if I commit nor when I close the writer. This also explains the failures in LUCENE-3035. I committed a fix in Revision: 1097156. I will resolve those issues since both haven't occurred anymore running them while(1) the entire night.",
            "date": "2011-04-28T07:10:43.653+0000",
            "id": 1
        },
        {
            "author": "Simon Willnauer",
            "body": "fixed in Revision: 1097156",
            "date": "2011-04-28T07:11:16.822+0000",
            "id": 2
        }
    ],
    "component": "core/index",
    "description": "Selckin reported two failures on LUCENE-3023 which I can unfortunately not reproduce at all. here are the traces\n\n{noformat}\n  [junit] Testsuite: org.apache.lucene.index.TestAddIndexes\n    [junit] Testcase: testAddIndexesWithThreads(org.apache.lucene.index.TestAddIndexes):\tFAILED\n    [junit] expected:<3160> but was:<3060>\n    [junit] junit.framework.AssertionFailedError: expected:<3160> but was:<3060>\n    [junit] \tat org.apache.lucene.index.TestAddIndexes.testAddIndexesWithThreads(TestAddIndexes.java:783)\n    [junit] \tat org.apache.lucene.util.LuceneTestCase$LuceneTestCaseRunner.runChild(LuceneTestCase.java:1226)\n    [junit] \tat org.apache.lucene.util.LuceneTestCase$LuceneTestCaseRunner.runChild(LuceneTestCase.java:1154)\n    [junit] \n    [junit] \n    [junit] Tests run: 18, Failures: 1, Errors: 0, Time elapsed: 14.272 sec\n    [junit] \n    [junit] ------------- Standard Error -----------------\n    [junit] NOTE: reproduce with: ant test -Dtestcase=TestAddIndexes -Dtestmethod=testAddIndexesWithThreads -Dtests.seed=6128854208955988865:2552774338676281184\n    [junit] NOTE: test params are: codec=PreFlex, locale=no_NO_NY, timezone=America/Edmonton\n    [junit] NOTE: all tests run in this JVM:\n    [junit] [TestToken, TestDateTools, Test2BTerms, TestAddIndexes]\n    [junit] NOTE: Linux 2.6.37-gentoo amd64/Sun Microsystems Inc. 1.6.0_24 (64-bit)/cpus=8,threads=1,free=84731792,total=258080768\n    [junit] ------------- ---------------- ---------------\n{noformat}\nand \n{noformat}\n    [junit] Testsuite: org.apache.lucene.index.TestAddIndexes\n    [junit] Testcase: testAddIndexesWithThreads(org.apache.lucene.index.TestAddIndexes):\tFAILED\n    [junit] expected:<3160> but was:<3060>\n    [junit] junit.framework.AssertionFailedError: expected:<3160> but was:<3060>\n    [junit] \tat org.apache.lucene.index.TestAddIndexes.testAddIndexesWithThreads(TestAddIndexes.java:783)\n    [junit] \tat org.apache.lucene.util.LuceneTestCase$LuceneTestCaseRunner.runChild(LuceneTestCase.java:1226)\n    [junit] \tat org.apache.lucene.util.LuceneTestCase$LuceneTestCaseRunner.runChild(LuceneTestCase.java:1154)\n    [junit] \n    [junit] \n    [junit] Tests run: 18, Failures: 1, Errors: 0, Time elapsed: 14.841 sec\n    [junit] \n    [junit] ------------- Standard Error -----------------\n    [junit] NOTE: reproduce with: ant test -Dtestcase=TestAddIndexes -Dtestmethod=testAddIndexesWithThreads -Dtests.seed=4502815121171887759:-6764285049309266272\n    [junit] NOTE: test params are: codec=PreFlex, locale=tr_TR, timezone=Mexico/BajaNorte\n    [junit] NOTE: all tests run in this JVM:\n    [junit] [TestToken, TestDateTools, Test2BTerms, TestAddIndexes]\n    [junit] NOTE: Linux 2.6.37-gentoo amd64/Sun Microsystems Inc. 1.6.0_24 (64-bit)/cpus=8,threads=1,free=163663416,total=243335168\n    [junit] ------------- ---------------- ---------------\n{noformat}",
    "hasPatch": false,
    "hasScreenshot": false,
    "id": "LUCENE-3033",
    "issuetypeClassified": "BUG",
    "issuetypeTracker": "BUG",
    "priority": "Major",
    "product": "LUCENE",
    "project": "LUCENE",
    "summary": "TestAddIndexes#testAddIndexesWithThreads fails on Realtime",
    "systemSpecification": true,
    "version": "Realtime Branch"
}