{
    "comments": [
        {
            "author": "Robert Muir",
            "body": "{noformat}\n    [junit] Testsuite: org.apache.lucene.index.TestNRTThreads\n    [junit] Testcase: testNRTThreads(org.apache.lucene.index.TestNRTThreads):\tFAILED\n    [junit] expected:<8> but was:<18>\n    [junit] junit.framework.AssertionFailedError: expected:<8> but was:<18>\n    [junit] \tat org.apache.lucene.index.TestNRTThreads.testNRTThreads(TestNRTThreads.java:515)\n    [junit] \tat org.apache.lucene.util.LuceneTestCase$LuceneTestCaseRunner.runChild(LuceneTestCase.java:1362)\n    [junit] \tat org.apache.lucene.util.LuceneTestCase$LuceneTestCaseRunner.runChild(LuceneTestCase.java:1280)\n    [junit] \n    [junit] \n    [junit] Tests run: 1, Failures: 1, Errors: 0, Time elapsed: 19.812 sec\n    [junit] \n    [junit] ------------- Standard Output ---------------\n    [junit] doc id=157 is supposed to be deleted, but got docID=119\n    [junit] doc id=82 is supposed to be deleted, but got docID=68\n    [junit] doc id=83 is supposed to be deleted, but got docID=38\n    [junit] doc id=80 is supposed to be deleted, but got docID=36\n    [junit] doc id=81 is supposed to be deleted, but got docID=37\n    [junit] doc id=67 is supposed to be deleted, but got docID=24\n    [junit] doc id=69 is supposed to be deleted, but got docID=26\n    [junit] doc id=68 is supposed to be deleted, but got docID=25\n    [junit] doc id=672 is supposed to be deleted, but got docID=430\n    [junit] doc id=444 is supposed to be deleted, but got docID=344\n    [junit] doc id=441 is supposed to be deleted, but got docID=766\n    [junit] doc id=442 is supposed to be deleted, but got docID=343\n    [junit] doc id=443 is supposed to be deleted, but got docID=767\n    [junit] doc id=70 is supposed to be deleted, but got docID=67\n    [junit] doc id=71 is supposed to be deleted, but got docID=27\n    [junit] doc id=72 is supposed to be deleted, but got docID=28\n    [junit] doc id=73 is supposed to be deleted, but got docID=29\n    [junit] doc id=74 is supposed to be deleted, but got docID=30\n    [junit] doc id=75 is supposed to be deleted, but got docID=31\n    [junit] doc id=76 is supposed to be deleted, but got docID=32\n    [junit] doc id=219 is supposed to be deleted, but got docID=175\n    [junit] doc id=662 is supposed to be deleted, but got docID=425\n    [junit] doc id=663 is supposed to be deleted, but got docID=426\n    [junit] doc id=218 is supposed to be deleted, but got docID=174\n    [junit] doc id=361 is supposed to be deleted, but got docID=286\n    [junit] doc id=362 is supposed to be deleted, but got docID=287\n    [junit] doc id=360 is supposed to be deleted, but got docID=285\n    [junit] doc id=366 is supposed to be deleted, but got docID=291\n    [junit] doc id=365 is supposed to be deleted, but got docID=290\n    [junit] doc id=364 is supposed to be deleted, but got docID=289\n    [junit] doc id=363 is supposed to be deleted, but got docID=288\n    [junit] doc id=368 is supposed to be deleted, but got docID=293\n    [junit] doc id=367 is supposed to be deleted, but got docID=292\n    [junit] doc id=518 is supposed to be deleted, but got docID=361\n    [junit] doc id=517 is supposed to be deleted, but got docID=805\n    [junit] doc id=220 is supposed to be deleted, but got docID=176\n    [junit] doc id=324 is supposed to be deleted, but got docID=269\n    [junit] doc id=322 is supposed to be deleted, but got docID=268\n    [junit] ------------- ---------------- ---------------\n    [junit] ------------- Standard Error -----------------\n    [junit] NOTE: reproduce with: ant test -Dtestcase=TestNRTThreads -Dtestmethod=testNRTThreads -Dtests.seed=0:0\n    [junit] NOTE: test params are: codec=RandomCodecProvider: {extra8=MockFixedIntBlock(blockSize=1054), extra9=MockVariableIntBlock(baseBlockSize=87), body=MockSep, extra0=MockVariableIntBlock(baseBlockSize=87), packID=Pulsing(freqCutoff=16), extra1=MockRandom, extra2=Standard, extra3=SimpleText, date=MockVariableIntBlock(baseBlockSize=87), extra4=MockSep, extra5=Pulsing(freqCutoff=16), extra6=MockFixedIntBlock(blockSize=1054), extra7=MockVariableIntBlock(baseBlockSize=87), docid=MockVariableIntBlock(baseBlockSize=87), title=SimpleText, titleTokenized=Standard}, locale=ar_JO, timezone=Europe/Oslo\n    [junit] NOTE: all tests run in this JVM:\n    [junit] [TestSearchForDuplicates, TestMockAnalyzer, TestCheckIndex, TestDoc, TestFlex, TestIndexReaderCloneNorms, TestIndexWriterExceptions, TestIndexWriterUnicode, TestMultiLevelSkipList, TestNRTThreads]\n    [junit] NOTE: Mac OS X 10.6.7 x86_64/Apple Inc. 1.6.0_24 (64-bit)/cpus=4,threads=1,free=41147720,total=85000192\n    [junit] ------------- ---------------- ---------------\n    [junit] TEST org.apache.lucene.index.TestNRTThreads FAILED\n{noformat}",
            "date": "2011-06-06T13:35:24.130+0000",
            "id": 0
        },
        {
            "author": "Robert Muir",
            "body": "on my machine: this one is tough to reproduce.\n\nif I run the test by itself, it seems to pass.\n\nhowever, if my machine is \"busy\" (e.g. running ant test-core -Dtests.seed=0:0), then it fails!",
            "date": "2011-06-06T17:42:50.847+0000",
            "id": 1
        },
        {
            "author": "Jason Rutherglen",
            "body": "It's probably the new DWPT code.  There was a specific issue to fix this problem LUCENE-2956.",
            "date": "2011-06-06T17:52:46.202+0000",
            "id": 2
        },
        {
            "author": "Simon Willnauer",
            "body": "phew! This seems like a delete issue. I only looked at the output robert posted so far but it seems that a FrozenDelPackage gets lost somewhere here....\n\nI will look after buzzwords",
            "date": "2011-06-07T05:35:57.720+0000",
            "id": 3
        },
        {
            "author": "Simon Willnauer",
            "body": "I can reproduce this easily and even if I set search threads to 0 and index threads to 1. I forced the IW to use OpenMode.CREATE and suddenly the tests are not failing anymore. It seems that the tempdir is not cleaned up since always the second test fails for me but never the first run.\n\nthis is not a DWPT issue, phew!",
            "date": "2011-06-08T12:18:29.356+0000",
            "id": 4
        },
        {
            "author": "Robert Muir",
            "body": "the test cleans itself up in afterClass(), so there is in fact an issue.",
            "date": "2011-06-08T12:20:53.893+0000",
            "id": 5
        },
        {
            "author": "Robert Muir",
            "body": "taking a look at this, I don't like the way _TestUtil.getTempDir(String desc) was working before... it was basically desc + LTC.random.nextInt(xxx), so if you wired the seed like I did, and somehow stuff doesnt totally clean up, then its easy to see how it could return an already-created dir.\n\nI changed this method to use _TestUtil.createTempFile... I think this is much safer.",
            "date": "2011-06-08T13:17:11.544+0000",
            "id": 6
        },
        {
            "author": "Simon Willnauer",
            "body": "robert can you still reproduce or can we close this issue here?",
            "date": "2011-06-08T16:52:32.224+0000",
            "id": 7
        },
        {
            "author": "Robert Muir",
            "body": "i could never really reproduce... but sometimes if i ran all tests with -Dtests.seed=0:0 it would happen.\n\nthe reason this test is not reproducible is that this test uses 'n seconds' as a limit.\nso whether it passes or fails depends upon what your computer is doing at the moment.\n\nI think we must change it to limit itself by number of docs instead.",
            "date": "2011-06-08T16:55:23.563+0000",
            "id": 8
        },
        {
            "author": "Michael McCandless",
            "body": "bq. I think we must change it to limit itself by number of docs instead.\n\nI agree: let's fix that.",
            "date": "2011-06-08T16:58:56.216+0000",
            "id": 9
        },
        {
            "author": "Simon Willnauer",
            "body": "this was a temp file issue - fixed",
            "date": "2011-11-14T10:56:44.971+0000",
            "id": 10
        }
    ],
    "component": "",
    "description": "hit a fail in TestNRTThreads running tests over and over:\n",
    "hasPatch": false,
    "hasScreenshot": false,
    "id": "LUCENE-3176",
    "issuetypeClassified": "BUG",
    "issuetypeTracker": "BUG",
    "priority": "Major",
    "product": "LUCENE",
    "project": "LUCENE",
    "summary": "TestNRTThreads test failure",
    "systemSpecification": true,
    "version": ""
}