{
    "comments": [
        {
            "author": "Robert Muir",
            "body": "{noformat}\njunit-backwards-sequential:\n    [junit] Testsuite: org.apache.lucene.index.TestIndexFileDeleter\n    [junit] Tests run: 1, Failures: 0, Errors: 1, Time elapsed: 0.243 sec\n    [junit] \n    [junit] ------------- Standard Output ---------------\n    [junit] CheckIndex failed\n    [junit] Segments file=segments_2 numSegments=5 version=3.4 format=FORMAT_3_1 [Lucene 3.1+]\n    [junit]   1 of 5: name=_0 docCount=10\n    [junit]     compound=true\n    [junit]     hasProx=true\n    [junit]     numFiles=2\n    [junit]     size (MB)=0,001\n    [junit]     diagnostics = {os=Linux, os.version=2.6.38-10-generic, source=flush, lucene.version=3.4-SNAPSHOT, os.arch=amd64, java.version=1.6.0_24, java.vendor=Sun Microsystems Inc.}\n    [junit]     has deletions [delFileName=_0_1.del]\n    [junit]     test: open reader.........OK [1 deleted docs]\n    [junit]     test: fields..............OK [2 fields]\n    [junit]     test: field norms.........OK [2 fields]\n    [junit]     test: terms, freq, prox...OK [11 terms; 20 terms/docs pairs; 18 tokens]\n    [junit]     test: stored fields.......OK [9 total field count; avg 1 fields per doc]\n    [junit]     test: term vectors........OK [1 total vector count; avg 0,111 term/freq vector fields per doc]\n    [junit] \n    [junit]   2 of 5: name=_1 docCount=10\n    [junit]     compound=true\n    [junit]     hasProx=true\n    [junit]     numFiles=1\n    [junit]     size (MB)=0\n    [junit]     diagnostics = {os=Linux, os.version=2.6.38-10-generic, source=flush, lucene.version=3.4-SNAPSHOT, os.arch=amd64, java.version=1.6.0_24, java.vendor=Sun Microsystems Inc.}\n    [junit]     no deletions\n    [junit]     test: open reader.........OK\n    [junit]     test: fields..............OK [2 fields]\n    [junit]     test: field norms.........OK [2 fields]\n    [junit]     test: terms, freq, prox...OK [11 terms; 20 terms/docs pairs; 20 tokens]\n    [junit]     test: stored fields.......OK [10 total field count; avg 1 fields per doc]\n    [junit]     test: term vectors........OK [0 total vector count; avg 0 term/freq vector fields per doc]\n    [junit] \n    [junit]   3 of 5: name=_2 docCount=10\n    [junit]     compound=true\n    [junit]     hasProx=true\n    [junit]     numFiles=2\n    [junit]     size (MB)=0\n    [junit]     diagnostics = {os=Linux, os.version=2.6.38-10-generic, source=flush, lucene.version=3.4-SNAPSHOT, os.arch=amd64, java.version=1.6.0_24, java.vendor=Sun Microsystems Inc.}\n    [junit]     no deletions\n    [junit]     test: open reader.........FAILED\n    [junit]     WARNING: fixIndex() would remove reference to this segment; full exception:\n    [junit] java.io.IOException: No sub-file with id .tvx found (files: [.tii, .fnm, .tis, .frq, .fdt, .nrm, .prx, .fdx])\n    [junit] \tat org.apache.lucene.index.CompoundFileReader.openInput(CompoundFileReader.java:155)\n    [junit] \tat org.apache.lucene.index.TermVectorsReader.<init>(TermVectorsReader.java:79)\n    [junit] \tat org.apache.lucene.index.SegmentCoreReaders.openDocStores(SegmentCoreReaders.java:253)\n    [junit] \tat org.apache.lucene.index.SegmentReader.get(SegmentReader.java:117)\n    [junit] \tat org.apache.lucene.index.SegmentReader.get(SegmentReader.java:93)\n    [junit] \tat org.apache.lucene.index.CheckIndex.checkIndex(CheckIndex.java:524)\n    [junit] \tat org.apache.lucene.index.CheckIndex.checkIndex(CheckIndex.java:306)\n    [junit] \tat org.apache.lucene.util._TestUtil.checkIndex(_TestUtil.java:146)\n    [junit] \tat org.apache.lucene.store.MockDirectoryWrapper.close(MockDirectoryWrapper.java:481)\n    [junit] \tat org.apache.lucene.index.TestIndexFileDeleter.testDeleteLeftoverFiles(TestIndexFileDeleter.java:165)\n    [junit] \tat sun.reflect.NativeMethodAccessorImpl.invoke0(Native Method)\n    [junit] \tat sun.reflect.NativeMethodAccessorImpl.invoke(NativeMethodAccessorImpl.java:39)\n    [junit] \tat sun.reflect.DelegatingMethodAccessorImpl.invoke(DelegatingMethodAccessorImpl.java:25)\n    [junit] \tat java.lang.reflect.Method.invoke(Method.java:597)\n    [junit] \tat org.junit.runners.model.FrameworkMethod$1.runReflectiveCall(FrameworkMethod.java:44)\n    [junit] \tat org.junit.internal.runners.model.ReflectiveCallable.run(ReflectiveCallable.java:15)\n    [junit] \tat org.junit.runners.model.FrameworkMethod.invokeExplosively(FrameworkMethod.java:41)\n    [junit] \tat org.junit.internal.runners.statements.InvokeMethod.evaluate(InvokeMethod.java:20)\n    [junit] \tat org.junit.rules.TestWatchman$1.evaluate(TestWatchman.java:48)\n    [junit] \tat org.junit.internal.runners.statements.RunBefores.evaluate(RunBefores.java:28)\n    [junit] \tat org.junit.internal.runners.statements.RunAfters.evaluate(RunAfters.java:31)\n    [junit] \tat org.junit.runners.BlockJUnit4ClassRunner.runChild(BlockJUnit4ClassRunner.java:76)\n    [junit] \tat org.apache.lucene.util.LuceneTestCase$LuceneTestCaseRunner.runChild(LuceneTestCase.java:1277)\n    [junit] \tat org.apache.lucene.util.LuceneTestCase$LuceneTestCaseRunner.runChild(LuceneTestCase.java:1195)\n    [junit] \tat org.junit.runners.ParentRunner$3.run(ParentRunner.java:193)\n    [junit] \tat org.junit.runners.ParentRunner$1.schedule(ParentRunner.java:52)\n    [junit] \tat org.junit.runners.ParentRunner.runChildren(ParentRunner.java:191)\n    [junit] \tat org.junit.runners.ParentRunner.access$000(ParentRunner.java:42)\n    [junit] \tat org.junit.runners.ParentRunner$2.evaluate(ParentRunner.java:184)\n    [junit] \tat org.junit.internal.runners.statements.RunBefores.evaluate(RunBefores.java:28)\n    [junit] \tat org.junit.internal.runners.statements.RunAfters.evaluate(RunAfters.java:31)\n    [junit] \tat org.junit.runners.ParentRunner.run(ParentRunner.java:236)\n    [junit] \tat junit.framework.JUnit4TestAdapter.run(JUnit4TestAdapter.java:39)\n    [junit] \tat org.apache.tools.ant.taskdefs.optional.junit.JUnitTestRunner.run(JUnitTestRunner.java:420)\n    [junit] \tat org.apache.tools.ant.taskdefs.optional.junit.JUnitTestRunner.launch(JUnitTestRunner.java:911)\n    [junit] \tat org.apache.tools.ant.taskdefs.optional.junit.JUnitTestRunner.main(JUnitTestRunner.java:768)\n    [junit] \n    [junit]   4 of 5: name=_3 docCount=10\n    [junit]     compound=false\n    [junit]     hasProx=true\n    [junit]     numFiles=8\n    [junit]     size (MB)=0\n    [junit]     diagnostics = {os=Linux, os.version=2.6.38-10-generic, source=flush, lucene.version=3.4-SNAPSHOT, os.arch=amd64, java.version=1.6.0_24, java.vendor=Sun Microsystems Inc.}\n    [junit]     no deletions\n    [junit]     test: open reader.........OK\n    [junit]     test: fields..............OK [2 fields]\n    [junit]     test: field norms.........OK [2 fields]\n    [junit]     test: terms, freq, prox...OK [11 terms; 20 terms/docs pairs; 20 tokens]\n    [junit]     test: stored fields.......OK [10 total field count; avg 1 fields per doc]\n    [junit]     test: term vectors........OK [0 total vector count; avg 0 term/freq vector fields per doc]\n    [junit] \n    [junit]   5 of 5: name=_4 docCount=5\n    [junit]     compound=false\n    [junit]     hasProx=true\n    [junit]     numFiles=8\n    [junit]     size (MB)=0\n    [junit]     diagnostics = {os=Linux, os.version=2.6.38-10-generic, source=flush, lucene.version=3.4-SNAPSHOT, os.arch=amd64, java.version=1.6.0_24, java.vendor=Sun Microsystems Inc.}\n    [junit]     no deletions\n    [junit]     test: open reader.........OK\n    [junit]     test: fields..............OK [2 fields]\n    [junit]     test: field norms.........OK [2 fields]\n    [junit]     test: terms, freq, prox...OK [6 terms; 10 terms/docs pairs; 10 tokens]\n    [junit]     test: stored fields.......OK [5 total field count; avg 1 fields per doc]\n    [junit]     test: term vectors........OK [0 total vector count; avg 0 term/freq vector fields per doc]\n    [junit] \n    [junit] WARNING: 1 broken segments (containing 10 documents) detected\n    [junit] \n    [junit] ------------- ---------------- ---------------\n    [junit] ------------- Standard Error -----------------\n    [junit] NOTE: reproduce with: ant test -Dtestcase=TestIndexFileDeleter -Dtestmethod=testDeleteLeftoverFiles -Dtests.seed=7631088157098800527:4270221915205524915\n    [junit] NOTE: test params are: locale=no_NO_NY, timezone=America/Ensenada\n    [junit] NOTE: all tests run in this JVM:\n    [junit] [TestIndexFileDeleter]\n    [junit] NOTE: Linux 2.6.38-10-generic amd64/Sun Microsystems Inc. 1.6.0_24 (64-bit)/cpus=8,threads=1,free=236439224,total=252248064\n    [junit] ------------- ---------------- ---------------\n    [junit] Testcase: testDeleteLeftoverFiles(org.apache.lucene.index.TestIndexFileDeleter):\tCaused an ERROR\n    [junit] CheckIndex failed\n    [junit] java.lang.RuntimeException: CheckIndex failed\n    [junit] \tat org.apache.lucene.util._TestUtil.checkIndex(_TestUtil.java:150)\n    [junit] \tat org.apache.lucene.store.MockDirectoryWrapper.close(MockDirectoryWrapper.java:481)\n    [junit] \tat org.apache.lucene.index.TestIndexFileDeleter.testDeleteLeftoverFiles(TestIndexFileDeleter.java:165)\n    [junit] \tat org.apache.lucene.util.LuceneTestCase$LuceneTestCaseRunner.runChild(LuceneTestCase.java:1277)\n    [junit] \tat org.apache.lucene.util.LuceneTestCase$LuceneTestCaseRunner.runChild(LuceneTestCase.java:1195)\n    [junit] \n    [junit] \n    [junit] Test org.apache.lucene.index.TestIndexFileDeleter FAILED\n\nBUILD FAILED\n{noformat}",
            "date": "2011-08-22T16:13:13.825+0000",
            "id": 0
        }
    ],
    "component": "",
    "description": "found on 3.x\n\n{noformat}\nant test-tag -Dtestcase=TestIndexFileDeleter -Dtestmethod=testDeleteLeftoverFiles -Dtests.seed=7631088157098800527:4270221915205524915\n{noformat}",
    "hasPatch": false,
    "hasScreenshot": false,
    "id": "LUCENE-3394",
    "issuetypeClassified": "BUG",
    "issuetypeTracker": "BUG",
    "priority": "Major",
    "product": "LUCENE",
    "project": "LUCENE",
    "summary": "TestIndexFileDeleter checkIndex fail",
    "systemSpecification": true,
    "version": "3.4"
}