{
    "comments": [
        {
            "author": "Michael McCandless",
            "body": "We hit this same issue in TestCachingWrapperFilter... I forgot to fix TestCachingSpanFilter too. Will fix shortly.",
            "date": "2010-10-01T20:14:21.381+0000",
            "id": 0
        },
        {
            "author": "Simon Willnauer",
            "body": "awesome - thanks mike",
            "date": "2010-10-02T05:26:36.703+0000",
            "id": 1
        },
        {
            "author": "Grant Ingersoll",
            "body": "Bulk close for 3.1",
            "date": "2011-03-30T15:50:28.580+0000",
            "id": 2
        }
    ],
    "component": "core/search",
    "description": "if I run \n{noformat} \nant test -Dtestcase=TestCachingSpanFilter -Dtestmethod=testEnforceDeletions -Dtests.seed=5015158121350221714:-3342860915127740146 -Dtests.iter=100\n{noformat} \n\nI get two failures on my machine against current trunk\n{noformat} \n\njunit-sequential:\n    [junit] Testsuite: org.apache.lucene.search.TestCachingSpanFilter\n    [junit] Testcase: testEnforceDeletions(org.apache.lucene.search.TestCachingSpanFilter):\tFAILED\n    [junit] expected:<2> but was:<3>\n    [junit] junit.framework.AssertionFailedError: expected:<2> but was:<3>\n    [junit] \tat org.apache.lucene.util.LuceneTestCase$LuceneTestCaseRunner.runChild(LuceneTestCase.java:795)\n    [junit] \tat org.apache.lucene.util.LuceneTestCase$LuceneTestCaseRunner.runChild(LuceneTestCase.java:768)\n    [junit] \tat org.apache.lucene.search.TestCachingSpanFilter.testEnforceDeletions(TestCachingSpanFilter.java:101)\n    [junit] \n    [junit] \n    [junit] Testcase: testEnforceDeletions(org.apache.lucene.search.TestCachingSpanFilter):\tFAILED\n    [junit] expected:<2> but was:<3>\n    [junit] junit.framework.AssertionFailedError: expected:<2> but was:<3>\n    [junit] \tat org.apache.lucene.util.LuceneTestCase$LuceneTestCaseRunner.runChild(LuceneTestCase.java:795)\n    [junit] \tat org.apache.lucene.util.LuceneTestCase$LuceneTestCaseRunner.runChild(LuceneTestCase.java:768)\n    [junit] \tat org.apache.lucene.search.TestCachingSpanFilter.testEnforceDeletions(TestCachingSpanFilter.java:101)\n    [junit] \n    [junit] \n    [junit] Tests run: 100, Failures: 2, Errors: 0, Time elapsed: 2.297 sec\n    [junit] \n    [junit] ------------- Standard Output ---------------\n    [junit] NOTE: reproduce with: ant test -Dtestcase=TestCachingSpanFilter -Dtestmethod=testEnforceDeletions -Dtests.seed=5015158121350221714:-3342860915127740146\n    [junit] NOTE: reproduce with: ant test -Dtestcase=TestCachingSpanFilter -Dtestmethod=testEnforceDeletions -Dtests.seed=5015158121350221714:-3342860915127740146\n    [junit] NOTE: test params are: codec=MockVariableIntBlock(baseBlockSize=43), locale=fr, timezone=Africa/Bangui\n    [junit] ------------- ---------------- ---------------\n    [junit] Test org.apache.lucene.search.TestCachingSpanFilter FAILED\n{noformat}\n\nnot sure what it is but it seems likely to be a WeakRef / GC issue in the cache. ",
    "hasPatch": false,
    "hasScreenshot": false,
    "id": "LUCENE-2678",
    "issuetypeClassified": "OTHER",
    "issuetypeTracker": "OTHER",
    "priority": "Minor",
    "product": "LUCENE",
    "project": "LUCENE",
    "summary": "TestCachingSpanFilter sometimes fails",
    "systemSpecification": true,
    "version": ""
}