{
    "comments": [
        {
            "author": "Michael McCandless",
            "body": "Patch.\n\nThere was one test bug here (the test wasn't ignoring a FNFE, which can happen if you close(false) an IW while other threads are still doing stuff), but there were also spooky cases that could in fact corrupt your index!!",
            "date": "2011-06-08T21:05:18.408+0000",
            "id": 0
        },
        {
            "author": "Robert Muir",
            "body": "bulk close for 3.3",
            "date": "2011-07-02T02:40:11.681+0000",
            "id": 1
        }
    ],
    "component": "",
    "description": "trunk: r1133385\n\n{code}\n    [junit] Testsuite: org.apache.lucene.index.TestAddIndexes\n    [junit] Tests run: 2843, Failures: 1, Errors: 0, Time elapsed: 137.121 sec\n    [junit]\n    [junit] ------------- Standard Output ---------------\n    [junit] java.io.FileNotFoundException: _cy.fdx\n    [junit]     at org.apache.lucene.store.RAMDirectory.fileLength(RAMDirectory.java:121)\n    [junit]     at org.apache.lucene.store.MockDirectoryWrapper.fileLength(MockDirectoryWrapper.java:606)\n    [junit]     at org.apache.lucene.index.SegmentInfo.sizeInBytes(SegmentInfo.java:294)\n    [junit]     at org.apache.lucene.index.TieredMergePolicy.size(TieredMergePolicy.java:633)\n    [junit]     at org.apache.lucene.index.TieredMergePolicy.useCompoundFile(TieredMergePolicy.java:611)\n    [junit]     at org.apache.lucene.index.IndexWriter.addIndexes(IndexWriter.java:2459)\n    [junit]     at org.apache.lucene.index.TestAddIndexes$CommitAndAddIndexes3.doBody(TestAddIndexes.java:847)\n    [junit]     at org.apache.lucene.index.TestAddIndexes$RunAddIndexesThreads$1.run(TestAddIndexes.java:675)\n    [junit] java.io.FileNotFoundException: _cx.fdx\n    [junit]     at org.apache.lucene.store.RAMDirectory.fileLength(RAMDirectory.java:121)\n    [junit]     at org.apache.lucene.store.MockDirectoryWrapper.fileLength(MockDirectoryWrapper.java:606)\n    [junit]     at org.apache.lucene.index.SegmentInfo.sizeInBytes(SegmentInfo.java:294)\n    [junit]     at org.apache.lucene.index.TieredMergePolicy.size(TieredMergePolicy.java:633)\n    [junit]     at org.apache.lucene.index.TieredMergePolicy.useCompoundFile(TieredMergePolicy.java:611)\n    [junit]     at org.apache.lucene.index.IndexWriter.addIndexes(IndexWriter.java:2459)\n    [junit]     at org.apache.lucene.index.TestAddIndexes$CommitAndAddIndexes3.doBody(TestAddIndexes.java:847)\n    [junit]     at org.apache.lucene.index.TestAddIndexes$RunAddIndexesThreads$1.run(TestAddIndexes.java:675)\n    [junit] ------------- ---------------- ---------------\n    [junit] ------------- Standard Error -----------------\n    [junit] NOTE: reproduce with: ant test -Dtestcase=TestAddIndexes -Dtestmethod=testAddIndexesWithRollback -Dtests.seed=9026722750295014952:2645762923088581043 -Dtests.multiplier=3\n    [junit] NOTE: test params are: codec=RandomCodecProvider: {id=SimpleText, content=SimpleText, d=MockRandom, c=SimpleText}, locale=fr, timezone=Africa/Kigali\n    [junit] NOTE: all tests run in this JVM:\n    [junit] [TestAddIndexes]\n    [junit] NOTE: Linux 2.6.39-gentoo amd64/Sun Microsystems Inc. 1.6.0_25 (64-bit)/cpus=8,threads=1,free=68050392,total=446234624\n    [junit] ------------- ---------------- ---------------\n    [junit] Testcase: testAddIndexesWithRollback(org.apache.lucene.index.TestAddIndexes):       FAILED\n    [junit]\n    [junit] junit.framework.AssertionFailedError:\n    [junit]     at org.apache.lucene.index.TestAddIndexes.testAddIndexesWithRollback(TestAddIndexes.java:932)\n    [junit]     at org.apache.lucene.util.LuceneTestCase$LuceneTestCaseRunner.runChild(LuceneTestCase.java:1362)\n    [junit]     at org.apache.lucene.util.LuceneTestCase$LuceneTestCaseRunner.runChild(LuceneTestCase.java:1280)\n    [junit]\n    [junit]\n    [junit] Test org.apache.lucene.index.TestAddIndexes FAILED\n{code}\n\n\nFails randomly in my while(1) test run, and Fails after a few min of running: \n{code}\nant test -Dtestcase=TestAddIndexes -Dtests.seed=9026722750295014952:2645762923088581043 -Dtests.multiplier=3 -Dtests.iter=200 -Dtests.iter.min=1\n{code}",
    "hasPatch": true,
    "hasScreenshot": false,
    "id": "LUCENE-3182",
    "issuetypeClassified": "BUG",
    "issuetypeTracker": "BUG",
    "priority": "Major",
    "product": "LUCENE",
    "project": "LUCENE",
    "summary": "TestAddIndexes reproducible test failure on turnk",
    "systemSpecification": true,
    "version": ""
}