{
    "comments": [
        {
            "author": "Michael McCandless",
            "body": "OK I think this is just a thread safety issue on RAMFile.\n\nThat class has these comments:\n\n  // Only one writing stream with no concurrent reading streams, so no file synchronization required\n\n  // Direct read-only access to state supported for streams since a writing stream implies no other concurrent streams\n\nwhich were true before lockless commits but after lockless commits are\nnot true, specifically for the segments_N and segments.gen files.\n\nI think this fix is to make \"ArrayList buffers\" private (it's package\nprivate now), add methods to get a buffer & get the number of buffers,\nand make sure all methods that access \"buffers\" are synchronized.\n",
            "date": "2007-11-27T16:11:01.584+0000",
            "id": 0
        },
        {
            "author": "Michael McCandless",
            "body": "Attached patch.  All tests pass. I plan to commit in a day or two.\n\nWith this fix I can't get the test to fail after running 90+ times on\nthe MacPro quad.\n",
            "date": "2007-11-27T16:16:57.897+0000",
            "id": 1
        },
        {
            "author": "Yonik Seeley",
            "body": "Looks good, +1",
            "date": "2007-11-27T16:42:04.783+0000",
            "id": 2
        },
        {
            "author": "Michael McCandless",
            "body": "Thanks for the review Yonik!  I'll commit shortly.",
            "date": "2007-11-27T16:48:51.334+0000",
            "id": 3
        },
        {
            "author": "Michael McCandless",
            "body": "I just committed this.  Thanks Grant for catching this.",
            "date": "2007-11-27T17:02:33.782+0000",
            "id": 4
        }
    ],
    "component": "",
    "description": "See http://www.gossamer-threads.com/lists/lucene/java-dev/55092 copied below:\n\n OK, I have seen this twice in the last two days:\nTestsuite: org.apache.lucene.index.TestStressIndexing\n[junit] Tests run: 1, Failures: 1, Errors: 0, Time elapsed: 18.58\nsec\n[junit]\n[junit] ------------- Standard Output ---------------\n[junit] java.lang.NullPointerException\n[junit] at\norg.apache.lucene.store.RAMInputStream.readByte(RAMInputStream.java:67)\n[junit] at\norg.apache.lucene.store.IndexInput.readInt(IndexInput.java:66)\n[junit] at org.apache.lucene.index.SegmentInfos\n$FindSegmentsFile.run(SegmentInfos.java:544)\n[junit] at\norg\n.apache\n.lucene.index.DirectoryIndexReader.open(DirectoryIndexReader.java:63)\n[junit] at\norg.apache.lucene.index.IndexReader.open(IndexReader.java:209)\n[junit] at\norg.apache.lucene.index.IndexReader.open(IndexReader.java:192)\n[junit] at\norg.apache.lucene.search.IndexSearcher.<init>(IndexSearcher.java:56)\n[junit] at org.apache.lucene.index.TestStressIndexing\n$SearcherThread.doWork(TestStressIndexing.java:111)\n[junit] at org.apache.lucene.index.TestStressIndexing\n$TimedThread.run(TestStressIndexing.java:55)\n[junit] ------------- ---------------- ---------------\n[junit] Testcase:\ntestStressIndexAndSearching\n(org.apache.lucene.index.TestStressIndexing): FAILED\n[junit] hit unexpected exception in search1\n[junit] junit.framework.AssertionFailedError: hit unexpected\nexception in search1\n[junit] at\norg\n.apache\n.lucene.index.TestStressIndexing.runStressTest(TestStressIndexing.java:\n159)\n[junit] at\norg\n.apache\n.lucene\n.index\n.TestStressIndexing\n.testStressIndexAndSearching(TestStressIndexing.java:187)\n[junit]\n[junit]\n[junit] Test org.apache.lucene.index.TestStressIndexing FAILED\n\nSubsequent runs have, however passed. Has anyone else hit this on\ntrunk?\n\nI am running using \"ant clean test\"\n\nI'm on a Mac Pro 4 core, 4GB machine, if that helps at all. Not sure\nhow to reproduce at this point, but strikes me as a threading issue.\nOh joy!\n\nI'll try to investigate more tomorrow to see if I can dream up a test\ncase.\n\n-Grant \n\n",
    "hasPatch": true,
    "hasScreenshot": false,
    "id": "LUCENE-1067",
    "issuetypeClassified": "BUG",
    "issuetypeTracker": "BUG",
    "priority": "Minor",
    "product": "LUCENE",
    "project": "LUCENE",
    "summary": "TestStressIndexing has intermittent failures",
    "systemSpecification": true,
    "version": ""
}