{
    "comments": [
        {
            "author": "Michael McCandless",
            "body": "Hmm I can't reproduce this, neither w/ that seed nor w/ the while1 tester.  Not good that we have a repro bug.\n\nThat assertion trip means that the mock-failure the test tries to throw failed to throw.\n\nAlso, what's up w/ the additional CMS unhandled exc failure?  You don't see any other exceptions printed for CMS threads?\n\nI just committed some verbosity -- can you make a failure happen w/ -Dtests.verbose=true and post the output?",
            "date": "2010-12-13T18:01:49.072+0000",
            "id": 0
        },
        {
            "author": "Robert Muir",
            "body": "we should dig deeper. i reproduced trivially on the mac.\n\ni tried windows 32bit, 64bit, linux 32bit, all with 500 iterations, this test never fails.\n\nfirst try on the mac: boom\n\nDarwin new-host.home 10.4.0 Darwin Kernel Version 10.4.0: Fri Apr 23 18:28:53 PDT 2010; root:xnu-1504.7.4~1/RELEASE_I386 i386 i386\nJava(TM) SE Runtime Environment (build 1.6.0_20-b02-279-10M3065)\nJava HotSpot(TM) 64-Bit Server VM (build 16.3-b01-279, mixed mode)\n",
            "date": "2010-12-13T18:37:44.375+0000",
            "id": 1
        },
        {
            "author": "Robert Muir",
            "body": "output with -Dtests.verbose=true",
            "date": "2010-12-13T18:45:34.383+0000",
            "id": 2
        },
        {
            "author": "Michael McCandless",
            "body": "OK thanks for the output Robert.\n\nIt's a test bug -- the mock failure was throwing into a merge thread instead of the main thread.  Can you try the attached patch?",
            "date": "2010-12-13T18:56:49.104+0000",
            "id": 3
        },
        {
            "author": "Robert Muir",
            "body": "Patch works here, i tried 100 times with Simon's seed, then 100 times normally... no problems.",
            "date": "2010-12-13T19:03:57.101+0000",
            "id": 4
        },
        {
            "author": "Michael McCandless",
            "body": "Test only bug.",
            "date": "2010-12-13T19:06:24.456+0000",
            "id": 5
        },
        {
            "author": "Simon Willnauer",
            "body": "bq. i tried windows 32bit, 64bit, linux 32bit, all with 500 iterations, this test never fails.\nweird thing - I was just gonna dig deeper but you fixed it already :) thanks mike & robert...\n\nsimon",
            "date": "2010-12-13T22:44:14.807+0000",
            "id": 6
        },
        {
            "author": "Grant Ingersoll",
            "body": "Bulk close for 3.1",
            "date": "2011-03-30T15:50:12.005+0000",
            "id": 7
        }
    ],
    "component": "",
    "description": "10 out of 9 runs with that see fail on my trunk:\n\nant test-core -Dtestcase=TestIndexWriterDelete -Dtestmethod=testErrorAfterApplyDeletes -Dtests.seed=4269712067829708991:1888184886355172227 -Dtests.codec=randomPerField\n\n\nwith this result:\n\n{code}\n\njunit-sequential:\n    [junit] Testsuite: org.apache.lucene.index.TestIndexWriterDelete\n    [junit] Tests run: 1, Failures: 2, Errors: 0, Time elapsed: 1.725 sec\n    [junit] \n    [junit] ------------- Standard Output ---------------\n    [junit] NOTE: reproduce with: ant test -Dtestcase=TestIndexWriterDelete -Dtestmethod=testErrorAfterApplyDeletes -Dtests.seed=4269712067829708991:1888184886355172227 -Dtests.codec=randomPerField\n    [junit] NOTE: test params are: codec=RandomCodecProvider: {id=Standard, contents=SimpleText, city=MockSep}, locale=ar_QA, timezone=VST\n    [junit] ------------- ---------------- ---------------\n    [junit] ------------- Standard Error -----------------\n    [junit] NOTE: all tests run in this JVM:\n    [junit] [TestIndexWriterDelete]\n    [junit] ------------- ---------------- ---------------\n    [junit] Testcase: testErrorAfterApplyDeletes(org.apache.lucene.index.TestIndexWriterDelete):\tFAILED\n    [junit] \n    [junit] junit.framework.AssertionFailedError: \n    [junit] \tat org.apache.lucene.index.TestIndexWriterDelete.testErrorAfterApplyDeletes(TestIndexWriterDelete.java:736)\n    [junit] \tat org.apache.lucene.util.LuceneTestCase$LuceneTestCaseRunner.runChild(LuceneTestCase.java:1043)\n    [junit] \tat org.apache.lucene.util.LuceneTestCase$LuceneTestCaseRunner.runChild(LuceneTestCase.java:981)\n    [junit] \n    [junit] \n    [junit] Testcase: testErrorAfterApplyDeletes(org.apache.lucene.index.TestIndexWriterDelete):\tFAILED\n    [junit] ConcurrentMergeScheduler hit unhandled exceptions\n    [junit] junit.framework.AssertionFailedError: ConcurrentMergeScheduler hit unhandled exceptions\n    [junit] \tat org.apache.lucene.util.LuceneTestCase.tearDown(LuceneTestCase.java:503)\n    [junit] \tat org.apache.lucene.util.LuceneTestCase$LuceneTestCaseRunner.runChild(LuceneTestCase.java:1043)\n    [junit] \tat org.apache.lucene.util.LuceneTestCase$LuceneTestCaseRunner.runChild(LuceneTestCase.java:981)\n    [junit] \n    [junit] \n    [junit] Test org.apache.lucene.index.TestIndexWriterDelete FAILED\n{code}",
    "hasPatch": true,
    "hasScreenshot": false,
    "id": "LUCENE-2813",
    "issuetypeClassified": "BUG",
    "issuetypeTracker": "BUG",
    "priority": "Major",
    "product": "LUCENE",
    "project": "LUCENE",
    "summary": "TestIndexWriterDelete fails randomly",
    "systemSpecification": true,
    "version": "4.0-ALPHA"
}