{
    "comments": [
        {
            "author": "Simon Willnauer",
            "body": "thanks selckin, I will dig",
            "date": "2011-06-04T06:23:06.310+0000",
            "id": 0
        },
        {
            "author": "Simon Willnauer",
            "body": "Fixed in rev. 1131367  thanks selckin",
            "date": "2011-06-04T10:30:39.578+0000",
            "id": 1
        }
    ],
    "component": "",
    "description": "docvalues branch: r1131275\n\n{code}\n    [junit] Testsuite: org.apache.lucene.index.values.TestDocValuesIndexing\n    [junit] Tests run: 1, Failures: 1, Errors: 0, Time elapsed: 0.81 sec\n    [junit] \n    [junit] ------------- Standard Error -----------------\n    [junit] NOTE: reproduce with: ant test -Dtestcase=TestDocValuesIndexing -Dtestmethod=testAddIndexes -Dtests.seed=-3253978684351194958:-8331223747763543724\n    [junit] NOTE: test params are: codec=RandomCodecProvider: {id=Standard, BYTES_VAR_STRAIGHT=Pulsing(freqCutoff=12), BYTES_FIXED_SORTED=MockRandom}, locale=es_MX, timezone=Pacific/Chatham\n    [junit] NOTE: all tests run in this JVM:\n    [junit] [TestDocValuesIndexing]\n    [junit] NOTE: Linux 2.6.39-gentoo amd64/Sun Microsystems Inc. 1.6.0_25 (64-bit)/cpus=8,threads=1,free=89168480,total=125632512\n    [junit] ------------- ---------------- ---------------\n    [junit] Testcase: testAddIndexes(org.apache.lucene.index.values.TestDocValuesIndexing):     FAILED\n    [junit] [first=BYTES_FIXED_SORTED, second=BYTES_VAR_STRAIGHT] expected:<9> but was:<10>\n    [junit] junit.framework.AssertionFailedError: [first=BYTES_FIXED_SORTED, second=BYTES_VAR_STRAIGHT] expected:<9> but was:<10>\n    [junit]     at org.apache.lucene.index.values.TestDocValuesIndexing.testAddIndexes(TestDocValuesIndexing.java:208)\n    [junit]     at org.apache.lucene.util.LuceneTestCase$LuceneTestCaseRunner.runChild(LuceneTestCase.java:1348)\n    [junit]     at org.apache.lucene.util.LuceneTestCase$LuceneTestCaseRunner.runChild(LuceneTestCase.java:1266)\n    [junit] \n    [junit] \n    [junit] Test org.apache.lucene.index.values.TestDocValuesIndexing FAILED\n{code}",
    "hasPatch": false,
    "hasScreenshot": false,
    "id": "LUCENE-3170",
    "issuetypeClassified": "BUG",
    "issuetypeTracker": "BUG",
    "priority": "Major",
    "product": "LUCENE",
    "project": "LUCENE",
    "summary": "TestDocValuesIndexing reproducible  test failure",
    "systemSpecification": true,
    "version": ""
}