{
    "comments": [
        {
            "author": "Robert Muir",
            "body": "Hmm good find: maybe DefaultSimilarity's explain() should be more carefully implemented so that order of operations is the same?\n\nDepending upon your implementation of queryNorm (RandomSimilarityProvider is disabling it in this situation), then the differences \nbetween score and explain due to floating point precision can be quite severe?",
            "date": "2011-10-01T01:06:26.513+0000",
            "id": 0
        },
        {
            "author": "Robert Muir",
            "body": "LUCENE-3480 changed up random seeds... sorry, i'm beasting this test for a new one :)",
            "date": "2011-10-01T01:12:01.323+0000",
            "id": 1
        },
        {
            "author": "Robert Muir",
            "body": "update description with seed value that works with trunk",
            "date": "2011-10-01T01:17:04.975+0000",
            "id": 2
        },
        {
            "author": "Robert Muir",
            "body": "here's one possible solution: rather than have a hardcoded floating point delta we can use a relative one for score vs. explain comparisons.",
            "date": "2011-10-01T01:36:19.181+0000",
            "id": 3
        },
        {
            "author": "Robert Muir",
            "body": "oops, apparently TestComplexExplanations tests some crazy queries that return negative scores... so this works better.",
            "date": "2011-10-01T01:39:28.478+0000",
            "id": 4
        },
        {
            "author": "selckin",
            "body": "probably no help but here's another seed that fails with current trunk:\n\nant test -Dtestcase=TestSimpleExplanations -Dtestmethod=testDMQ8 -Dtests.seed=fbca02f55c014c4:-30d3a78946a8c6e4:7b00fc6c23b3e9f",
            "date": "2011-10-03T13:05:24.182+0000",
            "id": 5
        },
        {
            "author": "Robert Muir",
            "body": "thanks mike, selckin for reporting these seeds.",
            "date": "2011-10-03T13:12:29.341+0000",
            "id": 6
        }
    ],
    "component": "core/search",
    "description": "{noformat}\nant test -Dtestcase=TestSimpleExplanations -Dtestmethod=testDMQ8 -Dtests.seed=-7e984babece66153:3e3298ae627b33a9:3093059db62bcc71\n{noformat}\n\nfails w/ this on current trunk... looks like silly floating point precision issue:\n\n{noformat}\n\n    [junit] Testsuite: org.apache.lucene.search.TestSimpleExplanations\n    [junit]   1.4508595 = (MATCH) sum of:\n    [junit]     1.4508595 = (MATCH) weight(field:yy in 2) [DefaultSimilarity], result of:\n    [junit]       1.4508595 = score(doc=2,freq=1.0 = termFreq=1\n    [junit] ), product of:\n    [junit]         1.287682 = queryWeight, product of:\n    [junit]           1.287682 = idf(docFreq=2, maxDocs=4)\n    [junit]           1.0 = queryNorm\n    [junit]         1.1267219 = fieldWeight in 2, product of:\n    [junit]           1.0 = tf(freq=1.0), with freq of:\n    [junit]             1.0 = termFreq=1\n    [junit]           1.287682 = idf(docFreq=2, maxDocs=4)\n    [junit]           0.875 = fieldNorm(doc=2)\n    [junit]   145085.95 = (MATCH) weight(field:xx^100000.0 in 2) [DefaultSimilarity], result of:\n    [junit]     145085.95 = score(doc=2,freq=1.0 = termFreq=1\n    [junit] ), product of:\n    [junit]       128768.2 = queryWeight, product of:\n    [junit]         100000.0 = boost\n    [junit]         1.287682 = idf(docFreq=2, maxDocs=4)\n    [junit]         1.0 = queryNorm\n    [junit]       1.1267219 = fieldWeight in 2, product of:\n    [junit]         1.0 = tf(freq=1.0), with freq of:\n    [junit]           1.0 = termFreq=1\n    [junit]         1.287682 = idf(docFreq=2, maxDocs=4)\n    [junit]         0.875 = fieldNorm(doc=2)\n    [junit]  expected:<145086.66> but was:<145086.69>)\n    [junit] Tests run: 1, Failures: 1, Errors: 0, Time elapsed: 0.544 sec\n    [junit] \n    [junit] ------------- Standard Error -----------------\n    [junit] NOTE: reproduce with: ant test -Dtestcase=TestSimpleExplanations -Dtestmethod=testDMQ8 -Dtests.seed=144152895b276837:eb7ba4953db943f:33373b79a971db02\n    [junit] NOTE: test params are: codec=PreFlex, sim=RandomSimilarityProvider(queryNorm=false,coord=false): {field=DefaultSimilarity, alt=DFR I(ne)LZ(0.3), KEY=IB LL-D2}, locale=en_IN, timezone=Pacific/Samoa\n    [junit] NOTE: all tests run in this JVM:\n    [junit] [TestSimpleExplanations]\n    [junit] NOTE: Linux 2.6.33.6-147.fc13.x86_64 amd64/Sun Microsystems Inc. 1.6.0_21 (64-bit)/cpus=24,threads=1,free=130426744,total=189988864\n    [junit] ------------- ---------------- ---------------\n    [junit] Testcase: testDMQ8(org.apache.lucene.search.TestSimpleExplanations):\tFAILED\n    [junit] ((field:yy field:w5^100.0) | field:xx^100000.0)~0.5: score(doc=2)=145086.66 != explanationScore=145086.69 Explanation: 145086.69 = (MATCH) max plus 0.5 times others of:\n    [junit]   1.4508595 = (MATCH) sum of:\n    [junit]     1.4508595 = (MATCH) weight(field:yy in 2) [DefaultSimilarity], result of:\n    [junit]       1.4508595 = score(doc=2,freq=1.0 = termFreq=1\n    [junit] ), product of:\n    [junit]         1.287682 = queryWeight, product of:\n    [junit]           1.287682 = idf(docFreq=2, maxDocs=4)\n    [junit]           1.0 = queryNorm\n    [junit]         1.1267219 = fieldWeight in 2, product of:\n    [junit]           1.0 = tf(freq=1.0), with freq of:\n    [junit]             1.0 = termFreq=1\n    [junit]           1.287682 = idf(docFreq=2, maxDocs=4)\n    [junit]           0.875 = fieldNorm(doc=2)\n    [junit]   145085.95 = (MATCH) weight(field:xx^100000.0 in 2) [DefaultSimilarity], result of:\n    [junit]     145085.95 = score(doc=2,freq=1.0 = termFreq=1\n    [junit] ), product of:\n    [junit]       128768.2 = queryWeight, product of:\n    [junit]         100000.0 = boost\n    [junit]         1.287682 = idf(docFreq=2, maxDocs=4)\n    [junit]         1.0 = queryNorm\n    [junit]       1.1267219 = fieldWeight in 2, product of:\n    [junit]         1.0 = tf(freq=1.0), with freq of:\n    [junit]           1.0 = termFreq=1\n    [junit]         1.287682 = idf(docFreq=2, maxDocs=4)\n    [junit]         0.875 = fieldNorm(doc=2)\n    [junit]  expected:<145086.66> but was:<145086.69>\n    [junit] junit.framework.AssertionFailedError: ((field:yy field:w5^100.0) | field:xx^100000.0)~0.5: score(doc=2)=145086.66 != explanationScore=145086.69 Explanation: 145086.69 = (MATCH) max plus 0.5 times others of:\n    [junit]   1.4508595 = (MATCH) sum of:\n    [junit]     1.4508595 = (MATCH) weight(field:yy in 2) [DefaultSimilarity], result of:\n    [junit]       1.4508595 = score(doc=2,freq=1.0 = termFreq=1\n    [junit] ), product of:\n    [junit]         1.287682 = queryWeight, product of:\n    [junit]           1.287682 = idf(docFreq=2, maxDocs=4)\n    [junit]           1.0 = queryNorm\n    [junit]         1.1267219 = fieldWeight in 2, product of:\n    [junit]           1.0 = tf(freq=1.0), with freq of:\n    [junit]             1.0 = termFreq=1\n    [junit]           1.287682 = idf(docFreq=2, maxDocs=4)\n    [junit]           0.875 = fieldNorm(doc=2)\n    [junit]   145085.95 = (MATCH) weight(field:xx^100000.0 in 2) [DefaultSimilarity], result of:\n    [junit]     145085.95 = score(doc=2,freq=1.0 = termFreq=1\n    [junit] ), product of:\n    [junit]       128768.2 = queryWeight, product of:\n    [junit]         100000.0 = boost\n    [junit]         1.287682 = idf(docFreq=2, maxDocs=4)\n    [junit]         1.0 = queryNorm\n    [junit]       1.1267219 = fieldWeight in 2, product of:\n    [junit]         1.0 = tf(freq=1.0), with freq of:\n    [junit]           1.0 = termFreq=1\n    [junit]         1.287682 = idf(docFreq=2, maxDocs=4)\n    [junit]         0.875 = fieldNorm(doc=2)\n    [junit]  expected:<145086.66> but was:<145086.69>\n    [junit] \tat org.apache.lucene.search.CheckHits.verifyExplanation(CheckHits.java:324)\n    [junit] \tat org.apache.lucene.search.CheckHits$ExplanationAsserter.collect(CheckHits.java:494)\n    [junit] \tat org.apache.lucene.search.Scorer.score(Scorer.java:60)\n    [junit] \tat org.apache.lucene.search.IndexSearcher.search(IndexSearcher.java:580)\n    [junit] \tat org.apache.lucene.search.IndexSearcher.search(IndexSearcher.java:363)\n    [junit] \tat org.apache.lucene.search.CheckHits.checkExplanations(CheckHits.java:302)\n    [junit] \tat org.apache.lucene.search.QueryUtils.checkExplanations(QueryUtils.java:92)\n    [junit] \tat org.apache.lucene.search.QueryUtils.check(QueryUtils.java:126)\n    [junit] \tat org.apache.lucene.search.QueryUtils.check(QueryUtils.java:122)\n    [junit] \tat org.apache.lucene.search.QueryUtils.check(QueryUtils.java:106)\n    [junit] \tat org.apache.lucene.search.CheckHits.checkHitCollector(CheckHits.java:89)\n    [junit] \tat org.apache.lucene.search.TestExplanations.qtest(TestExplanations.java:99)\n    [junit] \tat org.apache.lucene.search.TestSimpleExplanations.testDMQ8(TestSimpleExplanations.java:224)\n    [junit] \tat org.apache.lucene.util.LuceneTestCase$2$1.evaluate(LuceneTestCase.java:611)\n    [junit] \tat org.apache.lucene.util.LuceneTestCaseRunner.runChild(LuceneTestCaseRunner.java:148)\n    [junit] \tat org.apache.lucene.util.LuceneTestCaseRunner.runChild(LuceneTestCaseRunner.java:50)\n    [junit] \n    [junit] \n    [junit] Test org.apache.lucene.search.TestSimpleExplanations FAILED\n{noformat}",
    "hasPatch": true,
    "hasScreenshot": false,
    "id": "LUCENE-3478",
    "issuetypeClassified": "BUG",
    "issuetypeTracker": "BUG",
    "priority": "Major",
    "product": "LUCENE",
    "project": "LUCENE",
    "summary": "TestSimpleExplanations failure",
    "systemSpecification": true,
    "version": ""
}