{
    "comments": [
        {
            "author": "Robert Muir",
            "body": "Thanks Dawid: i'll take a look at this first chance i get (unless Mike beats me to it).\n\nThis looks scary: we've had bugs with 3.x's terms dict around emptyField+emptyTerm before. I hope its just a test bug.",
            "date": "2012-03-05T20:22:14.155+0000",
            "id": 0
        },
        {
            "author": "Dawid Weiss",
            "body": "I have a build that failed on this with the trunk as well.\n\n{noformat}\nTestsuite: org.apache.lucene.codecs.lucene3x.TestTermInfosReaderIndex\nbuild\t06-Mar-2012 02:00:19\t    [junit] Testcase: testSeekEnum(org.apache.lucene.codecs.lucene3x.TestTermInfosReaderIndex):\tFAILED\nbuild\t06-Mar-2012 02:00:19\t    [junit] expected:<field9:vifzlsx301lb> but was:<:>\nbuild\t06-Mar-2012 02:00:19\t    [junit] junit.framework.AssertionFailedError: expected:<field9:vifzlsx301lb> but was:<:>\nbuild\t06-Mar-2012 02:00:19\t    [junit] \tat org.apache.lucene.codecs.lucene3x.TestTermInfosReaderIndex.testSeekEnum(TestTermInfosReaderIndex.java:137)\nbuild\t06-Mar-2012 02:00:19\t    [junit] \tat org.apache.lucene.util.LuceneTestCase$SubclassSetupTeardownRule$1.evaluate(LuceneTestCase.java:736)\nbuild\t06-Mar-2012 02:00:19\t    [junit] \tat org.apache.lucene.util.LuceneTestCase$InternalSetupTeardownRule$1.evaluate(LuceneTestCase.java:632)\nbuild\t06-Mar-2012 02:00:19\t    [junit] \tat org.apache.lucene.util.SystemPropertiesInvariantRule$1.evaluate(SystemPropertiesInvariantRule.java:22)\nbuild\t06-Mar-2012 02:00:19\t    [junit] \tat org.apache.lucene.util.LuceneTestCase$TestResultInterceptorRule$1.evaluate(LuceneTestCase.java:531)\nbuild\t06-Mar-2012 02:00:19\t    [junit] \tat org.apache.lucene.util.LuceneTestCase$RememberThreadRule$1.evaluate(LuceneTestCase.java:593)\nbuild\t06-Mar-2012 02:00:19\t    [junit] \tat org.apache.lucene.util.LuceneTestCaseRunner.runChild(LuceneTestCaseRunner.java:165)\nbuild\t06-Mar-2012 02:00:19\t    [junit] \tat org.apache.lucene.util.LuceneTestCaseRunner.runChild(LuceneTestCaseRunner.java:57)\nbuild\t06-Mar-2012 02:00:19\t    [junit] \tat org.apache.lucene.util.SystemPropertiesInvariantRule$1.evaluate(SystemPropertiesInvariantRule.java:22)\nbuild\t06-Mar-2012 02:00:19\t    [junit] \nbuild\t06-Mar-2012 02:00:19\t    [junit] \nbuild\t06-Mar-2012 02:00:19\t    [junit] Tests run: 3, Failures: 1, Errors: 0, Time elapsed: 2.017 sec\nbuild\t06-Mar-2012 02:00:19\t    [junit] \nbuild\t06-Mar-2012 02:00:19\t    [junit] ------------- Standard Error -----------------\nbuild\t06-Mar-2012 02:00:19\t    [junit] NOTE: reproduce with: ant test -Dtestcase=TestTermInfosReaderIndex -Dtestmethod=testSeekEnum -Dtests.seed=-f25df3791460298:-695efbb1146e1fcc:-249645e649da7915 -Dargs=\"-Dfile.encoding=UTF-8\"\nbuild\t06-Mar-2012 02:00:19\t    [junit] NOTE: test params are: codec=Lucene40: {}, sim=RandomSimilarityProvider(queryNorm=false,coord=true): {}, locale=ro_RO, timezone=Europe/Kaliningrad\nbuild\t06-Mar-2012 02:00:19\t    [junit] NOTE: all tests run in this JVM:\nbuild\t06-Mar-2012 02:00:19\t    [junit] [TestMockAnalyzer, TestMockCharFilter, TestTermInfosReaderIndex]\nbuild\t06-Mar-2012 02:00:19\t    [junit] NOTE: Linux 2.6.32-38-server amd64/Sun Microsystems Inc. 1.6.0_20 (64-bit)/cpus=4,threads=1,free=106885096,total=157810688\nbuild\t06-Mar-2012 02:00:19\t    [junit] ------------- ---------------- ---------------\nbuild\t06-Mar-2012 02:00:19\t    [junit] TEST org.apache.lucene.codecs.lucene3x.TestTermInfosReaderIndex FAILED\n{noformat}",
            "date": "2012-03-06T07:32:37.363+0000",
            "id": 1
        },
        {
            "author": "Dawid Weiss",
            "body": "This is reproducible on trunk as well.",
            "date": "2012-03-06T07:34:06.526+0000",
            "id": 2
        },
        {
            "author": "Michael McCandless",
            "body": "I'm looking at this...",
            "date": "2012-03-06T11:22:03.124+0000",
            "id": 3
        },
        {
            "author": "Dawid Weiss",
            "body": "Thanks Mike. Let me know if you need anything (that I can help you with...).",
            "date": "2012-03-06T11:32:31.370+0000",
            "id": 4
        },
        {
            "author": "Michael McCandless",
            "body": "I committed a fix; it was a test bug: when the number of indexed terms was 0 mod termIndexInterval... the test incorrectly thought the last term would be an indexed term.\n\nI also added some missing asserts so the next time this happens the exceptions won't look so scary :)",
            "date": "2012-03-06T15:13:48.480+0000",
            "id": 5
        },
        {
            "author": "Robert Muir",
            "body": "Thanks Dawid/Mike... a lot less scarier than it could have been!",
            "date": "2012-03-06T15:18:40.802+0000",
            "id": 6
        },
        {
            "author": "Michael McCandless",
            "body": "Thanks Dawid!",
            "date": "2012-03-06T16:07:34.120+0000",
            "id": 7
        },
        {
            "author": "Dawid Weiss",
            "body": "Thanks Mike!",
            "date": "2012-03-06T19:30:14.020+0000",
            "id": 8
        }
    ],
    "component": "",
    "description": "Always fails on branch (use reproduce string below):\ngit clone --depth 1 -b rr git@github.com:dweiss/lucene_solr.git\n\n{noformat}\n[junit4] Running org.apache.lucene.codecs.lucene3x.TestTermInfosReaderIndex\n[junit4] FAILURE 0.04s J0 | TestTermInfosReaderIndex.testSeekEnum\n[junit4]    > Throwable #1: java.lang.AssertionError: expected:<field9:z91ob3wozm6d> but was:<:>\n[junit4]    > \tat __randomizedtesting.SeedInfo.seed([C7597DFBBE0B3D7D:C6D9CEDD0700AAFF]:0)\n[junit4]    > \tat org.junit.Assert.fail(Assert.java:93)\n[junit4]    > \tat org.junit.Assert.failNotEquals(Assert.java:647)\n[junit4]    > \tat org.junit.Assert.assertEquals(Assert.java:128)\n[junit4]    > \tat org.junit.Assert.assertEquals(Assert.java:147)\n[junit4]    > \tat org.apache.lucene.codecs.lucene3x.TestTermInfosReaderIndex.testSeekEnum(TestTermInfosReaderIndex.java:137)\n[junit4]    > \tat sun.reflect.NativeMethodAccessorImpl.invoke0(Native Method)\n[junit4]    > \tat sun.reflect.NativeMethodAccessorImpl.invoke(NativeMethodAccessorImpl.java:39)\n[junit4]    > \tat sun.reflect.DelegatingMethodAccessorImpl.invoke(DelegatingMethodAccessorImpl.java:25)\n[junit4]    > \tat java.lang.reflect.Method.invoke(Method.java:597)\n[junit4]    > \tat com.carrotsearch.randomizedtesting.RandomizedRunner.invoke(RandomizedRunner.java:1766)\n[junit4]    > \tat com.carrotsearch.randomizedtesting.RandomizedRunner.access$1000(RandomizedRunner.java:141)\n[junit4]    > \tat com.carrotsearch.randomizedtesting.RandomizedRunner$6.evaluate(RandomizedRunner.java:728)\n[junit4]    > \tat com.carrotsearch.randomizedtesting.RandomizedRunner$7.evaluate(RandomizedRunner.java:789)\n[junit4]    > \tat com.carrotsearch.randomizedtesting.RandomizedRunner$8.evaluate(RandomizedRunner.java:803)\n[junit4]    > \tat org.apache.lucene.util.LuceneTestCase$SubclassSetupTeardownRule$1.evaluate(LuceneTestCase.java:744)\n[junit4]    > \tat org.apache.lucene.util.LuceneTestCase$InternalSetupTeardownRule$1.evaluate(LuceneTestCase.java:636)\n[junit4]    > \tat org.apache.lucene.util.SystemPropertiesInvariantRule$1.evaluate(SystemPropertiesInvariantRule.java:22)\n[junit4]    > \tat org.apache.lucene.util.LuceneTestCase$TestResultInterceptorRule$1.evaluate(LuceneTestCase.java:550)\n[junit4]    > \tat org.apache.lucene.util.LuceneTestCase$RememberThreadRule$1.evaluate(LuceneTestCase.java:600)\n[junit4]    > \tat com.carrotsearch.randomizedtesting.RandomizedRunner.runSingleTest(RandomizedRunner.java:735)\n[junit4]    > \tat com.carrotsearch.randomizedtesting.RandomizedRunner.access$600(RandomizedRunner.java:141)\n[junit4]    > \tat com.carrotsearch.randomizedtesting.RandomizedRunner$3$1.run(RandomizedRunner.java:586)\n[junit4]    > \tat com.carrotsearch.randomizedtesting.RandomizedRunner$3.evaluate(RandomizedRunner.java:605)\n[junit4]    > \tat com.carrotsearch.randomizedtesting.RandomizedRunner$4.evaluate(RandomizedRunner.java:641)\n[junit4]    > \tat com.carrotsearch.randomizedtesting.RandomizedRunner$5.evaluate(RandomizedRunner.java:652)\n[junit4]    > \tat org.apache.lucene.util.SystemPropertiesInvariantRule$1.evaluate(SystemPropertiesInvariantRule.java:22)\n[junit4]    > \tat com.carrotsearch.randomizedtesting.RandomizedRunner.runSuite(RandomizedRunner.java:533)\n[junit4]    > \tat com.carrotsearch.randomizedtesting.RandomizedRunner.access$400(RandomizedRunner.java:141)\n[junit4]    > \tat com.carrotsearch.randomizedtesting.RandomizedRunner$2.run(RandomizedRunner.java:479)\n[junit4]    > \n[junit4]   2> NOTE: reproduce with: ant test -Dtests.filter=*.TestTermInfosReaderIndex -Dtests.filter.method=testSeekEnum -Drt.seed=C7597DFBBE0B3D7D -Dargs=\"-Dfile.encoding=UTF-8\"\n[junit4]   2>\n[junit4]    > (@AfterClass output)\n[junit4]   2> NOTE: test params are: codec=Appending, sim=DefaultSimilarity, locale=en, timezone=Atlantic/Stanley\n[junit4]   2> NOTE: all tests run in this JVM:\n[junit4]   2> [TestLock, TestFileSwitchDirectory, TestWildcardRandom, TestVersionComparator, TestTermdocPerf, TestBitVector, TestParallelTermEnum, TestSimpleSearchEquivalence, TestNumericRangeQuery64, TestSort, TestIsCurrent, TestToken, TestIntBlockCodec, TestDocumentsWriterDeleteQueue, TestPagedBytes, TestThreadedForceMerge, TestOmitTf, TestSegmentTermEnum, TestIndexWriterConfig, TestCheckIndex, TestTermVectorsWriter, TestNumericTokenStream, TestSearchAfter, TestRegexpQuery, InBeforeClass, InAfterClass, InTestMethod, NonStringProperties, TestIndexWriterMergePolicy, TestVirtualMethod, TestFieldCache, TestSurrogates, TestSegmentTermDocs, TestMultiValuedNumericRangeQuery, TestBasicOperations, TestCodecs, TestDateSort, TestPositiveScoresOnlyCollector, TestBooleanQuery, TestIndexInput, TestMinimize, TestNumericRangeQuery32, TestBoolean2, TestSloppyPhraseQuery, TestNoDeletionPolicy, TestFieldCacheTermsFilter, TestRandomStoredFields, TestDocBoost, TestTransactionRollback, TestUnicodeUtil, TestIndexWriterLockRelease, TestUTF32ToUTF8, TestFixedBitSet, TestDoubleBarrelLRUCache, TestTimeLimitingCollector, TestSpanFirstQuery, TestDirectory, TestSpansAdvanced2, TestConcurrentMergeScheduler, TestIndexWriterExceptions, TestDocValues, TestCustomNorms, TestFieldValueFilter, TestTermVectors, TestTermInfosReaderIndex]\n[junit4]   2> NOTE: Linux 2.6.32-38-server amd64/Sun Microsystems Inc. 1.6.0_20 (64-bit)/cpus=4,threads=1,free=100102360,total=243859456\n[junit4]   2> \n{noformat}",
    "hasPatch": false,
    "hasScreenshot": false,
    "id": "LUCENE-3851",
    "issuetypeClassified": "OTHER",
    "issuetypeTracker": "BUG",
    "priority": "Minor",
    "product": "LUCENE",
    "project": "LUCENE",
    "summary": "TestTermInfosReaderIndex failing (always reproducible)",
    "systemSpecification": true,
    "version": ""
}