{
    "comments": [
        {
            "author": "Shai Erera",
            "body": "I'm checking it",
            "date": "2010-10-23T12:27:47.188+0000",
            "id": 0
        },
        {
            "author": "Simon Willnauer",
            "body": "here is a patch",
            "date": "2010-10-23T12:33:32.011+0000",
            "id": 1
        },
        {
            "author": "Shai Erera",
            "body": "Found it - the randomness set maxBufferedDocs too small, so smaller segments were created than the test anticipated. I'll post an update soon.",
            "date": "2010-10-23T12:36:10.998+0000",
            "id": 2
        },
        {
            "author": "Shai Erera",
            "body": "Simon, looks like we were working on it in parallel :).\n\nThe patch you added only takes care of that particular test case. This patch ensures all test cases won't be hit by this randomness problem, by ensuring IWC is not configured to flush by num docs or small RAM buffer size.\n\nPatch is against 3x, I'll port to trunk after I commit.",
            "date": "2010-10-23T12:48:05.589+0000",
            "id": 3
        },
        {
            "author": "Simon Willnauer",
            "body": "LGTM :) thx",
            "date": "2010-10-23T13:10:15.637+0000",
            "id": 4
        },
        {
            "author": "Robert Muir",
            "body": "I don't like wiring this stuff for all tests.\n\nmost tests don't care",
            "date": "2010-10-23T13:12:09.607+0000",
            "id": 5
        },
        {
            "author": "Shai Erera",
            "body": "What do you mean? If maxBufDocs is set low enough (as in this case), the tests that rely on the segments size as committed by them would fail. In fact, all tests care - if I rely on a segment size to be 3, and set maxMergeDocs to 2, but because of randomness there were 2 segments of size 2 + 1, then the test would fail.",
            "date": "2010-10-23T13:20:50.328+0000",
            "id": 6
        },
        {
            "author": "Shai Erera",
            "body": "Committed revision 1026614 (3x).\nCommitted revision 1026615 (trunk).",
            "date": "2010-10-23T13:21:59.582+0000",
            "id": 7
        },
        {
            "author": "Robert Muir",
            "body": "I don't think my comment was ambiguous.\n\nmost tests don't care about this stuff",
            "date": "2010-10-23T16:49:28.876+0000",
            "id": 8
        },
        {
            "author": "Shai Erera",
            "body": "What do you mean by 'most test'? Most test classes in Lucene, or most test cases in TestSizeBoundedOptimize? The test cases in the latter (where this 'wiring' was done) do care.",
            "date": "2010-10-23T16:55:12.227+0000",
            "id": 9
        },
        {
            "author": "Grant Ingersoll",
            "body": "Bulk close for 3.1",
            "date": "2011-03-30T15:50:28.433+0000",
            "id": 10
        }
    ],
    "component": "core/index",
    "description": "I am seeing this on trunk  \n\n{noformat}\n\n[junit] Testsuite: org.apache.lucene.index.TestSizeBoundedOptimize\n    [junit] Testcase: testFirstSegmentTooLarge(org.apache.lucene.index.TestSizeBoundedOptimize):\tFAILED\n    [junit] expected:<2> but was:<1>\n    [junit] junit.framework.AssertionFailedError: expected:<2> but was:<1>\n    [junit] \tat org.apache.lucene.util.LuceneTestCase$LuceneTestCaseRunner.runChild(LuceneTestCase.java:882)\n    [junit] \tat org.apache.lucene.util.LuceneTestCase$LuceneTestCaseRunner.runChild(LuceneTestCase.java:848)\n    [junit] \tat org.apache.lucene.index.TestSizeBoundedOptimize.testFirstSegmentTooLarge(TestSizeBoundedOptimize.java:160)\n    [junit] \n    [junit] \n    [junit] Tests run: 1, Failures: 1, Errors: 0, Time elapsed: 0.658 sec\n    [junit] \n    [junit] ------------- Standard Output ---------------\n    [junit] NOTE: reproduce with: ant test -Dtestcase=TestSizeBoundedOptimize -Dtestmethod=testFirstSegmentTooLarge -Dtests.seed=7354441978302993522:-457602792543755447 -Dtests.multiplier=3\n    [junit] NOTE: test params are: codec=Standard, locale=sv_SE, timezone=Mexico/BajaNorte\n    [junit] ------------- ---------------- ---------------\n    [junit] ------------- Standard Error -----------------\n    [junit] NOTE: all tests run in this JVM:\n    [junit] [TestSizeBoundedOptimize]\n    [junit] ------------- ---------------- ---------------\n    [junit] Test org.apache.lucene.index.TestSizeBoundedOptimize FAILED\n{noformat}\n\nwhen running with this seed\nant test -Dtestcase=TestSizeBoundedOptimize -Dtestmethod=testFirstSegmentTooLarge -Dtests.seed=7354441978302993522:-457602792543755447 -Dtests.multiplier=3",
    "hasPatch": true,
    "hasScreenshot": false,
    "id": "LUCENE-2721",
    "issuetypeClassified": "OTHER",
    "issuetypeTracker": "OTHER",
    "priority": "Major",
    "product": "LUCENE",
    "project": "LUCENE",
    "summary": "Random Failure TestSizeBoundedOptimize#testFirstSegmentTooLarge",
    "systemSpecification": true,
    "version": "4.0-ALPHA, CSF branch"
}