{
    "comments": [
        {
            "author": "Robert Muir",
            "body": "here's a patch that always dumps the entire stack.\n\nalternatively, maybe we only dump the entire stack on VERBOSE=true, but otherwise use something more brief such as:\n\n{noformat}\n     [junit] ------------- Standard Error ---------------\n     [junit] NOTE: testStreamURL Assume failed (ignored):\n     [junit]     got: <java.io.FileNotFoundException: http://www.apdfgdfgache.org/dist/lucene/solr/>, expected: null\n     [junit] ------------- ---------------- ---------------\n{noformat}\n\n(printing e.getMessage() instead of dumping stack)\n",
            "date": "2010-10-15T15:12:54.137+0000",
            "id": 0
        },
        {
            "author": "Robert Muir",
            "body": "I committed this to revision 1023009, 1023016 (3x)\n\nwe can reopen to customize how it looks, but really these assumes are rare (jvm bug, network connection, etc)\n",
            "date": "2010-10-15T16:56:51.091+0000",
            "id": 1
        },
        {
            "author": "Uwe Schindler",
            "body": "I have a better impl with nice messages.",
            "date": "2010-10-16T13:00:08.896+0000",
            "id": 2
        },
        {
            "author": "Robert Muir",
            "body": "This is great, now we can add messages to all these assumes... this is a real limitation in the junit API.\n\nI'll update the patch with messages added to all assumes",
            "date": "2010-10-16T13:08:03.197+0000",
            "id": 3
        },
        {
            "author": "Robert Muir",
            "body": "I updated all assumes to use the new methods, and added messages, it looks very nice:\n\nWithout VERBOSE:\n{noformat}\n    [junit] Testsuite: org.apache.lucene.index.TestLazyProxSkipping\n    [junit] Tests run: 2, Failures: 0, Errors: 0, Time elapsed: 0.016 sec\n    [junit]\n    [junit] ------------- Standard Error -----------------\n    [junit] NOTE: Assume failed in 'testLazySkipping' (ignored): This test cannot run with SimpleText codec\n    [junit] ------------- ---------------- ---------------\n{noformat}\n\nWith VERBOSE:\n{noformat}\n    [junit] Testsuite: org.apache.lucene.index.TestLazyProxSkipping\n    [junit] Tests run: 2, Failures: 0, Errors: 0, Time elapsed: 0.796 sec\n    [junit]\n    [junit] ------------- Standard Error -----------------\n    [junit] NOTE: Assume failed in 'testLazySkipping' (ignored):\n    [junit] org.apache.lucene.util.LuceneTestCase$TestIgnoredException: This test cannot run with SimpleText codec\n    [junit]     at org.apache.lucene.util.LuceneTestCase.assumeTrue(LuceneTestCase.java:575)\n    [junit]     at org.apache.lucene.util.LuceneTestCase.assumeFalse(LuceneTestCase.java:579)\n    [junit]     at org.apache.lucene.index.TestLazyProxSkipping.testLazySkipping(TestLazyProxSkipping.java:123)\n    [junit]     at sun.reflect.NativeMethodAccessorImpl.invoke0(Native Method)\n    [junit]     at sun.reflect.NativeMethodAccessorImpl.invoke(NativeMethodAccessorImpl.java:39)\n    [junit]     at sun.reflect.DelegatingMethodAccessorImpl.invoke(DelegatingMethodAccessorImpl.java:25)\n    [junit]     at java.lang.reflect.Method.invoke(Method.java:597)\n    [junit]     at org.junit.runners.model.FrameworkMethod$1.runReflectiveCall(FrameworkMethod.java:44)\n    [junit]     at org.junit.internal.runners.model.ReflectiveCallable.run(ReflectiveCallable.java:15)\n    [junit]     at org.junit.runners.model.FrameworkMethod.invokeExplosively(FrameworkMethod.java:41)\n    [junit]     at org.junit.internal.runners.statements.InvokeMethod.evaluate(InvokeMethod.java:20)\n    [junit]     at org.junit.rules.TestWatchman$1.evaluate(TestWatchman.java:48)\n    [junit]     at org.junit.internal.runners.statements.RunBefores.evaluate(RunBefores.java:28)\n    [junit]     at org.junit.internal.runners.statements.RunAfters.evaluate(RunAfters.java:31)\n    [junit]     at org.junit.runners.BlockJUnit4ClassRunner.runChild(BlockJUnit4ClassRunner.java:76)\n    [junit]     at org.apache.lucene.util.LuceneTestCase$LuceneTestCaseRunner.runChild(LuceneTestCase.java:888)\n    [junit]     at org.apache.lucene.util.LuceneTestCase$LuceneTestCaseRunner.runChild(LuceneTestCase.java:855)\n    [junit]     at org.junit.runners.ParentRunner$3.run(ParentRunner.java:193)\n    [junit]     at org.junit.runners.ParentRunner$1.schedule(ParentRunner.java:52)\n    [junit]     at org.junit.runners.ParentRunner.runChildren(ParentRunner.java:191)\n    [junit]     at org.junit.runners.ParentRunner.access$000(ParentRunner.java:42)\n    [junit]     at org.junit.runners.ParentRunner$2.evaluate(ParentRunner.java:184)\n    [junit]     at org.junit.internal.runners.statements.RunBefores.evaluate(RunBefores.java:28)\n    [junit]     at org.junit.internal.runners.statements.RunAfters.evaluate(RunAfters.java:31)\n    [junit]     at org.junit.runners.ParentRunner.run(ParentRunner.java:236)\n    [junit]     at junit.framework.JUnit4TestAdapter.run(JUnit4TestAdapter.java:39)\n    [junit]     at org.apache.tools.ant.taskdefs.optional.junit.JUnitTestRunner.run(JUnitTestRunner.java:420)\n    [junit]     at org.apache.tools.ant.taskdefs.optional.junit.JUnitTestRunner.launch(JUnitTestRunner.java:911)\n    [junit]     at org.apache.tools.ant.taskdefs.optional.junit.JUnitTestRunner.main(JUnitTestRunner.java:768)\n    [junit] ------------- ---------------- ---------------\n{noformat}\n",
            "date": "2010-10-16T13:38:03.843+0000",
            "id": 4
        },
        {
            "author": "Uwe Schindler",
            "body": "Committed trunk revision: 1023312\nCommitted 3x revision: 1023321",
            "date": "2010-10-16T16:06:51.384+0000",
            "id": 5
        },
        {
            "author": "Grant Ingersoll",
            "body": "Bulk close for 3.1",
            "date": "2011-03-30T15:50:28.709+0000",
            "id": 6
        }
    ],
    "component": "",
    "description": "Currently if a test uses Assume.assumeTrue, it silently passes.\n\nI think we should output something, at *least* if you have VERBOSE set, maybe always.\n\nHere's an example of what the output might look like:\n{noformat}\njunit-sequential:\n    [junit] Testsuite: org.apache.solr.servlet.SolrRequestParserTest\n    [junit] Tests run: 4, Failures: 0, Errors: 0, Time elapsed: 1.582 sec\n    [junit]\n    [junit] ------------- Standard Error -----------------\n    [junit] NOTE: testStreamURL Assume failed (ignored):\n    [junit] org.junit.internal.AssumptionViolatedException: got: <java.io.FileNotFoundException: http://www.apdfgdfgache\n.org/dist/lucene/solr/>, expected: null\n    [junit]     at org.junit.Assume.assumeThat(Assume.java:70)\n    [junit]     at org.junit.Assume.assumeNoException(Assume.java:92)\n    [junit]     at org.apache.solr.servlet.SolrRequestParserTest.testStreamURL(SolrRequestParserTest.java:123)\n    [junit]     at sun.reflect.NativeMethodAccessorImpl.invoke0(Native Method)\n    [junit]     at sun.reflect.NativeMethodAccessorImpl.invoke(NativeMethodAccessorImpl.java:39)\n    [junit]     at sun.reflect.DelegatingMethodAccessorImpl.invoke(DelegatingMethodAccessorImpl.java:25)\n    [junit]     at java.lang.reflect.Method.invoke(Method.java:597)\n    [junit]     at org.junit.runners.model.FrameworkMethod$1.runReflectiveCall(FrameworkMethod.java:44)\n    [junit]     at org.junit.internal.runners.model.ReflectiveCallable.run(ReflectiveCallable.java:15)\n    [junit]     at org.junit.runners.model.FrameworkMethod.invokeExplosively(FrameworkMethod.java:41)\n    [junit]     at org.junit.internal.runners.statements.InvokeMethod.evaluate(InvokeMethod.java:20)\n    [junit]     at org.junit.rules.TestWatchman$1.evaluate(TestWatchman.java:48)\n    [junit]     at org.junit.internal.runners.statements.RunBefores.evaluate(RunBefores.java:28)\n    [junit]     at org.junit.internal.runners.statements.RunAfters.evaluate(RunAfters.java:31)\n    [junit]     at org.junit.runners.BlockJUnit4ClassRunner.runChild(BlockJUnit4ClassRunner.java:76)\n    [junit]     at org.apache.lucene.util.LuceneTestCase$LuceneTestCaseRunner.runChild(LuceneTestCase.java:802)\n    [junit]     at org.apache.lucene.util.LuceneTestCase$LuceneTestCaseRunner.runChild(LuceneTestCase.java:775)\n    [junit]     at org.junit.runners.ParentRunner$3.run(ParentRunner.java:193)\n    [junit]     at org.junit.runners.ParentRunner$1.schedule(ParentRunner.java:52)\n    [junit]     at org.junit.runners.ParentRunner.runChildren(ParentRunner.java:191)\n    [junit]     at org.junit.runners.ParentRunner.access$000(ParentRunner.java:42)\n    [junit]     at org.junit.runners.ParentRunner$2.evaluate(ParentRunner.java:184)\n    [junit]     at org.junit.internal.runners.statements.RunBefores.evaluate(RunBefores.java:28)\n    [junit]     at org.junit.internal.runners.statements.RunAfters.evaluate(RunAfters.java:31)\n    [junit]     at org.junit.runners.ParentRunner.run(ParentRunner.java:236)\n    [junit]     at junit.framework.JUnit4TestAdapter.run(JUnit4TestAdapter.java:39)\n    [junit]     at org.apache.tools.ant.taskdefs.optional.junit.JUnitTestRunner.run(JUnitTestRunner.java:420)\n    [junit]     at org.apache.tools.ant.taskdefs.optional.junit.JUnitTestRunner.launch(JUnitTestRunner.java:911)\n    [junit]     at org.apache.tools.ant.taskdefs.optional.junit.JUnitTestRunner.main(JUnitTestRunner.java:768)\n    [junit] Caused by: java.io.FileNotFoundException: http://www.apdfgdfgache.org/dist/lucene/solr/\n    [junit]     at sun.net.www.protocol.http.HttpURLConnection.getInputStream(HttpURLConnection.java:1311)\n    [junit]     at org.apache.solr.servlet.SolrRequestParserTest.testStreamURL(SolrRequestParserTest.java:120)\n    [junit]     ... 26 more\n    [junit] ------------- ---------------- ---------------\n{noformat}",
    "hasPatch": true,
    "hasScreenshot": false,
    "id": "LUCENE-2708",
    "issuetypeClassified": "OTHER",
    "issuetypeTracker": "OTHER",
    "priority": "Major",
    "product": "LUCENE",
    "project": "LUCENE",
    "summary": "when a test Assume fails, display information",
    "systemSpecification": true,
    "version": "3.1, 4.0-ALPHA"
}