{
    "comments": [
        {
            "author": "Robert Muir",
            "body": "patch from Simon: looks like a bug in the fully-deleted segment case.\n",
            "date": "2012-02-23T22:38:28.701+0000",
            "id": 0
        },
        {
            "author": "Michael McCandless",
            "body": "+1",
            "date": "2012-02-24T15:18:32.624+0000",
            "id": 1
        },
        {
            "author": "Robert Muir",
            "body": "OK I'll commit Simon's patch. Thanks Simon, and thanks Mike for taking a look!",
            "date": "2012-02-24T15:20:44.810+0000",
            "id": 2
        }
    ],
    "component": "",
    "description": "found by jenkins: \n\nhttps://builds.apache.org/job/Lucene-Solr-tests-only-trunk/12492/\n\nmake your computer busy (e.g. run tests in another checkout) then,\n\nant test-core -Dtests.iter=100 -Dtestcase=TestIndexWriterNRTIsCurrent -Dtestmethod=testIsCurrentWithThreads -Dtests.seed=-78f6fa16b849cf27:382126da79c1e146:-d2cdec79e86e1b3 -Dtests.multiplier=3 -Dargs=\"-Dfile.encoding=ISO8859-1\"\n\ntakes a few tries till it pops...\n\n{noformat}\njunit-sequential:\n    [junit] Testsuite: org.apache.lucene.index.TestIndexWriterNRTIsCurrent\n    [junit] Tests run: 100, Failures: 1, Errors: 1, Time elapsed: 277.818 sec\n    [junit] \n    [junit] ------------- Standard Output ---------------\n    [junit] WARNING: you are using -Dtests.iter=n where n > 1, not all tests support this option.\n    [junit] Some may crash or fail: this is not a bug.\n    [junit] ------------- ---------------- ---------------\n    [junit] ------------- Standard Error -----------------\n    [junit] NOTE: reproduce with: ant test -Dtestcase=TestIndexWriterNRTIsCurrent -Dtestmethod=testIsCurrentWithThreads -Dtests.seed=-78f6fa16b849cf27:382126da79c1e146:-d2cdec79e86e1b3 -Dtests.multiplier=3 -Dargs=\"-Dfile.encoding=ISO8859-1\"\n    [junit] The following exceptions were thrown by threads:\n    [junit] *** Thread: Lucene Merge Thread #17 ***\n    [junit] org.apache.lucene.index.MergePolicy$MergeException: java.lang.AssertionError\n    [junit] \tat org.apache.lucene.index.ConcurrentMergeScheduler.handleMergeException(ConcurrentMergeScheduler.java:520)\n    [junit] \tat org.apache.lucene.index.ConcurrentMergeScheduler$MergeThread.run(ConcurrentMergeScheduler.java:480)\n    [junit] Caused by: java.lang.AssertionError\n    [junit] \tat org.apache.lucene.index.IndexWriter$ReadersAndLiveDocs.initWritableLiveDocs(IndexWriter.java:580)\n    [junit] \tat org.apache.lucene.index.IndexWriter.commitMergedDeletes(IndexWriter.java:3061)\n    [junit] \tat org.apache.lucene.index.IndexWriter.commitMerge(IndexWriter.java:3137)\n    [junit] \tat org.apache.lucene.index.IndexWriter.mergeMiddle(IndexWriter.java:3718)\n    [junit] \tat org.apache.lucene.index.IndexWriter.merge(IndexWriter.java:3257)\n    [junit] \tat org.apache.lucene.index.ConcurrentMergeScheduler.doMerge(ConcurrentMergeScheduler.java:382)\n    [junit] \tat org.apache.lucene.index.ConcurrentMergeScheduler$MergeThread.run(ConcurrentMergeScheduler.java:451)\n    [junit] NOTE: reproduce with: ant test -Dtestcase=TestIndexWriterNRTIsCurrent -Dtestmethod=testIsCurrentWithThreads -Dtests.seed=-78f6fa16b849cf27:382126da79c1e146:-d2cdec79e86e1b3 -Dtests.multiplier=3 -Dargs=\"-Dfile.encoding=ISO8859-1\"\n    [junit] NOTE: reproduce with: ant test -Dtestcase=TestIndexWriterNRTIsCurrent -Dtestmethod=testIsCurrentWithThreads -Dtests.seed=-78f6fa16b849cf27:382126da79c1e146:-d2cdec79e86e1b3 -Dtests.multiplier=3 -Dargs=\"-Dfile.encoding=ISO8859-1\"\n    [junit] NOTE: test params are: codec=Lucene40: {id=MockFixedIntBlock(blockSize=525)}, sim=DefaultSimilarity, locale=es_PY, timezone=Africa/Luanda\n    [junit] NOTE: all tests run in this JVM:\n    [junit] [TestIndexWriterNRTIsCurrent]\n    [junit] NOTE: Linux 3.0.0-14-generic amd64/Sun Microsystems Inc. 1.6.0_24 (64-bit)/cpus=8,threads=1,free=74907448,total=255787008\n    [junit] ------------- ---------------- ---------------\n    [junit] Testcase: testIsCurrentWithThreads(org.apache.lucene.index.TestIndexWriterNRTIsCurrent):\tFAILED\n    [junit] info=_qx(4.0):C1/1 isn't live\n    [junit] junit.framework.AssertionFailedError: info=_qx(4.0):C1/1 isn't live\n    [junit] \tat org.apache.lucene.util.LuceneTestCaseRunner.runChild(LuceneTestCaseRunner.java:165)\n    [junit] \tat org.apache.lucene.util.LuceneTestCaseRunner.runChild(LuceneTestCaseRunner.java:57)\n    [junit] \tat org.apache.lucene.index.IndexWriter$ReaderPool.infoIsLive(IndexWriter.java:663)\n    [junit] \tat org.apache.lucene.index.IndexWriter$ReaderPool.dropAll(IndexWriter.java:717)\n    [junit] \tat org.apache.lucene.index.IndexWriter.closeInternal(IndexWriter.java:1136)\n    [junit] \tat org.apache.lucene.index.IndexWriter.close(IndexWriter.java:1069)\n    [junit] \tat org.apache.lucene.index.IndexWriter.close(IndexWriter.java:1033)\n    [junit] \tat org.apache.lucene.index.TestIndexWriterNRTIsCurrent.testIsCurrentWithThreads(TestIndexWriterNRTIsCurrent.java:68)\n    [junit] \tat org.apache.lucene.util.LuceneTestCase$SubclassSetupTeardownRule$1.evaluate(LuceneTestCase.java:707)\n    [junit] \tat org.apache.lucene.util.LuceneTestCase$InternalSetupTeardownRule$1.evaluate(LuceneTestCase.java:606)\n    [junit] \tat org.apache.lucene.util.LuceneTestCase$TestResultInterceptorRule$1.evaluate(LuceneTestCase.java:511)\n    [junit] \tat org.apache.lucene.util.LuceneTestCase$RememberThreadRule$1.evaluate(LuceneTestCase.java:569)\n    [junit] \n    [junit] \n    [junit] Testcase: testIsCurrentWithThreads(org.apache.lucene.index.TestIndexWriterNRTIsCurrent):\tCaused an ERROR\n    [junit] java.lang.AssertionError: Some threads threw uncaught exceptions!\n    [junit] java.lang.RuntimeException: java.lang.AssertionError: Some threads threw uncaught exceptions!\n    [junit] \tat org.apache.lucene.util.LuceneTestCase.tearDownInternal(LuceneTestCase.java:780)\n    [junit] \tat org.apache.lucene.util.LuceneTestCase.access$1000(LuceneTestCase.java:138)\n    [junit] \tat org.apache.lucene.util.LuceneTestCase$InternalSetupTeardownRule$1.evaluate(LuceneTestCase.java:607)\n    [junit] \tat org.apache.lucene.util.LuceneTestCase$TestResultInterceptorRule$1.evaluate(LuceneTestCase.java:511)\n    [junit] \tat org.apache.lucene.util.LuceneTestCase$RememberThreadRule$1.evaluate(LuceneTestCase.java:569)\n    [junit] \tat org.apache.lucene.util.LuceneTestCaseRunner.runChild(LuceneTestCaseRunner.java:165)\n    [junit] \tat org.apache.lucene.util.LuceneTestCaseRunner.runChild(LuceneTestCaseRunner.java:57)\n    [junit] \tat org.apache.lucene.util.LuceneTestCase.checkUncaughtExceptionsAfter(LuceneTestCase.java:808)\n    [junit] \tat org.apache.lucene.util.LuceneTestCase.tearDownInternal(LuceneTestCase.java:752)\n    [junit] \n    [junit] \n    [junit] Test org.apache.lucene.index.TestIndexWriterNRTIsCurrent FAILED\n\nBUILD FAILED\n{noformat}",
    "hasPatch": true,
    "hasScreenshot": false,
    "id": "LUCENE-3818",
    "issuetypeClassified": "OTHER",
    "issuetypeTracker": "BUG",
    "priority": "Major",
    "product": "LUCENE",
    "project": "LUCENE",
    "summary": "TestIndexWriterNRTIsCurrent failure",
    "systemSpecification": true,
    "version": ""
}