{
    "comments": [],
    "component": "core/search",
    "description": "The test fails on Hudson about once a month, like this:\n\n{quote}\n   [junit] Testcase: testTimeoutNotGreedy(org.apache.lucene.search.TestTimeLimitedCollector):  FAILED\n   [junit] lastDoc=21 ,&& allowed=799 ,&& elapsed=900 >= 886 = ( 2*resolution +  TIME_ALLOWED + SLOW_DOWN = 2*20 + 799 + 47)\n   [junit] junit.framework.AssertionFailedError: lastDoc=21 ,&& allowed=799 ,&& elapsed=900 >= 886 = ( 2*resolution +  TIME_ALLOWED + SLOW_DOWN = 2*20 + 799 + 47)\n   [junit]     at org.apache.lucene.search.TestTimeLimitedCollector.doTestTimeout(TestTimeLimitedCollector.java:189)\n   [junit]     at org.apache.lucene.search.TestTimeLimitedCollector.testTimeoutNotGreedy(TestTimeLimitedCollector.java:150)\n   [junit]\n   [junit]\n   [junit] Test org.apache.lucene.search.TestTimeLimitedCollector FAILED\n{quote}\n\nModify the test to just print a warning in this case - but still verify that there was an early termination.\n",
    "hasPatch": true,
    "hasScreenshot": false,
    "id": "LUCENE-1348",
    "issuetypeClassified": "OTHER",
    "issuetypeTracker": "OTHER",
    "priority": "Minor",
    "product": "LUCENE",
    "project": "LUCENE",
    "summary": "TestTimeLimitedCollector  shuold not fail if the testing machine happens to be slow",
    "systemSpecification": true,
    "version": ""
}