{
    "comments": [
        {
            "author": "Robert Muir",
            "body": "{noformat}\n   [junit] Testsuite: org.apache.lucene.index.TestNRTManager\n    [junit] Testcase: testNRTManager(org.apache.lucene.index.TestNRTManager):\tCaused an ERROR\n    [junit] java.lang.AssertionError: Some threads threw uncaught exceptions!\n    [junit] java.lang.RuntimeException: java.lang.AssertionError: Some threads threw uncaught exceptions!\n    [junit] \tat org.apache.lucene.util.LuceneTestCase.tearDown(LuceneTestCase.java:729)\n    [junit] \tat org.apache.lucene.util.LuceneTestCaseRunner.runChild(LuceneTestCaseRunner.java:148)\n    [junit] \tat org.apache.lucene.util.LuceneTestCaseRunner.runChild(LuceneTestCaseRunner.java:50)\n    [junit] \tat org.apache.lucene.util.LuceneTestCase.checkUncaughtExceptionsAfter(LuceneTestCase.java:757)\n    [junit] \tat org.apache.lucene.util.LuceneTestCase.tearDown(LuceneTestCase.java:701)\n    [junit] \tat org.apache.lucene.util.LuceneTestCaseRunner.runChild(LuceneTestCaseRunner.java:148)\n    [junit] \tat org.apache.lucene.util.LuceneTestCaseRunner.runChild(LuceneTestCaseRunner.java:50)\n    [junit] \n    [junit] \n    [junit] Tests run: 1, Failures: 0, Errors: 1, Time elapsed: 6.796 sec\n    [junit] \n    [junit] ------------- Standard Error -----------------\n    [junit] The following exceptions were thrown by threads:\n    [junit] *** Thread: Lucene Merge Thread #0 ***\n    [junit] org.apache.lucene.index.MergePolicy$MergeException: java.util.concurrent.RejectedExecutionException\n    [junit] \tat org.apache.lucene.index.ConcurrentMergeScheduler.handleMergeException(ConcurrentMergeScheduler.java:509)\n    [junit] \tat org.apache.lucene.index.ConcurrentMergeScheduler$MergeThread.run(ConcurrentMergeScheduler.java:474)\n    [junit] Caused by: java.util.concurrent.RejectedExecutionException\n    [junit] \tat java.util.concurrent.ThreadPoolExecutor$AbortPolicy.rejectedExecution(ThreadPoolExecutor.java:1768)\n    [junit] \tat java.util.concurrent.ThreadPoolExecutor.reject(ThreadPoolExecutor.java:767)\n    [junit] \tat java.util.concurrent.ThreadPoolExecutor.execute(ThreadPoolExecutor.java:658)\n    [junit] \tat java.util.concurrent.ExecutorCompletionService.submit(ExecutorCompletionService.java:152)\n    [junit] \tat org.apache.lucene.search.IndexSearcher$ExecutionHelper.submit(IndexSearcher.java:873)\n    [junit] \tat org.apache.lucene.search.IndexSearcher.search(IndexSearcher.java:411)\n    [junit] \tat org.apache.lucene.search.IndexSearcher.search(IndexSearcher.java:324)\n    [junit] \tat org.apache.lucene.search.IndexSearcher.search(IndexSearcher.java:313)\n    [junit] \tat org.apache.lucene.index.TestNRTManager$1.warm(TestNRTManager.java:186)\n    [junit] \tat org.apache.lucene.index.NRTManager$1.warm(NRTManager.java:99)\n    [junit] \tat org.apache.lucene.index.IndexWriter.mergeMiddle(IndexWriter.java:3782)\n    [junit] \tat org.apache.lucene.index.IndexWriter.merge(IndexWriter.java:3315)\n    [junit] \tat org.apache.lucene.index.ConcurrentMergeScheduler.doMerge(ConcurrentMergeScheduler.java:380)\n    [junit] \tat org.apache.lucene.index.ConcurrentMergeScheduler$MergeThread.run(ConcurrentMergeScheduler.java:447)\n    [junit] NOTE: reproduce with: ant test -Dtestcase=TestNRTManager -Dtestmethod=testNRTManager -Dtests.seed=-1516b25f35b4703c:6f8c73d8e35c63b5:2d1be8301e699d26 -Dtests.multiplier=3\n    [junit] NOTE: test params are: codec=RandomCodecProvider: {extra38=Memory, extra11=MockVariableIntBlock(baseBlockSize=108), body=MockRandom, extra9=MockSep, extra27=MockRandom, extra33=MockRandom, extra36=Pulsing(freqCutoff=7 minBlockSize=100 maxBlockSize=261), extra23=Memory, extra22=MockSep, extra0=MockFixedIntBlock(blockSize=1027), packID=MockSep, extra19=MockFixedIntBlock(blockSize=1027), date=Pulsing(freqCutoff=7 minBlockSize=100 maxBlockSize=261), extra4=MockRandom, extra6=MockDocValuesCodec, extra7=MockRandom, docid=Memory, title=Standard(minBlockSize=5 maxBlockSize=46), titleTokenized=MockFixedIntBlock(blockSize=1027), extra30=MockSep, extra10=Standard(minBlockSize=5 maxBlockSize=46)}, sim=RandomSimilarityProvider(queryNorm=true,coord=false): {extra38=DFR I(n)3(800.0), extra11=DFR GL3(800.0), body=DFR BeB3(800.0), extra9=IB SPL-D2, extra27=DFR G1, extra33=DFR Be3(800.0), extra36=DFR I(ne)LZ(0.3), extra23=IB SPL-LZ(0.3), extra22=DFR I(F)LZ(0.3), extra0=DFR GB3(800.0), packID=DFR BeL3(800.0), extra19=DFR BeZ(0.3), date=DFR GB3(800.0), extra4=DFR Be2, extra6=DFR I(n)2, extra7=DFR I(n)L3(800.0), docid=DFR I(F)B3(800.0), title=IB SPL-D1, titleTokenized=LM Jelinek-Mercer(0.100000), extra30=DFR I(F)L2, extra10=DFR I(F)2}, locale=hu, timezone=Etc/GMT+9\n    [junit] NOTE: all tests run in this JVM:\n    [junit] [TestNRTManager]\n    [junit] NOTE: Linux 2.6.32-24-generic i386/Oracle Corporation 1.6.0_20 (32-bit)/cpus=1,threads=1,free=25321224,total=67108864\n    [junit] ------------- ---------------- ---------------\n    [junit] TEST org.apache.lucene.index.TestNRTManager FAILED\n{noformat}",
            "date": "2011-09-27T15:32:07.368+0000",
            "id": 0
        },
        {
            "author": "Michael McCandless",
            "body": "The test is shutting down the executor service before closing the writer... and the test had installed a merged segment warmer.  So the merge finished and it tried to warm the segment by running searches through IS that was using the ES.",
            "date": "2011-09-27T17:18:01.892+0000",
            "id": 1
        },
        {
            "author": "Michael McCandless",
            "body": "Thank you Charlie!",
            "date": "2011-09-27T17:29:57.984+0000",
            "id": 2
        },
        {
            "author": "Uwe Schindler",
            "body": "Bulk close after release of 3.5",
            "date": "2011-11-27T12:29:32.253+0000",
            "id": 3
        }
    ],
    "component": "",
    "description": "reproduces for me",
    "hasPatch": false,
    "hasScreenshot": false,
    "id": "LUCENE-3471",
    "issuetypeClassified": "BUG",
    "issuetypeTracker": "BUG",
    "priority": "Major",
    "product": "LUCENE",
    "project": "LUCENE",
    "summary": "TestNRTManager test failure",
    "systemSpecification": true,
    "version": ""
}