{
    "comments": [
        {
            "author": "Simon Willnauer",
            "body": "here is a patch",
            "date": "2011-05-02T13:37:55.697+0000",
            "id": 0
        }
    ],
    "component": "",
    "description": "TestBytesRefHash#testCompact fails when run with ant test -Dtestcase=TestBytesRefHash -Dtestmethod=testCompact -Dtests.seed=-7961072421643387492:5612141247152835360\n{noformat}\n\n    [junit] Testsuite: org.apache.lucene.util.TestBytesRefHash\n    [junit] Tests run: 1, Failures: 0, Errors: 1, Time elapsed: 0.454 sec\n    [junit] \n    [junit] ------------- Standard Error -----------------\n    [junit] NOTE: reproduce with: ant test -Dtestcase=TestBytesRefHash -Dtestmethod=testCompact -Dtests.seed=-7961072421643387492:5612141247152835360\n    [junit] NOTE: test params are: codec=PreFlex, locale=et, timezone=Pacific/Tahiti\n    [junit] NOTE: all tests run in this JVM:\n    [junit] [TestBytesRefHash]\n    [junit] NOTE: Linux 2.6.35-28-generic amd64/Sun Microsystems Inc. 1.6.0_24 (64-bit)/cpus=12,threads=1,free=363421800,total=379322368\n    [junit] ------------- ---------------- ---------------\n    [junit] Testcase: testCompact(org.apache.lucene.util.TestBytesRefHash):\tCaused an ERROR\n    [junit] bitIndex < 0: -27\n    [junit] java.lang.IndexOutOfBoundsException: bitIndex < 0: -27\n    [junit] \tat java.util.BitSet.set(BitSet.java:262)\n    [junit] \tat org.apache.lucene.util.TestBytesRefHash.testCompact(TestBytesRefHash.java:146)\n    [junit] \tat org.apache.lucene.util.LuceneTestCase$LuceneTestCaseRunner.runChild(LuceneTestCase.java:1260)\n    [junit] \tat org.apache.lucene.util.LuceneTestCase$LuceneTestCaseRunner.runChild(LuceneTestCase.java:1189)\n    [junit] \n    [junit] \n    [junit] Test org.apache.lucene.util.TestBytesRefHash FAILED\n{noformat}\n\nthe test expects that _TestUtil.randomRealisticUnicodeString(random, 1000); will never return the same string.\n\nI will upload a patch soon.",
    "hasPatch": true,
    "hasScreenshot": false,
    "id": "LUCENE-3062",
    "issuetypeClassified": "BUG",
    "issuetypeTracker": "BUG",
    "priority": "Major",
    "product": "LUCENE",
    "project": "LUCENE",
    "summary": "TestBytesRefHash#testCompact is broken",
    "systemSpecification": true,
    "version": "4.0-ALPHA"
}