{
    "comments": [
        {
            "author": "Robert Muir",
            "body": "{noformat}\njunit-sequential:\n    [junit] Testsuite: org.apache.lucene.index.TestCompoundFile\n    [junit] Tests run: 1, Failures: 0, Errors: 1, Time elapsed: 0.227 sec\n    [junit]\n    [junit] ------------- Standard Error -----------------\n    [junit] NOTE: reproduce with: ant test -Dtestcase=TestCompoundFile -Dtestmethod=testReadNestedCFP -Dtests.seed=-61cb66ec0d71d1ac:-46685c36ec38fd32:568c63299214892c\n    [junit] NOTE: test params are: codec=RandomCodecProvider: {}, locale=de_DE, timezone=Asia/Gaza\n    [junit] NOTE: all tests run in this JVM:\n    [junit] [TestCompoundFile]\n    [junit] NOTE: Windows Vista 6.0 x86/Sun Microsystems Inc. 1.6.0_23 (32-bit)/cpus=4,threads=1,free=11693688,total=16252928\n    [junit] ------------- ---------------- ---------------\n    [junit] Testcase: testReadNestedCFP(org.apache.lucene.index.TestCompoundFile):      Caused an ERROR\n    [junit] Cannot delete C:\\Users\\rmuir\\workspace\\trunky\\lucene\\build\\test\\1\\test5610056101tmp\\b_1.xyz\n    [junit] java.io.IOException: Cannot delete C:\\Users\\rmuir\\workspace\\trunky\\lucene\\build\\test\\1\\test5610056101tmp\\b_1.xyz\n    [junit]     at org.apache.lucene.store.FSDirectory.deleteFile(FSDirectory.java:287)\n    [junit]     at org.apache.lucene.store.CompoundFileWriter.copyFileEntry(CompoundFileWriter.java:205)\n    [junit]     at org.apache.lucene.store.CompoundFileWriter.prunePendingEntries(CompoundFileWriter.java:272)\n    [junit]     at org.apache.lucene.store.CompoundFileWriter.access$200(CompoundFileWriter.java:59)\n    [junit]     at org.apache.lucene.store.CompoundFileWriter$DirectCFSIndexOutput.close(CompoundFileWriter.java:335)\n    [junit]     at org.apache.lucene.index.TestCompoundFile.testReadNestedCFP(TestCompoundFile.java:722)\n    [junit]     at org.apache.lucene.util.LuceneTestCase$LuceneTestCaseRunner.runChild(LuceneTestCase.java:1530)\n    [junit]     at org.apache.lucene.util.LuceneTestCase$LuceneTestCaseRunner.runChild(LuceneTestCase.java:1432)\n    [junit]\n    [junit]\n    [junit] Test org.apache.lucene.index.TestCompoundFile FAILED\n{noformat}",
            "date": "2011-08-23T17:46:14.288+0000",
            "id": 0
        },
        {
            "author": "Simon Willnauer",
            "body": "I had this failure while working on LUCENE-3218 so there is a fix for this issue. However I will upload a patch then you can run it (I have no windows ready) and see if that fixes this issue too. Is it reproducible for you on Windows?\n\n",
            "date": "2011-08-23T18:19:09.447+0000",
            "id": 1
        },
        {
            "author": "Simon Willnauer",
            "body": "here is a patch basically extracted the fix from LUCENE-3218 which tries to delete the file after the stream referencing it is closed.",
            "date": "2011-08-23T18:32:29.557+0000",
            "id": 2
        },
        {
            "author": "Simon Willnauer",
            "body": "Hey Robert,\nI committed LUCENE-3218 yesterday which includes the fix I uploaded here. Can you verify if this still fails on windows?\n\nAside from this it seems we need a dedicated Windows machine that runs our tests though. The good sign is that I had the same failure on a linux box while refactoring CFS to what it is now so it seems our Windows-Behavior mocking works.",
            "date": "2011-08-25T09:38:33.993+0000",
            "id": 3
        },
        {
            "author": "Robert Muir",
            "body": "The tests are fine on windows now...we can close this issue.",
            "date": "2011-08-25T09:46:13.345+0000",
            "id": 4
        },
        {
            "author": "Simon Willnauer",
            "body": "thanks robert for confirming.",
            "date": "2011-08-25T09:59:48.192+0000",
            "id": 5
        }
    ],
    "component": "",
    "description": "ant test-core -Dtestcase=TestCompoundFile -Dtestmethod=testReadNestedCFP -Dtests.seed=-61cb66ec0d71d1ac:-46685c36ec38fd32:568c63299214892c",
    "hasPatch": true,
    "hasScreenshot": false,
    "id": "LUCENE-3398",
    "issuetypeClassified": "BUG",
    "issuetypeTracker": "BUG",
    "priority": "Major",
    "product": "LUCENE",
    "project": "LUCENE",
    "summary": "TestCompoundFile fails on windows",
    "systemSpecification": true,
    "version": "4.0-ALPHA"
}