{
    "comments": [
        {
            "author": "Michael McCandless",
            "body": "Robert hit this:\n\n{noformat}\n   [junit] Testsuite: org.apache.lucene.index.TestIndexWriterMergePolicy\n   [junit] Tests run: 6, Failures: 1, Errors: 0, Time elapsed: 0.731 sec\n   [junit]\n   [junit] Testcase:\ntestMaxBufferedDocsChange(org.apache.lucene.index.TestIndexWriterMergePolicy):\nFAILED\n   [junit] maxMergeDocs=2147483647; numSegments=11; upperBound=10;\nmergeFactor=10; segs=_65:c5950 _5t:c10->_32 _5u:c10->_32 _5v:c10->_32\n_5w:c10->_32 _5x:c10->_32 _5y:c10->_32 _5z:c10->_32 _60:c10->_32\n_61:c10->_32 62:c8->_32 _64:c2->_62\n   [junit] junit.framework.AssertionFailedError:\nmaxMergeDocs=2147483647; numSegments=11; upperBound=10;\nmergeFactor=10; segs=_65:c5950 _5t:c10->_32 _5u:c10->_32 _5v:c10->_32\n_5w:c10->_32 _5x:c10->_32 _5y:c10->_32 _5z:c10->_32 _60:c10->_32\n_61:c10->_32 _62:c8->_32 _64:c2->_62\n   [junit]     at\norg.apache.lucene.index.TestIndexWriterMergePolicy.checkInvariants(TestIndexWriterMergePolicy.java:234)\n   [junit]     at\norg.apache.lucene.index.TestIndexWriterMergePolicy.testMaxBufferedDocsChange(TestIndexWriterMergePolicy.java:164)\n   [junit]     at\norg.apache.lucene.util.LuceneTestCase.runBare(LuceneTestCase.java:212)\n{noformat}",
            "date": "2010-01-03T15:32:45.926+0000",
            "id": 0
        },
        {
            "author": "Michael McCandless",
            "body": "I found the root cause here; it's a rare case, due to shared doc stores.  Whenever the merge must merge doc stores and at least 1 segment is referencing the currently open shared doc stores, IW must flush.  It's an \"unusual\" flush because it's triggered by the right merge and not maxBuffereDocs/RAM being consumed.\n\nWhen this happens we fail to check for newly required merges, which can then leave the index in a state where it needs a merge, causing this failure.\n\nI can't repro this failure, but I think very likely this is the cause.  The fix is to call updatePendingMerges in the two places where we do these \"unusual\" flushes.  I'll commit shortly.",
            "date": "2010-08-07T21:48:37.873+0000",
            "id": 1
        },
        {
            "author": "Michael McCandless",
            "body": "Alas this issue still happens.  I just hit this on trunk:\n\n{noformat}\n    [junit] Testsuite: org.apache.lucene.index.TestIndexWriterMergePolicy\n    [junit] Testcase: testMaxBufferedDocsChange(org.apache.lucene.index.TestIndexWriterMergePolicy):\tFAILED\n    [junit] maxMergeDocs=2147483647; numSegments=11; upperBound=10; mergeFactor=10; segs=_65:c5950 _5t:c10->_32 _5u:c10->_32 _5v:c10->_32 _5w:c10->_32\n      _5x:c10->_32 _5y:c10->_32 _5z:c10->_32 _60:c10->_32 _61:c10->_32 _62:c1->_32 _63:c9->_62\n    [junit] junit.framework.AssertionFailedError: maxMergeDocs=2147483647; numSegments=11; upperBound=10; mergeFactor=10; segs=_65:c5950 _5t:c10->_32\n      _5u:c10->_32 _5v:c10->_32 _5w:c10->_32 _5x:c10->_32 _5y:c10->_32 _5z:c10->_32 _60:c10->_32 _61:c10->_32 _62:c1->_32 _63:c9->_62\n    [junit] \tat org.apache.lucene.index.TestIndexWriterMergePolicy.checkInvariants(TestIndexWriterMergePolicy.java:251)\n    [junit] \tat org.apache.lucene.index.TestIndexWriterMergePolicy.testMaxBufferedDocsChange(TestIndexWriterMergePolicy.java:177)\n    [junit] \tat org.apache.lucene.util.LuceneTestCase.runBare(LuceneTestCase.java:385)\n    [junit] \tat org.apache.lucene.util.LuceneTestCase.run(LuceneTestCase.java:377)\n{noformat}",
            "date": "2010-08-23T13:04:44.141+0000",
            "id": 2
        },
        {
            "author": "Michael McCandless",
            "body": "Steven A Rowe just hit this again, on trunk:\n\n{noformat}\nNOTE: random codec of testcase 'testMaxBufferedDocsChange' was: MockSep\nNOTE: random locale of testcase 'testMaxBufferedDocsChange' was: en_PH\nNOTE: random timezone of testcase 'testMaxBufferedDocsChange' was: America/Indianapolis\nNOTE: random seed of testcase 'testMaxBufferedDocsChange' was: 4118460220441676374\n\njunit.framework.AssertionFailedError: maxMergeDocs=2147483647; numSegments=11; upperBound=10; mergeFactor=10; segs=_65:c5950 _5t:c10->_32 _5u:c10->_32 _5v:c10->_32 _5w:c10->_32 _5x:c10->_32 _5y:c10->_32 _5z:c10->_32 _60:c10->_32 _61:c10->_32 _62:c1->_32 _63:c9->_62\n       at org.apache.lucene.index.TestIndexWriterMergePolicy.checkInvariants(TestIndexWriterMergePolicy.java:251)\n       at org.apache.lucene.index.TestIndexWriterMergePolicy.testMaxBufferedDocsChange(TestIndexWriterMergePolicy.java:177)\n       at sun.reflect.NativeMethodAccessorImpl.invoke0(Native Method)\n       at sun.reflect.NativeMethodAccessorImpl.invoke(NativeMethodAccessorImpl.java:39)\n       at sun.reflect.DelegatingMethodAccessorImpl.invoke(DelegatingMethodAccessorImpl.java:25)\n       at org.apache.lucene.util.LuceneTestCase.runBare(LuceneTestCase.java:395)\n       at org.apache.lucene.util.LuceneTestCase.run(LuceneTestCase.java:387)\n       at org.junit.internal.runners.JUnit38ClassRunner.run(JUnit38ClassRunner.java:83)\n       at org.junit.runners.Suite.runChild(Suite.java:128)\n       at org.junit.runners.Suite.runChild(Suite.java:24)\n       at org.junit.runners.ParentRunner$3.run(ParentRunner.java:193)\n       at org.junit.runners.ParentRunner$1.schedule(ParentRunner.java:52)\n       at org.junit.runners.ParentRunner.runChildren(ParentRunner.java:191)\n       at org.junit.runners.ParentRunner.access$000(ParentRunner.java:42)\n       at org.junit.runners.ParentRunner$2.evaluate(ParentRunner.java:184)\n       at org.junit.runners.ParentRunner.run(ParentRunner.java:236)\n       at org.junit.runner.JUnitCore.run(JUnitCore.java:157)\n       at com.intellij.junit4.JUnit4IdeaTestRunner.startRunnerWithArgs(JUnit4IdeaTestRunner.java:94)\n       at com.intellij.rt.execution.junit.JUnitStarter.prepareStreamsAndStart(JUnitStarter.java:192)\n       at com.intellij.rt.execution.junit.JUnitStarter.main(JUnitStarter.java:64)\n       at sun.reflect.NativeMethodAccessorImpl.invoke0(Native Method)\n       at sun.reflect.NativeMethodAccessorImpl.invoke(NativeMethodAccessorImpl.java:39)\n       at com.intellij.rt.execution.application.AppMain.main(AppMain.java:115)\n{noformat}",
            "date": "2010-09-07T09:19:31.231+0000",
            "id": 3
        },
        {
            "author": "Robert Muir",
            "body": "Hudson hit this last night (brancH_3x)\n{noformat}\n    [junit] Testsuite: org.apache.lucene.index.TestIndexWriterMergePolicy\n    [junit] Testcase: testMaxBufferedDocsChange(org.apache.lucene.index.TestIndexWriterMergePolicy):\tFAILED\n    [junit] maxMergeDocs=2147483647; numSegments=11; upperBound=10; mergeFactor=10; segs=_65:c5950 _5t:c10->_32 _5u:c10->_32 _5v:c10->_32 _5w:c10->_32 _5x:c10->_32 _5y:c10->_32 _5z:c10->_32 _60:c10->_32 _61:c10->_32 _62:c5->_32 _63:c5->_62\n    [junit] junit.framework.AssertionFailedError: maxMergeDocs=2147483647; numSegments=11; upperBound=10; mergeFactor=10; segs=_65:c5950 _5t:c10->_32 _5u:c10->_32 _5v:c10->_32 _5w:c10->_32 _5x:c10->_32 _5y:c10->_32 _5z:c10->_32 _60:c10->_32 _61:c10->_32 _62:c5->_32 _63:c5->_62\n    [junit] \tat org.apache.lucene.util.LuceneTestCase$LuceneTestCaseRunner.runChild(LuceneTestCase.java:770)\n    [junit] \tat org.apache.lucene.util.LuceneTestCase$LuceneTestCaseRunner.runChild(LuceneTestCase.java:737)\n    [junit] \tat org.apache.lucene.index.TestIndexWriterMergePolicy.checkInvariants(TestIndexWriterMergePolicy.java:243)\n    [junit] \tat org.apache.lucene.index.TestIndexWriterMergePolicy.testMaxBufferedDocsChange(TestIndexWriterMergePolicy.java:169)\n    [junit] \n    [junit] \n    [junit] Tests run: 6, Failures: 1, Errors: 0, Time elapsed: 2.31 sec\n    [junit] \n    [junit] ------------- Standard Output ---------------\n    [junit] NOTE: reproduce with: ant test -Dtestcase=TestIndexWriterMergePolicy -Dtestmethod=testMaxBufferedDocsChange -Dtests.seed=5199282654207860248:-4379090235199517829 -Dtests.multiplier=3\n    [junit] NOTE: test params are: locale=is_IS, timezone=Africa/Porto-Novo\n    [junit] ------------- ---------------- ---------------\n    [junit] TEST org.apache.lucene.index.TestIndexWriterMergePolicy FAILED\n{noformat}",
            "date": "2010-10-17T12:41:43.994+0000",
            "id": 4
        },
        {
            "author": "Michael McCandless",
            "body": "OK I think (again!) I found the root cause here -- patch attached.\n\nBasically the test and LogMergePolicy disagreed on the boundary case of when a segment falls into the minimum level.  Just have to change < to <=.",
            "date": "2010-11-11T17:37:27.010+0000",
            "id": 5
        },
        {
            "author": "Michael McCandless",
            "body": "Urgh -- my commit breaks this test case:\n{noformat}\nant test-core -Dtestcase=TestIndexWriter -Dtestmethod=testOptimizeMaxNumSegments2 -Dtests.seed=6113348674281247226:-4858946393178103452\n{noformat}",
            "date": "2010-11-11T17:46:20.584+0000",
            "id": 6
        },
        {
            "author": "Jason Rutherglen",
            "body": "Ah, I saw this error from \"testMaxBufferedDocsChange\" in testing LUCENE-2680.  Maybe it's not the changes I made in that particular case!",
            "date": "2010-11-11T17:56:11.506+0000",
            "id": 7
        },
        {
            "author": "Michael McCandless",
            "body": "Slowly, nervously, I again mark this one fixed...",
            "date": "2010-11-11T18:04:45.576+0000",
            "id": 8
        },
        {
            "author": "Grant Ingersoll",
            "body": "Bulk close for 3.1",
            "date": "2011-03-30T15:50:16.183+0000",
            "id": 9
        }
    ],
    "component": "core/index",
    "description": "Last night's build failed from it: http://hudson.zones.apache.org/hudson/job/Lucene-trunk/1019/changes\n\nHere's the exc:\n\n{code}\n    [junit] Testcase: testMaxBufferedDocsChange(org.apache.lucene.index.TestIndexWriterMergePolicy):\tFAILED\n    [junit] maxMergeDocs=2147483647; numSegments=11; upperBound=10; mergeFactor=10\n    [junit] junit.framework.AssertionFailedError: maxMergeDocs=2147483647; numSegments=11; upperBound=10; mergeFactor=10\n    [junit] \tat org.apache.lucene.index.TestIndexWriterMergePolicy.checkInvariants(TestIndexWriterMergePolicy.java:234)\n    [junit] \tat org.apache.lucene.index.TestIndexWriterMergePolicy.testMaxBufferedDocsChange(TestIndexWriterMergePolicy.java:164)\n    [junit] \tat org.apache.lucene.util.LuceneTestCase.runBare(LuceneTestCase.java:208)\n{code}\n\nTest doesn't fail if I run on opensolaris nor os X machines...",
    "hasPatch": true,
    "hasScreenshot": false,
    "id": "LUCENE-2118",
    "issuetypeClassified": "BUG",
    "issuetypeTracker": "BUG",
    "priority": "Minor",
    "product": "LUCENE",
    "project": "LUCENE",
    "summary": "Intermittent failure in TestIndexWriterMergePolicy.testMaxBufferedDocsChange",
    "systemSpecification": true,
    "version": "3.1"
}