{
    "comments": [
        {
            "author": "Robert Muir",
            "body": "patch for the test",
            "date": "2010-10-11T15:54:01.709+0000",
            "id": 0
        },
        {
            "author": "Michael McCandless",
            "body": "Attached patch fixing the issue w/ Sep codec whereby if one field has payloads but the next does not and you reuse the D&PEnum across those fields then the enum incorrectly thought a payload exists in the 2nd field.\n\nAlso I added a safety in QueryUtils so testFirstSkipTo doesn't take too long when you get SimpleText codec.",
            "date": "2010-10-11T21:34:58.777+0000",
            "id": 1
        },
        {
            "author": "Michael McCandless",
            "body": "Patch fixes all the other failures -- they were spurious.\n\nBut the SimplePayloadFilter in MockAnalyzer was missing a reset method... I added one, to set pos back to 0.",
            "date": "2010-10-11T22:43:28.066+0000",
            "id": 2
        },
        {
            "author": "Robert Muir",
            "body": "patch looks good to me, I think we should fix the spurious fails, and leave payloads \"on by default\" in tests for now.\n\nLater, we should make MockAnalyzer better and switch it up a bit, but this is progress.\n",
            "date": "2010-10-11T23:29:16.668+0000",
            "id": 3
        }
    ],
    "component": "general/test",
    "description": "This could just be a SimpleText problem.... but just in case\n\nGrant added payloads to MockAnalyzer in LUCENE-2692\n\nI wondered what would happen if i turned on his payload filter by default for all tests.\n\n{noformat}\n    [junit] Testsuite: org.apache.lucene.index.TestIndexWriterDelete\n    [junit] Testcase: testDeletesOnDiskFull(org.apache.lucene.index.TestIndexWriterDelete):     Caused an ERROR\n    [junit] CheckIndex failed\n    [junit] java.lang.RuntimeException: CheckIndex failed\n    [junit]     at org.apache.lucene.util._TestUtil.checkIndex(_TestUtil.java:80)\n    [junit]     at org.apache.lucene.index.TestIndexWriterDelete.doTestOperationsOnDiskFull(TestIndexWriterDelete.java:5\n38)\n    [junit]     at org.apache.lucene.index.TestIndexWriterDelete.testDeletesOnDiskFull(TestIndexWriterDelete.java:401)\n    [junit]     at org.apache.lucene.util.LuceneTestCase$LuceneTestCaseRunner.runChild(LuceneTestCase.java:795)\n    [junit]     at org.apache.lucene.util.LuceneTestCase$LuceneTestCaseRunner.runChild(LuceneTestCase.java:768)\n    [junit]\n    [junit]\n    [junit] Testcase: testUpdatesOnDiskFull(org.apache.lucene.index.TestIndexWriterDelete):     Caused an ERROR\n    [junit] CheckIndex failed\n    [junit] java.lang.RuntimeException: CheckIndex failed\n    [junit]     at org.apache.lucene.util._TestUtil.checkIndex(_TestUtil.java:80)\n    [junit]     at org.apache.lucene.index.TestIndexWriterDelete.doTestOperationsOnDiskFull(TestIndexWriterDelete.java:5\n38)\n    [junit]     at org.apache.lucene.index.TestIndexWriterDelete.testUpdatesOnDiskFull(TestIndexWriterDelete.java:405)\n    [junit]     at org.apache.lucene.util.LuceneTestCase$LuceneTestCaseRunner.runChild(LuceneTestCase.java:795)\n    [junit]     at org.apache.lucene.util.LuceneTestCase$LuceneTestCaseRunner.runChild(LuceneTestCase.java:768)\n    [junit]\n    [junit]\n    [junit] Tests run: 14, Failures: 0, Errors: 2, Time elapsed: 0.322 sec\n    [junit]\n    [junit] ------------- Standard Output ---------------\n    [junit] CheckIndex failed\n    [junit] Segments file=segments_2 numSegments=1 version=FORMAT_4_0 [Lucene 4.0]\n    [junit]   1 of 1: name=_0 docCount=157\n    [junit]     codec=MockFixedIntBlock\n    [junit]     compound=true\n    [junit]     hasProx=true\n    [junit]     numFiles=2\n    [junit]     size (MB)=0,017\n    [junit]     diagnostics = {os.version=6.0, os=Windows Vista, lucene.version=4.0-SNAPSHOT, source=flush, os.arch=x86,\n java.version=1.6.0_21, java.vendor=Sun Microsystems Inc.}\n    [junit]     has deletions [delFileName=_0_1.del]\n    [junit]     test: open reader.........OK [13 deleted docs]\n    [junit]     test: fields..............OK [2 fields]\n    [junit]     test: field norms.........OK [2 fields]\n    [junit]     test: terms, freq, prox...ERROR [read past EOF]\n    [junit] java.io.IOException: read past EOF\n    [junit]     at org.apache.lucene.store.BufferedIndexInput.refill(BufferedIndexInput.java:154)\n    [junit]     at org.apache.lucene.store.BufferedIndexInput.readBytes(BufferedIndexInput.java:119)\n    [junit]     at org.apache.lucene.store.BufferedIndexInput.readBytes(BufferedIndexInput.java:94)\n    [junit]     at org.apache.lucene.index.codecs.sep.SepPostingsReaderImpl$SepDocsAndPositionsEnum.getPayload(SepPostin\ngsReaderImpl.java:689)\n    [junit]     at org.apache.lucene.index.CheckIndex.testTermIndex(CheckIndex.java:693)\n    [junit]     at org.apache.lucene.index.CheckIndex.checkIndex(CheckIndex.java:489)\n    [junit]     at org.apache.lucene.index.CheckIndex.checkIndex(CheckIndex.java:290)\n    [junit]     at org.apache.lucene.index.CheckIndex.checkIndex(CheckIndex.java:286)\n    [junit]     at org.apache.lucene.util._TestUtil.checkIndex(_TestUtil.java:76)\n    [junit]     at org.apache.lucene.index.TestIndexWriterDelete.doTestOperationsOnDiskFull(TestIndexWriterDelete.java:5\n38)\n    [junit]     at org.apache.lucene.index.TestIndexWriterDelete.testDeletesOnDiskFull(TestIndexWriterDelete.java:401)\n    [junit]     at sun.reflect.NativeMethodAccessorImpl.invoke0(Native Method)\n    [junit]     at sun.reflect.NativeMethodAccessorImpl.invoke(NativeMethodAccessorImpl.java:39)\n    [junit]     at sun.reflect.DelegatingMethodAccessorImpl.invoke(DelegatingMethodAccessorImpl.java:25)\n    [junit]     at java.lang.reflect.Method.invoke(Method.java:597)\n    [junit]     at org.junit.runners.model.FrameworkMethod$1.runReflectiveCall(FrameworkMethod.java:44)\n    [junit]     at org.junit.internal.runners.model.ReflectiveCallable.run(ReflectiveCallable.java:15)\n    [junit]     at org.junit.runners.model.FrameworkMethod.invokeExplosively(FrameworkMethod.java:41)\n    [junit]     at org.junit.internal.runners.statements.InvokeMethod.evaluate(InvokeMethod.java:20)\n    [junit]     at org.junit.rules.TestWatchman$1.evaluate(TestWatchman.java:48)\n    [junit]     at org.junit.internal.runners.statements.RunBefores.evaluate(RunBefores.java:28)\n    [junit]     at org.junit.internal.runners.statements.RunAfters.evaluate(RunAfters.java:31)\n    [junit]     at org.junit.runners.BlockJUnit4ClassRunner.runChild(BlockJUnit4ClassRunner.java:76)\n    [junit]     at org.apache.lucene.util.LuceneTestCase$LuceneTestCaseRunner.runChild(LuceneTestCase.java:795)\n    [junit]     at org.apache.lucene.util.LuceneTestCase$LuceneTestCaseRunner.runChild(LuceneTestCase.java:768)\n    [junit]     at org.junit.runners.ParentRunner$3.run(ParentRunner.java:193)\n    [junit]     at org.junit.runners.ParentRunner$1.schedule(ParentRunner.java:52)\n    [junit]     at org.junit.runners.ParentRunner.runChildren(ParentRunner.java:191)\n    [junit]     at org.junit.runners.ParentRunner.access$000(ParentRunner.java:42)\n    [junit]     at org.junit.runners.ParentRunner$2.evaluate(ParentRunner.java:184)\n    [junit]     at org.junit.internal.runners.statements.RunBefores.evaluate(RunBefores.java:28)\n    [junit]     at org.junit.internal.runners.statements.RunAfters.evaluate(RunAfters.java:31)\n    [junit]     at org.junit.runners.ParentRunner.run(ParentRunner.java:236)\n    [junit]     at junit.framework.JUnit4TestAdapter.run(JUnit4TestAdapter.java:39)\n    [junit]     at org.apache.tools.ant.taskdefs.optional.junit.JUnitTestRunner.run(JUnitTestRunner.java:420)\n    [junit]     at org.apache.tools.ant.taskdefs.optional.junit.JUnitTestRunner.launch(JUnitTestRunner.java:911)\n    [junit]     at org.apache.tools.ant.taskdefs.optional.junit.JUnitTestRunner.main(JUnitTestRunner.java:743)\n    [junit]     test: stored fields.......OK [223 total field count; avg 1,549 fields per doc]\n    [junit]     test: term vectors........OK [242 total vector count; avg 1,681 term/freq vector fields per doc]\n    [junit] FAILED\n    [junit]     WARNING: fixIndex() would remove reference to this segment; full exception:\n    [junit] java.lang.RuntimeException: Term Index test failed\n    [junit]     at org.apache.lucene.index.CheckIndex.checkIndex(CheckIndex.java:502)\n    [junit]     at org.apache.lucene.index.CheckIndex.checkIndex(CheckIndex.java:290)\n    [junit]     at org.apache.lucene.index.CheckIndex.checkIndex(CheckIndex.java:286)\n    [junit]     at org.apache.lucene.util._TestUtil.checkIndex(_TestUtil.java:76)\n    [junit]     at org.apache.lucene.index.TestIndexWriterDelete.doTestOperationsOnDiskFull(TestIndexWriterDelete.java:5\n38)\n    [junit]     at org.apache.lucene.index.TestIndexWriterDelete.testDeletesOnDiskFull(TestIndexWriterDelete.java:401)\n    [junit]     at sun.reflect.NativeMethodAccessorImpl.invoke0(Native Method)\n    [junit]     at sun.reflect.NativeMethodAccessorImpl.invoke(NativeMethodAccessorImpl.java:39)\n    [junit]     at sun.reflect.DelegatingMethodAccessorImpl.invoke(DelegatingMethodAccessorImpl.java:25)\n    [junit]     at java.lang.reflect.Method.invoke(Method.java:597)\n    [junit]     at org.junit.runners.model.FrameworkMethod$1.runReflectiveCall(FrameworkMethod.java:44)\n    [junit]     at org.junit.internal.runners.model.ReflectiveCallable.run(ReflectiveCallable.java:15)\n    [junit]     at org.junit.runners.model.FrameworkMethod.invokeExplosively(FrameworkMethod.java:41)\n    [junit]     at org.junit.internal.runners.statements.InvokeMethod.evaluate(InvokeMethod.java:20)\n    [junit]     at org.junit.rules.TestWatchman$1.evaluate(TestWatchman.java:48)\n    [junit]     at org.junit.internal.runners.statements.RunBefores.evaluate(RunBefores.java:28)\n    [junit]     at org.junit.internal.runners.statements.RunAfters.evaluate(RunAfters.java:31)\n    [junit]     at org.junit.runners.BlockJUnit4ClassRunner.runChild(BlockJUnit4ClassRunner.java:76)\n    [junit]     at org.apache.lucene.util.LuceneTestCase$LuceneTestCaseRunner.runChild(LuceneTestCase.java:795)\n    [junit]     at org.apache.lucene.util.LuceneTestCase$LuceneTestCaseRunner.runChild(LuceneTestCase.java:768)\n    [junit]     at org.junit.runners.ParentRunner$3.run(ParentRunner.java:193)\n    [junit]     at org.junit.runners.ParentRunner$1.schedule(ParentRunner.java:52)\n    [junit]     at org.junit.runners.ParentRunner.runChildren(ParentRunner.java:191)\n    [junit]     at org.junit.runners.ParentRunner.access$000(ParentRunner.java:42)\n    [junit]     at org.junit.runners.ParentRunner$2.evaluate(ParentRunner.java:184)\n    [junit]     at org.junit.internal.runners.statements.RunBefores.evaluate(RunBefores.java:28)\n    [junit]     at org.junit.internal.runners.statements.RunAfters.evaluate(RunAfters.java:31)\n    [junit]     at org.junit.runners.ParentRunner.run(ParentRunner.java:236)\n    [junit]     at junit.framework.JUnit4TestAdapter.run(JUnit4TestAdapter.java:39)\n    [junit]     at org.apache.tools.ant.taskdefs.optional.junit.JUnitTestRunner.run(JUnitTestRunner.java:420)\n    [junit]     at org.apache.tools.ant.taskdefs.optional.junit.JUnitTestRunner.launch(JUnitTestRunner.java:911)\n    [junit]     at org.apache.tools.ant.taskdefs.optional.junit.JUnitTestRunner.main(JUnitTestRunner.java:743)\n    [junit]\n    [junit] WARNING: 1 broken segments (containing 144 documents) detected\n    [junit]\n    [junit] NOTE: reproduce with: ant test -Dtestcase=TestIndexWriterDelete -Dtestmethod=testDeletesOnDiskFull -Dtests.s\need=-8128829179004133416:-7192468460505114475\n    [junit] CheckIndex failed\n    [junit] Segments file=segments_1 numSegments=1 version=FORMAT_4_0 [Lucene 4.0]\n    [junit]   1 of 1: name=_0 docCount=157\n    [junit]     codec=MockFixedIntBlock\n    [junit]     compound=false\n    [junit]     hasProx=true\n    [junit]     numFiles=14\n    [junit]     size (MB)=0,017\n    [junit]     diagnostics = {os.version=6.0, os=Windows Vista, lucene.version=4.0-SNAPSHOT, source=flush, os.arch=x86,\n java.version=1.6.0_21, java.vendor=Sun Microsystems Inc.}\n    [junit]     no deletions\n    [junit]     test: open reader.........OK\n    [junit]     test: fields..............OK [2 fields]\n    [junit]     test: field norms.........OK [2 fields]\n    [junit]     test: terms, freq, prox...ERROR [Read past EOF]\n    [junit] java.io.IOException: Read past EOF\n    [junit]     at org.apache.lucene.store.RAMInputStream.switchCurrentBuffer(RAMInputStream.java:89)\n    [junit]     at org.apache.lucene.store.RAMInputStream.readBytes(RAMInputStream.java:73)\n    [junit]     at org.apache.lucene.store.MockIndexInputWrapper.readBytes(MockIndexInputWrapper.java:109)\n    [junit]     at org.apache.lucene.index.codecs.sep.SepPostingsReaderImpl$SepDocsAndPositionsEnum.getPayload(SepPostin\ngsReaderImpl.java:689)\n    [junit]     at org.apache.lucene.index.CheckIndex.testTermIndex(CheckIndex.java:693)\n    [junit]     at org.apache.lucene.index.CheckIndex.checkIndex(CheckIndex.java:489)\n    [junit]     at org.apache.lucene.index.CheckIndex.checkIndex(CheckIndex.java:290)\n    [junit]     at org.apache.lucene.index.CheckIndex.checkIndex(CheckIndex.java:286)\n    [junit]     at org.apache.lucene.util._TestUtil.checkIndex(_TestUtil.java:76)\n    [junit]     at org.apache.lucene.index.TestIndexWriterDelete.doTestOperationsOnDiskFull(TestIndexWriterDelete.java:5\n38)\n    [junit]     at org.apache.lucene.index.TestIndexWriterDelete.testUpdatesOnDiskFull(TestIndexWriterDelete.java:405)\n    [junit]     at sun.reflect.NativeMethodAccessorImpl.invoke0(Native Method)\n    [junit]     at sun.reflect.NativeMethodAccessorImpl.invoke(NativeMethodAccessorImpl.java:39)\n    [junit]     at sun.reflect.DelegatingMethodAccessorImpl.invoke(DelegatingMethodAccessorImpl.java:25)\n    [junit]     at java.lang.reflect.Method.invoke(Method.java:597)\n    [junit]     at org.junit.runners.model.FrameworkMethod$1.runReflectiveCall(FrameworkMethod.java:44)\n    [junit]     at org.junit.internal.runners.model.ReflectiveCallable.run(ReflectiveCallable.java:15)\n    [junit]     at org.junit.runners.model.FrameworkMethod.invokeExplosively(FrameworkMethod.java:41)\n    [junit]     at org.junit.internal.runners.statements.InvokeMethod.evaluate(InvokeMethod.java:20)\n    [junit]     at org.junit.rules.TestWatchman$1.evaluate(TestWatchman.java:48)\n    [junit]     at org.junit.internal.runners.statements.RunBefores.evaluate(RunBefores.java:28)\n    [junit]     at org.junit.internal.runners.statements.RunAfters.evaluate(RunAfters.java:31)\n    [junit]     at org.junit.runners.BlockJUnit4ClassRunner.runChild(BlockJUnit4ClassRunner.java:76)\n    [junit]     at org.apache.lucene.util.LuceneTestCase$LuceneTestCaseRunner.runChild(LuceneTestCase.java:795)\n    [junit]     at org.apache.lucene.util.LuceneTestCase$LuceneTestCaseRunner.runChild(LuceneTestCase.java:768)\n    [junit]     at org.junit.runners.ParentRunner$3.run(ParentRunner.java:193)\n    [junit]     at org.junit.runners.ParentRunner$1.schedule(ParentRunner.java:52)\n    [junit]     at org.junit.runners.ParentRunner.runChildren(ParentRunner.java:191)\n    [junit]     at org.junit.runners.ParentRunner.access$000(ParentRunner.java:42)\n    [junit]     at org.junit.runners.ParentRunner$2.evaluate(ParentRunner.java:184)\n    [junit]     at org.junit.internal.runners.statements.RunBefores.evaluate(RunBefores.java:28)\n    [junit]     at org.junit.internal.runners.statements.RunAfters.evaluate(RunAfters.java:31)\n    [junit]     at org.junit.runners.ParentRunner.run(ParentRunner.java:236)\n    [junit]     at junit.framework.JUnit4TestAdapter.run(JUnit4TestAdapter.java:39)\n    [junit]     at org.apache.tools.ant.taskdefs.optional.junit.JUnitTestRunner.run(JUnitTestRunner.java:420)\n    [junit]     at org.apache.tools.ant.taskdefs.optional.junit.JUnitTestRunner.launch(JUnitTestRunner.java:911)\n    [junit]     at org.apache.tools.ant.taskdefs.optional.junit.JUnitTestRunner.main(JUnitTestRunner.java:743)\n    [junit]     test: stored fields.......OK [237 total field count; avg 1,51 fields per doc]\n    [junit]     test: term vectors........OK [254 total vector count; avg 1,618 term/freq vector fields per doc]\n    [junit] FAILED\n    [junit]     WARNING: fixIndex() would remove reference to this segment; full exception:\n    [junit] java.lang.RuntimeException: Term Index test failed\n    [junit]     at org.apache.lucene.index.CheckIndex.checkIndex(CheckIndex.java:502)\n    [junit]     at org.apache.lucene.index.CheckIndex.checkIndex(CheckIndex.java:290)\n    [junit]     at org.apache.lucene.index.CheckIndex.checkIndex(CheckIndex.java:286)\n    [junit]     at org.apache.lucene.util._TestUtil.checkIndex(_TestUtil.java:76)\n    [junit]     at org.apache.lucene.index.TestIndexWriterDelete.doTestOperationsOnDiskFull(TestIndexWriterDelete.java:5\n38)\n    [junit]     at org.apache.lucene.index.TestIndexWriterDelete.testUpdatesOnDiskFull(TestIndexWriterDelete.java:405)\n    [junit]     at sun.reflect.NativeMethodAccessorImpl.invoke0(Native Method)\n    [junit]     at sun.reflect.NativeMethodAccessorImpl.invoke(NativeMethodAccessorImpl.java:39)\n    [junit]     at sun.reflect.DelegatingMethodAccessorImpl.invoke(DelegatingMethodAccessorImpl.java:25)\n    [junit]     at java.lang.reflect.Method.invoke(Method.java:597)\n    [junit]     at org.junit.runners.model.FrameworkMethod$1.runReflectiveCall(FrameworkMethod.java:44)\n    [junit]     at org.junit.internal.runners.model.ReflectiveCallable.run(ReflectiveCallable.java:15)\n    [junit]     at org.junit.runners.model.FrameworkMethod.invokeExplosively(FrameworkMethod.java:41)\n    [junit]     at org.junit.internal.runners.statements.InvokeMethod.evaluate(InvokeMethod.java:20)\n    [junit]     at org.junit.rules.TestWatchman$1.evaluate(TestWatchman.java:48)\n    [junit]     at org.junit.internal.runners.statements.RunBefores.evaluate(RunBefores.java:28)\n    [junit]     at org.junit.internal.runners.statements.RunAfters.evaluate(RunAfters.java:31)\n    [junit]     at org.junit.runners.BlockJUnit4ClassRunner.runChild(BlockJUnit4ClassRunner.java:76)\n    [junit]     at org.apache.lucene.util.LuceneTestCase$LuceneTestCaseRunner.runChild(LuceneTestCase.java:795)\n    [junit]     at org.apache.lucene.util.LuceneTestCase$LuceneTestCaseRunner.runChild(LuceneTestCase.java:768)\n    [junit]     at org.junit.runners.ParentRunner$3.run(ParentRunner.java:193)\n    [junit]     at org.junit.runners.ParentRunner$1.schedule(ParentRunner.java:52)\n    [junit]     at org.junit.runners.ParentRunner.runChildren(ParentRunner.java:191)\n    [junit]     at org.junit.runners.ParentRunner.access$000(ParentRunner.java:42)\n    [junit]     at org.junit.runners.ParentRunner$2.evaluate(ParentRunner.java:184)\n    [junit]     at org.junit.internal.runners.statements.RunBefores.evaluate(RunBefores.java:28)\n    [junit]     at org.junit.internal.runners.statements.RunAfters.evaluate(RunAfters.java:31)\n    [junit]     at org.junit.runners.ParentRunner.run(ParentRunner.java:236)\n    [junit]     at junit.framework.JUnit4TestAdapter.run(JUnit4TestAdapter.java:39)\n    [junit]     at org.apache.tools.ant.taskdefs.optional.junit.JUnitTestRunner.run(JUnitTestRunner.java:420)\n    [junit]     at org.apache.tools.ant.taskdefs.optional.junit.JUnitTestRunner.launch(JUnitTestRunner.java:911)\n    [junit]     at org.apache.tools.ant.taskdefs.optional.junit.JUnitTestRunner.main(JUnitTestRunner.java:743)\n    [junit]\n    [junit] WARNING: 1 broken segments (containing 157 documents) detected\n    [junit]\n    [junit] NOTE: reproduce with: ant test -Dtestcase=TestIndexWriterDelete -Dtestmethod=testUpdatesOnDiskFull -Dtests.s\need=-8128829179004133416:-5617162412680232634\n    [junit] NOTE: test params are: codec=MockFixedIntBlock(blockSize=266), locale=tr_TR, timezone=Africa/Maseru\n    [junit] ------------- ---------------- ---------------\n    [junit] TEST org.apache.lucene.index.TestIndexWriterDelete FAILED\n    [junit] Testsuite: org.apache.lucene.index.TestLazyProxSkipping\n    [junit] Tests run: 2, Failures: 0, Errors: 0, Time elapsed: 0.034 sec\n    [junit]\n    [junit] ------------- Standard Output ---------------\n    [junit] NOTE: reproduce with: ant test -Dtestcase=TestLazyProxSkipping -Dtestmethod=testLazySkipping -Dtests.seed=-7\n119541877291237950:-8499388603775233752\n    [junit] NOTE: test params are: codec=SimpleText, locale=da_DK, timezone=Pacific/Guam\n    [junit] ------------- ---------------- ---------------\n{noformat}",
    "hasPatch": true,
    "hasScreenshot": false,
    "id": "LUCENE-2696",
    "issuetypeClassified": "OTHER",
    "issuetypeTracker": "BUG",
    "priority": "Major",
    "product": "LUCENE",
    "project": "LUCENE",
    "summary": "TestIndexWriterDelete makes broken segments with payloads on",
    "systemSpecification": true,
    "version": "4.0-ALPHA"
}