{
    "comments": [
        {
            "author": "pschwartau@meer.net",
            "body": "Testcase added to JS testsuite:\n\n          mozilla/js/tests/ecma_3/Expressions/11.9.6-1.js\n\n\nIt is named after Section 11.9.6 in the ECMA-262 Edition 3 Final:\n\n11.9.6 The Strict Equality Comparison Algorithm\nThe comparison x === y, where x and y are values, produces true or false.\nSuch a comparison is performed as follows:\n\n1. If Type(x) is different from Type(y), return false.\n2. If Type(x) is Undefined, return true.\n3. If Type(x) is Null, return true.\n\n               etc.\n               etc.\n\nSince typeof undefined = 'undefined', and typeof null = 'object',\nI would expect (undefined === null) to be false by Step 1.",
            "date": "20020220T19:18:54",
            "id": 0
        },
        {
            "author": "pschwartau@meer.net",
            "body": "Here are the command lines I'm using:\n\ncd mozilla/js/tests\n\nTEST PASSES:\nperl jsDriver.pl -e rhinoi -f TEST.html -k -l ecma_3/Expressions/11.9.6-1.js\n\nTEST FAILS:\nperl jsDriver.pl -e rhino  -f TEST.html -k -l ecma_3/Expressions/11.9.6-1.js\n\n\nEngine command line: java org.mozilla.javascript.tools.shell.Main \nOS type: WIN\njava full version \"1.3.0_01\" \n\nFailure Details\n     Testcase ecma_3/Expressions/11.9.6-1.js failed \n     Bug Number 126722\n     \n     STATUS: Testing the comparison |undefined === null|\n     Failure messages were:\n     FAILED!: [reported from test()] Section 1 of test -\n     FAILED!: [reported from test()] Expected value 'false', Actual value 'true'\n     FAILED!: [reported from test()] \n     FAILED!: [reported from test()] Section 2 of test -\n     FAILED!: [reported from test()] Expected value 'false', Actual value 'true'\n     FAILED!: [reported from test()] \n     FAILED!: [reported from test()] Section 3 of test -\n     FAILED!: [reported from test()] Expected value 'false', Actual value 'true'\n     FAILED!: [reported from test()] \n     FAILED!: [reported from test()] Section 4 of test -\n     FAILED!: [reported from test()] Expected value 'false', Actual value 'true'\n     FAILED!: [reported from test()] ",
            "date": "20020220T19:27:50",
            "id": 1
        },
        {
            "author": "norrisboyd@gmail.com",
            "body": "Fixed:\n\nChecking in optimizer/Codegen.java;\n/cvsroot/mozilla/js/rhino/src/org/mozilla/javascript/optimizer/Codegen.java,v  <\n--  Codegen.java\nnew revision: 1.53; previous revision: 1.52\ndone",
            "date": "20020221T15:59:46",
            "id": 2
        },
        {
            "author": "pschwartau@meer.net",
            "body": "Reopening. I'm still getting a failure on Section 1 of the testcase:\n\njava -jar build/rhino1_5R4pre/js.jar\n     -f ../tests/ecma_3/shell.js\n     -f ../tests/ecma_3/Expressions/11.9.6-1.js\n\nBUGNUMBER: 126722\nSTATUS: Testing the comparison |undefined === null|\nFAILED!: [reported from test()] Section 1 of test -\nFAILED!: [reported from test()] Expected value 'false', Actual value 'true'\n\n\nSection 1 is as follows:\n\nif (undefined === null)\n  actual = true;\nelse\n  actual = false;\nexpect = false;",
            "date": "20020221T19:10:26",
            "id": 3
        },
        {
            "author": "norrisboyd@gmail.com",
            "body": "Thanks--missed one codepath.\n\nChecking in Codegen.java;\n/cvsroot/mozilla/js/rhino/src/org/mozilla/javascript/optimizer/Codegen.java,v  <\n--  Codegen.java\nnew revision: 1.54; previous revision: 1.53\ndone",
            "date": "20020222T17:46:48",
            "id": 4
        },
        {
            "author": "pschwartau@meer.net",
            "body": "Marking Verified FIXED.\n\nThe testcase now passes in both the rhino and rhinoi shells on WinNT -",
            "date": "20020223T01:24:29",
            "id": 5
        },
        {
            "author": "igor@mir2.org",
            "body": "Targeting as resolved against 1.5R4",
            "date": "20040213T12:20:04",
            "id": 6
        }
    ],
    "component": "Core",
    "description": "I have a testcase which examines (undefined === null), expecting this\nto be false. It passes in the SpiderMonkey shell and in Rhino interpreted\nmode, but it's failing in Rhino compiled mode. I will check the testcase\ninto CVS and give the path for it below -",
    "hasPatch": false,
    "hasScreenshot": false,
    "id": "126722",
    "issuetypeClassified": "BUG",
    "issuetypeTracker": "BUG",
    "priority": "-- normal",
    "product": "Rhino",
    "project": "RHINO",
    "summary": "(undefined === null) evaluating to true in Rhino compiled mode",
    "systemSpecification": true,
    "version": "other"
}