{
    "comments": [
        {
            "author": "rspeyer@gmail.com",
            "body": "Created attachment 390631\ninitial implementation of Function.bind\n\nDepends on attachement 390629",
            "date": "20090725T08:14:41",
            "id": 0
        },
        {
            "author": "norrisboyd@gmail.com",
            "body": "I got failures after patching the above attachment into the current CVS head and running the tests:\n\n[/home/norris/rhino17/mozilla/js/rhino] ANT_OPTS=-Xms1000m ant junit-all\nBuildfile: build.xml\n\nproperties:\n\ninit:\n\ncompile:\n\ncompile-most:\n    [javac] Compiling 1 source file to /home/norris/rhino17/mozilla/js/rhino/build/classes\n\ncompile-jdk15:\n\ncompile:\n\nproperties:\n\ncompile:\n\nxmlimplsrc-compile:\n     [echo] Calling /home/norris/rhino17/mozilla/js/rhino/xmlimplsrc/build.xml\n\ncompile:\n\ne4x-compile:\n\nno-e4x-compile:\n\nold-e4x:\n\nxmlbeans-unzip:\n\nold-e4x-compile:\n     [echo] Compiling XMLBeans E4X implementation using ./lib/xbean.jar and ./lib/jsr173_1.0_api.jar\n\nno-old-e4x-compile:\n\njunit-all:\n\njunit-compile:\n      [get] Getting: http://mirrors.ibiblio.org/pub/mirrors/maven2/junit/junit/4.5/junit-4.5.jar\n      [get] To: /home/norris/rhino17/mozilla/js/rhino/lib/junit.jar\n      [get] Not modified - so not downloaded\n\ncopy-files:\n\ncoverage-instrument:\n      [get] Getting: http://mirrors.ibiblio.org/pub/mirrors/maven2/emma/emma/2.0.5312/emma-2.0.5312.jar\n      [get] To: /home/norris/rhino17/mozilla/js/rhino/lib/emma.jar\n      [get] Not modified - so not downloaded\n      [get] Getting: http://mirrors.ibiblio.org/pub/mirrors/maven2/emma/emma_ant/2.0.5312/emma_ant-2.0.5312.jar\n      [get] To: /home/norris/rhino17/mozilla/js/rhino/lib/emma_ant.jar\n      [get] Not modified - so not downloaded\n    [instr] processing instrumentation path ...\n    [instr] instrumentation path processed in 829 ms\n    [instr] [1 class(es) instrumented, 0 resource(s) copied]\n    [instr] metadata merged into [/home/norris/rhino17/mozilla/js/rhino/build/coverage/instrumentation] {in 11 ms}\n     [copy] Copying 1 file to /home/norris/rhino17/mozilla/js/rhino/build/coverage/classes\n\njunit:\n    [junit] Running org.mozilla.javascript.tests.ApplyOnPrimitiveNumberTest\n    [junit] EMMA: collecting runtime coverage data ...\n    [junit] Tests run: 1, Failures: 0, Errors: 0, Time elapsed: 0.906 sec\n    [junit] Running org.mozilla.javascript.tests.ArrayConcatTest\n    [junit] Tests run: 1, Failures: 0, Errors: 0, Time elapsed: 0.038 sec\n    [junit] Running org.mozilla.javascript.tests.Bug409702Test\n    [junit] Tests run: 1, Failures: 0, Errors: 0, Time elapsed: 0.137 sec\n    [junit] Running org.mozilla.javascript.tests.Bug412433Test\n    [junit] Tests run: 1, Failures: 0, Errors: 0, Time elapsed: 0.061 sec\n    [junit] Running org.mozilla.javascript.tests.Bug419940Test\n    [junit] Tests run: 1, Failures: 0, Errors: 0, Time elapsed: 0.028 sec\n    [junit] Running org.mozilla.javascript.tests.Bug421071Test\n    [junit] Tests run: 1, Failures: 0, Errors: 0, Time elapsed: 0.044 sec\n    [junit] Running org.mozilla.javascript.tests.Bug448816Test\n    [junit] Tests run: 7, Failures: 0, Errors: 0, Time elapsed: 0.115 sec\n    [junit] Running org.mozilla.javascript.tests.Bug467396Test\n    [junit] Tests run: 1, Failures: 0, Errors: 0, Time elapsed: 0.037 sec\n    [junit] Running org.mozilla.javascript.tests.Bug492525Test\n    [junit] Tests run: 1, Failures: 0, Errors: 0, Time elapsed: 0.015 sec\n    [junit] Running org.mozilla.javascript.tests.ClassShutterExceptionTest\n    [junit] Tests run: 4, Failures: 0, Errors: 0, Time elapsed: 0.086 sec\n    [junit] Running org.mozilla.javascript.tests.ContextFactoryTest\n    [junit] Tests run: 1, Failures: 0, Errors: 0, Time elapsed: 0.012 sec\n    [junit] Running org.mozilla.javascript.tests.ContinuationsApiTest\n    [junit] Tests run: 6, Failures: 0, Errors: 0, Time elapsed: 0.26 sec\n    [junit] Running org.mozilla.javascript.tests.CustomSetterAcceptNullScriptableTest\n    [junit] Tests run: 1, Failures: 0, Errors: 0, Time elapsed: 0.02 sec\n    [junit] Running org.mozilla.javascript.tests.DefineFunctionPropertiesTest\n    [junit] Tests run: 2, Failures: 0, Errors: 0, Time elapsed: 0.029 sec\n    [junit] Running org.mozilla.javascript.tests.DoctestsTest\n    [junit] 434041.doctest(-1): 6 passed.\n    [junit] 434041.doctest(0): 6 passed.\n    [junit] 434041.doctest(9): 6 passed.\n    [junit] 368019.doctest(-1): 4 passed.\n    [junit] 368019.doctest(0): 4 passed.\n    [junit] 368019.doctest(9): 4 passed.\n    [junit] 413838.doctest(-1): 20 passed.\n    [junit] 413838.doctest(0): 20 passed.\n    [junit] 413838.doctest(9): 20 passed.\n    [junit] 429121.doctest(-1): 1 passed.\n    [junit] 429121.doctest(0): 1 passed.\n    [junit] 429121.doctest(9): 1 passed.\n    [junit] 433878.doctest(-1): 4 passed.\n    [junit] 433878.doctest(0): 4 passed.\n    [junit] 433878.doctest(9): 4 passed.\n    [junit] 439530.doctest(-1): 2 passed.\n    [junit] 439530.doctest(0): 2 passed.\n    [junit] 439530.doctest(9): 2 passed.\n    [junit] 441417.doctest(-1): 3 passed.\n    [junit] 441417.doctest(0): 3 passed.\n    [junit] 441417.doctest(9): 3 passed.\n    [junit] 442922.doctest(-1): 4 passed.\n    [junit] 442922.doctest(0): 4 passed.\n    [junit] 442922.doctest(9): 4 passed.\n    [junit] Counter.doctest(-1): 7 passed.\n    [junit] Counter.doctest(0): 7 passed.\n    [junit] Counter.doctest(9): 7 passed.\n    [junit] Matrix.doctest(-1): 9 passed.\n    [junit] Matrix.doctest(0): 9 passed.\n    [junit] Matrix.doctest(9): 9 passed.\n    [junit] canonicalize.doctest(-1): 8 passed.\n    [junit] canonicalize.doctest(0): 8 passed.\n    [junit] canonicalize.doctest(9): 8 passed.\n    [junit] iterable.doctest(-1): 4 passed.\n    [junit] iterable.doctest(0): 4 passed.\n    [junit] iterable.doctest(9): 4 passed.\n    [junit] serialize.doctest(-1): 6 passed.\n    [junit] serialize.doctest(0): 6 passed.\n    [junit] serialize.doctest(9): 6 passed.\n    [junit] tail-call-in-try.doctest(-1): 3 passed.\n    [junit] tail-call-in-try.doctest(0): 3 passed.\n    [junit] tail-call-in-try.doctest(9): 3 passed.\n    [junit] test2.doctest(-1): 9 passed.\n    [junit] test2.doctest(0): 9 passed.\n    [junit] test2.doctest(9): 9 passed.\n    [junit] 393794.doctest(-1): 3 passed.\n    [junit] 393794.doctest(0): 3 passed.\n    [junit] 393794.doctest(9): 3 passed.\n    [junit] 473761.doctest(-1): 5 passed.\n    [junit] 473761.doctest(0): 5 passed.\n    [junit] 473761.doctest(9): 5 passed.\n    [junit] xmlOptions.doctest(-1): 7 passed.\n    [junit] xmlOptions.doctest(0): 7 passed.\n    [junit] xmlOptions.doctest(9): 7 passed.\n    [junit] 480758.doctest(-1): 6 passed.\n    [junit] 480758.doctest(0): 6 passed.\n    [junit] 480758.doctest(9): 6 passed.\n    [junit] 477233.doctest(-1): 3 passed.\n    [junit] 477233.doctest(0): 3 passed.\n    [junit] 477233.doctest(9): 3 passed.\n    [junit] object.getownpropertydescriptor.doctest(-1): 34 passed.\n    [junit] object.getownpropertydescriptor.doctest(0): 34 passed.\n    [junit] object.getownpropertydescriptor.doctest(9): 34 passed.\n    [junit] object.getownpropertynames.doctest(-1): 27 passed.\n    [junit] object.getownpropertynames.doctest(0): 27 passed.\n    [junit] object.getownpropertynames.doctest(9): 27 passed.\n    [junit] object.getprototypeof.doctest(-1): 7 passed.\n    [junit] object.getprototypeof.doctest(0): 7 passed.\n    [junit] object.getprototypeof.doctest(9): 7 passed.\n    [junit] object.keys.doctest(-1): 27 passed.\n    [junit] object.keys.doctest(0): 27 passed.\n    [junit] object.keys.doctest(9): 27 passed.\n    [junit] iteratorKeys.doctest(-1): 4 passed.\n    [junit] iteratorKeys.doctest(0): 4 passed.\n    [junit] iteratorKeys.doctest(9): 4 passed.\n    [junit] object.defineproperty.doctest(-1): 97 passed.\n    [junit] object.defineproperty.doctest(0): 97 passed.\n    [junit] object.defineproperty.doctest(9): 97 passed.\n    [junit] object.extensible.doctest(-1): 16 passed.\n    [junit] object.extensible.doctest(0): 16 passed.\n    [junit] object.extensible.doctest(9): 16 passed.\n    [junit] object.create.doctest(-1): 19 passed.\n    [junit] object.create.doctest(0): 19 passed.\n    [junit] object.create.doctest(9): 19 passed.\n    [junit] object.defineproperties.doctest(-1): 21 passed.\n    [junit] object.defineproperties.doctest(0): 21 passed.\n    [junit] object.defineproperties.doctest(9): 21 passed.\n    [junit] arrays.doctest(-1): 20 passed.\n    [junit] arrays.doctest(0): 20 passed.\n    [junit] arrays.doctest(9): 20 passed.\n    [junit] 467396.doctest(-1): 8 passed.\n    [junit] 467396.doctest(0): 8 passed.\n    [junit] 467396.doctest(9): 8 passed.\n    [junit] object.freeze.doctest(-1): 14 passed.\n    [junit] object.freeze.doctest(0): 14 passed.\n    [junit] object.freeze.doctest(9): 14 passed.\n    [junit] object.isfrozen.doctest(-1): 19 passed.\n    [junit] object.isfrozen.doctest(0): 19 passed.\n    [junit] object.isfrozen.doctest(9): 19 passed.\n    [junit] object.issealed.doctest(-1): 13 passed.\n    [junit] object.issealed.doctest(0): 13 passed.\n    [junit] object.issealed.doctest(9): 13 passed.\n    [junit] object.seal.doctest(-1): 12 passed.\n    [junit] object.seal.doctest(0): 12 passed.\n    [junit] object.seal.doctest(9): 12 passed.\n    [junit] array.isarray.doctest(-1): 12 passed.\n    [junit] array.isarray.doctest(0): 12 passed.\n    [junit] array.isarray.doctest(9): 12 passed.\n    [junit] string.trim.doctest(-1): 7 passed.\n    [junit] string.trim.doctest(0): 7 passed.\n    [junit] string.trim.doctest(9): 7 passed.\n    [junit] date.toisostring.doctest(-1): 15 passed.\n    [junit] date.toisostring.doctest(0): 15 passed.\n    [junit] date.toisostring.doctest(9): 15 passed.\n    [junit] date.tojson.doctest(-1): 10 passed.\n    [junit] date.tojson.doctest(0): 10 passed.\n    [junit] date.tojson.doctest(9): 10 passed.\n    [junit] function.bind.doctest(-1): FAILED due to org.mozilla.javascript.EvaluatorException: doctest failure running:\n    [junit]  expectTypeError(function() {\n    [junit]    add1.caller = 1\n    [junit]  })\n    [junit] expected: actual: js: \"testsrc/doctests/util.js\", line 6: exception from uncaught JavaScript throw: (function () {add1.caller = 1;}) should have thrown a function TypeError() { [native code for TypeError, arity=1] }\n    [junit] \n    [junit] \tat testsrc/doctests/util.js:6 (expectError)\n    [junit] \tat testsrc/doctests/util.js:1 (expectTypeError)\n    [junit] \tat doctest input:1\n    [junit] \n    [junit] \n    [junit]  (function.bind.doctest#44)\n    [junit]  expectTypeError(function() {\n    [junit]    add1.caller = 1\n    [junit]  })\n    [junit] expected: actual: js: \"testsrc/doctests/util.js\", line 6: exception from uncaught JavaScript throw: (function () {add1.caller = 1;}) should have thrown a function TypeError() { [native code for TypeError, arity=1] }\n    [junit] \n    [junit] \tat testsrc/doctests/util.js:6 (expectError)\n    [junit] \tat testsrc/doctests/util.js:1 (expectTypeError)\n    [junit] \tat doctest input:1\n    [junit] \n    [junit] \n    [junit]  (function.bind.doctest#44))\n    [junit] function.bind.doctest(0): FAILED due to org.mozilla.javascript.EvaluatorException: doctest failure running:\n    [junit]  expectTypeError(function() {\n    [junit]    add1.caller = 1\n    [junit]  })\n    [junit] expected: actual: js: \"testsrc/doctests/util.js\", line 6: exception from uncaught JavaScript throw: (function () {add1.caller = 1;}) should have thrown a function TypeError() { [native code for TypeError, arity=1] }\n    [junit] \n    [junit] \tat testsrc/doctests/util.js:6\n    [junit] \tat testsrc/doctests/util.js:1\n    [junit] \n    [junit] \n    [junit]  (function.bind.doctest#44)\n    [junit]  expectTypeError(function() {\n    [junit]    add1.caller = 1\n    [junit]  })\n    [junit] expected: actual: js: \"testsrc/doctests/util.js\", line 6: exception from uncaught JavaScript throw: (function () {add1.caller = 1;}) should have thrown a function TypeError() { [native code for TypeError, arity=1] }\n    [junit] \n    [junit] \tat testsrc/doctests/util.js:6\n    [junit] \tat testsrc/doctests/util.js:1\n    [junit] \n    [junit] \n    [junit]  (function.bind.doctest#44))\n    [junit] function.bind.doctest(9): FAILED due to org.mozilla.javascript.EvaluatorException: doctest failure running:\n    [junit]  expectTypeError(function() {\n    [junit]    add1.caller = 1\n    [junit]  })\n    [junit] expected: actual: js: \"testsrc/doctests/util.js\", line 6: exception from uncaught JavaScript throw: (function () {add1.caller = 1;}) should have thrown a function TypeError() { [native code for TypeError, arity=1] }\n    [junit] \n    [junit] \tat testsrc/doctests/util.js:6\n    [junit] \tat testsrc/doctests/util.js:1\n    [junit] \n    [junit] \n    [junit]  (function.bind.doctest#44)\n    [junit]  expectTypeError(function() {\n    [junit]    add1.caller = 1\n    [junit]  })\n    [junit] expected: actual: js: \"testsrc/doctests/util.js\", line 6: exception from uncaught JavaScript throw: (function () {add1.caller = 1;}) should have thrown a function TypeError() { [native code for TypeError, arity=1] }\n    [junit] \n    [junit] \tat testsrc/doctests/util.js:6\n    [junit] \tat testsrc/doctests/util.js:1\n    [junit] \n    [junit] \n    [junit]  (function.bind.doctest#44))\n    [junit] Tests run: 120, Failures: 0, Errors: 3, Time elapsed: 4.894 sec\n    [junit] TEST org.mozilla.javascript.tests.DoctestsTest FAILED\n    [junit] Running org.mozilla.javascript.tests.GeneratedClassNameTest\n    [junit] Tests run: 1, Failures: 0, Errors: 0, Time elapsed: 0.029 sec\n    [junit] Running org.mozilla.javascript.tests.GeneratedMethodNameTest\n    [junit] Tests run: 5, Failures: 0, Errors: 0, Time elapsed: 0.065 sec\n    [junit] Running org.mozilla.javascript.tests.GlobalParseXTest\n    [junit] Tests run: 1, Failures: 0, Errors: 0, Time elapsed: 0.159 sec\n    [junit] Running org.mozilla.javascript.tests.JavaAcessibilityTest\n    [junit] Tests run: 5, Failures: 0, Errors: 0, Time elapsed: 0.124 sec\n    [junit] Running org.mozilla.javascript.tests.JsTestsTest\n    [junit] 420012.jstest: passed\n    [junit] 437988.jstest: passed\n    [junit] destructuringLvalue.jstest: passed\n    [junit] 420012.jstest: passed\n    [junit] 437988.jstest: passed\n    [junit] destructuringLvalue.jstest: passed\n    [junit] 420012.jstest: passed\n    [junit] 437988.jstest: passed\n    [junit] destructuringLvalue.jstest: passed\n    [junit] Tests run: 3, Failures: 0, Errors: 0, Time elapsed: 0.344 sec\n    [junit] Running org.mozilla.javascript.tests.MozillaSuiteTest\ncvs add src/org/mozilla/javascript/BoundFunction.java\n    [junit] output from test live/Methods/println-001.js\n    [junit] output from test live/Methods/println-001.js\n    [junit] output from test live/Methods/println-001.js\n    [junit] Tests run: 5285, Failures: 0, Errors: 0, Time elapsed: 805.139 sec\n    [junit] Running org.mozilla.javascript.tests.NativeArrayTest\n    [junit] Tests run: 15, Failures: 0, Errors: 0, Time elapsed: 0.073 sec\n    [junit] Running org.mozilla.javascript.tests.NativeStringTest\n    [junit] Tests run: 1, Failures: 0, Errors: 0, Time elapsed: 0.022 sec\n    [junit] Running org.mozilla.javascript.tests.ObserveInstructionCountTest\n    [junit] Tests run: 4, Failures: 0, Errors: 0, Time elapsed: 0.054 sec\n    [junit] Running org.mozilla.javascript.tests.ParserTest\n    [junit] Tests run: 48, Failures: 0, Errors: 0, Time elapsed: 0.249 sec\n    [junit] Running org.mozilla.javascript.tests.PrimitiveTypeScopeResolutionTest\n    [junit] Tests run: 4, Failures: 0, Errors: 0, Time elapsed: 0.093 sec\n    [junit] Running org.mozilla.javascript.tests.StackTraceTest\n    [junit] Tests run: 1, Failures: 0, Errors: 0, Time elapsed: 0.014 sec\n    [junit] Running org.mozilla.javascript.tests.StrictModeApiTest\n    [junit] Tests run: 1, Failures: 0, Errors: 0, Time elapsed: 0.015 sec\n    [junit] Running org.mozilla.javascript.tests.TypeOfTest\n    [junit] Tests run: 3, Failures: 0, Errors: 0, Time elapsed: 0.066 sec\n    [junit] Running org.mozilla.javascript.tests.es5.ObjectGetOwnPropertyDescriptorTest\n    [junit] Tests run: 1, Failures: 0, Errors: 0, Time elapsed: 0.027 sec\n    [junit] Running org.mozilla.javascript.tests.es5.ObjectGetOwnPropertyNamesTest\n    [junit] Tests run: 1, Failures: 0, Errors: 0, Time elapsed: 0.01 sec\n    [junit] Running org.mozilla.javascript.tests.es5.ObjectKeysTest\n    [junit] Tests run: 1, Failures: 0, Errors: 0, Time elapsed: 0.01 sec\n    [junit] Running org.mozilla.javascript.tests.json.JsonLexerTest\n    [junit] Tests run: 3, Failures: 0, Errors: 0, Time elapsed: 0.036 sec\n    [junit] Running org.mozilla.javascript.tests.json.JsonParserTest\n    [junit] Tests run: 19, Failures: 0, Errors: 0, Time elapsed: 0.113 sec\n    [junit] Running org.mozilla.javascript.drivers.StandardTests\n    [junit] Tests run: 0, Failures: 0, Errors: 0, Time elapsed: 0.003 sec\n    [junit] EMMA: runtime coverage data merged into [/home/norris/rhino17/mozilla/js/rhino/build/coverage/coverage] {in 28 ms}\n    [junit] Tests FAILED\n[junitreport] Processing /home/norris/rhino17/mozilla/js/rhino/build/test/report/TESTS-TestSuites.xml to /tmp/null565052604\n[junitreport] Loading stylesheet jar:file:/home/norris/apache-ant-1.7.1/lib/ant-junit.jar!/org/apache/tools/ant/taskdefs/optional/junit/xsl/junit-frames.xsl\n[junitreport] Transform time: 3681ms\n[junitreport] Deleting: /tmp/null565052604\n\njunit-coveragereport:\n   [delete] Deleting directory /home/norris/rhino17/mozilla/js/rhino/build/coverage/report\n    [mkdir] Created dir: /home/norris/rhino17/mozilla/js/rhino/build/coverage/report\n   [report] processing input files ...\n   [report] 2 file(s) read and merged in 92 ms\n   [report] writing [html] report to [/home/norris/rhino17/mozilla/js/rhino/build/coverage/report/index.html] ...\n\nBUILD FAILED\n/home/norris/rhino17/mozilla/js/rhino/build.xml:289: The following error occurred while executing this line:\n/home/norris/rhino17/mozilla/js/rhino/testsrc/build.xml:152: JUnit test(s) failed\n\nTotal time: 14 minutes 0 seconds",
            "date": "20090727T02:24:21",
            "id": 1
        },
        {
            "author": "norrisboyd@gmail.com",
            "body": "Also, from reviewing the patch:\n* Could you make THROW_TYPE_ERROR lazily initialized rather than created in a static initializer? Static initializers doing complex initialization are a bit brittle.\n* Why do you need to set 'get' and 'set' to THROW_TYPE_ERROR?",
            "date": "20090727T02:28:05",
            "id": 2
        },
        {
            "author": "rspeyer@gmail.com",
            "body": "Yes, this attachment depends on attachment 390629 from bug 489329.\n\n(In reply to comment #2)\n> I got failures after patching the above attachment into the current CVS head\n> and running the tests:\n> \n> [/home/norris/rhino17/mozilla/js/rhino] ANT_OPTS=-Xms1000m ant junit-all\n> Buildfile: build.xml\n> \n> properties:\n> \n> init:\n> \n> compile:\n> \n> compile-most:\n>     [javac] Compiling 1 source file to\n> /home/norris/rhino17/mozilla/js/rhino/build/classes\n> \n> compile-jdk15:\n> \n> compile:\n> \n> properties:\n> \n> compile:\n> \n> xmlimplsrc-compile:\n>      [echo] Calling /home/norris/rhino17/mozilla/js/rhino/xmlimplsrc/build.xml\n> \n> compile:\n> \n> e4x-compile:\n> \n> no-e4x-compile:\n> \n> old-e4x:\n> \n> xmlbeans-unzip:\n> \n> old-e4x-compile:\n>      [echo] Compiling XMLBeans E4X implementation using ./lib/xbean.jar and\n> ./lib/jsr173_1.0_api.jar\n> \n> no-old-e4x-compile:\n> \n> junit-all:\n> \n> junit-compile:\n>       [get] Getting:\n> http://mirrors.ibiblio.org/pub/mirrors/maven2/junit/junit/4.5/junit-4.5.jar\n>       [get] To: /home/norris/rhino17/mozilla/js/rhino/lib/junit.jar\n>       [get] Not modified - so not downloaded\n> \n> copy-files:\n> \n> coverage-instrument:\n>       [get] Getting:\n> http://mirrors.ibiblio.org/pub/mirrors/maven2/emma/emma/2.0.5312/emma-2.0.5312.jar\n>       [get] To: /home/norris/rhino17/mozilla/js/rhino/lib/emma.jar\n>       [get] Not modified - so not downloaded\n>       [get] Getting:\n> http://mirrors.ibiblio.org/pub/mirrors/maven2/emma/emma_ant/2.0.5312/emma_ant-2.0.5312.jar\n>       [get] To: /home/norris/rhino17/mozilla/js/rhino/lib/emma_ant.jar\n>       [get] Not modified - so not downloaded\n>     [instr] processing instrumentation path ...\n>     [instr] instrumentation path processed in 829 ms\n>     [instr] [1 class(es) instrumented, 0 resource(s) copied]\n>     [instr] metadata merged into\n> [/home/norris/rhino17/mozilla/js/rhino/build/coverage/instrumentation] {in 11\n> ms}\n>      [copy] Copying 1 file to\n> /home/norris/rhino17/mozilla/js/rhino/build/coverage/classes\n> \n> junit:\n>     [junit] Running org.mozilla.javascript.tests.ApplyOnPrimitiveNumberTest\n>     [junit] EMMA: collecting runtime coverage data ...\n>     [junit] Tests run: 1, Failures: 0, Errors: 0, Time elapsed: 0.906 sec\n>     [junit] Running org.mozilla.javascript.tests.ArrayConcatTest\n>     [junit] Tests run: 1, Failures: 0, Errors: 0, Time elapsed: 0.038 sec\n>     [junit] Running org.mozilla.javascript.tests.Bug409702Test\n>     [junit] Tests run: 1, Failures: 0, Errors: 0, Time elapsed: 0.137 sec\n>     [junit] Running org.mozilla.javascript.tests.Bug412433Test\n>     [junit] Tests run: 1, Failures: 0, Errors: 0, Time elapsed: 0.061 sec\n>     [junit] Running org.mozilla.javascript.tests.Bug419940Test\n>     [junit] Tests run: 1, Failures: 0, Errors: 0, Time elapsed: 0.028 sec\n>     [junit] Running org.mozilla.javascript.tests.Bug421071Test\n>     [junit] Tests run: 1, Failures: 0, Errors: 0, Time elapsed: 0.044 sec\n>     [junit] Running org.mozilla.javascript.tests.Bug448816Test\n>     [junit] Tests run: 7, Failures: 0, Errors: 0, Time elapsed: 0.115 sec\n>     [junit] Running org.mozilla.javascript.tests.Bug467396Test\n>     [junit] Tests run: 1, Failures: 0, Errors: 0, Time elapsed: 0.037 sec\n>     [junit] Running org.mozilla.javascript.tests.Bug492525Test\n>     [junit] Tests run: 1, Failures: 0, Errors: 0, Time elapsed: 0.015 sec\n>     [junit] Running org.mozilla.javascript.tests.ClassShutterExceptionTest\n>     [junit] Tests run: 4, Failures: 0, Errors: 0, Time elapsed: 0.086 sec\n>     [junit] Running org.mozilla.javascript.tests.ContextFactoryTest\n>     [junit] Tests run: 1, Failures: 0, Errors: 0, Time elapsed: 0.012 sec\n>     [junit] Running org.mozilla.javascript.tests.ContinuationsApiTest\n>     [junit] Tests run: 6, Failures: 0, Errors: 0, Time elapsed: 0.26 sec\n>     [junit] Running\n> org.mozilla.javascript.tests.CustomSetterAcceptNullScriptableTest\n>     [junit] Tests run: 1, Failures: 0, Errors: 0, Time elapsed: 0.02 sec\n>     [junit] Running org.mozilla.javascript.tests.DefineFunctionPropertiesTest\n>     [junit] Tests run: 2, Failures: 0, Errors: 0, Time elapsed: 0.029 sec\n>     [junit] Running org.mozilla.javascript.tests.DoctestsTest\n>     [junit] 434041.doctest(-1): 6 passed.\n>     [junit] 434041.doctest(0): 6 passed.\n>     [junit] 434041.doctest(9): 6 passed.\n>     [junit] 368019.doctest(-1): 4 passed.\n>     [junit] 368019.doctest(0): 4 passed.\n>     [junit] 368019.doctest(9): 4 passed.\n>     [junit] 413838.doctest(-1): 20 passed.\n>     [junit] 413838.doctest(0): 20 passed.\n>     [junit] 413838.doctest(9): 20 passed.\n>     [junit] 429121.doctest(-1): 1 passed.\n>     [junit] 429121.doctest(0): 1 passed.\n>     [junit] 429121.doctest(9): 1 passed.\n>     [junit] 433878.doctest(-1): 4 passed.\n>     [junit] 433878.doctest(0): 4 passed.\n>     [junit] 433878.doctest(9): 4 passed.\n>     [junit] 439530.doctest(-1): 2 passed.\n>     [junit] 439530.doctest(0): 2 passed.\n>     [junit] 439530.doctest(9): 2 passed.\n>     [junit] 441417.doctest(-1): 3 passed.\n>     [junit] 441417.doctest(0): 3 passed.\n>     [junit] 441417.doctest(9): 3 passed.\n>     [junit] 442922.doctest(-1): 4 passed.\n>     [junit] 442922.doctest(0): 4 passed.\n>     [junit] 442922.doctest(9): 4 passed.\n>     [junit] Counter.doctest(-1): 7 passed.\n>     [junit] Counter.doctest(0): 7 passed.\n>     [junit] Counter.doctest(9): 7 passed.\n>     [junit] Matrix.doctest(-1): 9 passed.\n>     [junit] Matrix.doctest(0): 9 passed.\n>     [junit] Matrix.doctest(9): 9 passed.\n>     [junit] canonicalize.doctest(-1): 8 passed.\n>     [junit] canonicalize.doctest(0): 8 passed.\n>     [junit] canonicalize.doctest(9): 8 passed.\n>     [junit] iterable.doctest(-1): 4 passed.\n>     [junit] iterable.doctest(0): 4 passed.\n>     [junit] iterable.doctest(9): 4 passed.\n>     [junit] serialize.doctest(-1): 6 passed.\n>     [junit] serialize.doctest(0): 6 passed.\n>     [junit] serialize.doctest(9): 6 passed.\n>     [junit] tail-call-in-try.doctest(-1): 3 passed.\n>     [junit] tail-call-in-try.doctest(0): 3 passed.\n>     [junit] tail-call-in-try.doctest(9): 3 passed.\n>     [junit] test2.doctest(-1): 9 passed.\n>     [junit] test2.doctest(0): 9 passed.\n>     [junit] test2.doctest(9): 9 passed.\n>     [junit] 393794.doctest(-1): 3 passed.\n>     [junit] 393794.doctest(0): 3 passed.\n>     [junit] 393794.doctest(9): 3 passed.\n>     [junit] 473761.doctest(-1): 5 passed.\n>     [junit] 473761.doctest(0): 5 passed.\n>     [junit] 473761.doctest(9): 5 passed.\n>     [junit] xmlOptions.doctest(-1): 7 passed.\n>     [junit] xmlOptions.doctest(0): 7 passed.\n>     [junit] xmlOptions.doctest(9): 7 passed.\n>     [junit] 480758.doctest(-1): 6 passed.\n>     [junit] 480758.doctest(0): 6 passed.\n>     [junit] 480758.doctest(9): 6 passed.\n>     [junit] 477233.doctest(-1): 3 passed.\n>     [junit] 477233.doctest(0): 3 passed.\n>     [junit] 477233.doctest(9): 3 passed.\n>     [junit] object.getownpropertydescriptor.doctest(-1): 34 passed.\n>     [junit] object.getownpropertydescriptor.doctest(0): 34 passed.\n>     [junit] object.getownpropertydescriptor.doctest(9): 34 passed.\n>     [junit] object.getownpropertynames.doctest(-1): 27 passed.\n>     [junit] object.getownpropertynames.doctest(0): 27 passed.\n>     [junit] object.getownpropertynames.doctest(9): 27 passed.\n>     [junit] object.getprototypeof.doctest(-1): 7 passed.\n>     [junit] object.getprototypeof.doctest(0): 7 passed.\n>     [junit] object.getprototypeof.doctest(9): 7 passed.\n>     [junit] object.keys.doctest(-1): 27 passed.\n>     [junit] object.keys.doctest(0): 27 passed.\n>     [junit] object.keys.doctest(9): 27 passed.\n>     [junit] iteratorKeys.doctest(-1): 4 passed.\n>     [junit] iteratorKeys.doctest(0): 4 passed.\n>     [junit] iteratorKeys.doctest(9): 4 passed.\n>     [junit] object.defineproperty.doctest(-1): 97 passed.\n>     [junit] object.defineproperty.doctest(0): 97 passed.\n>     [junit] object.defineproperty.doctest(9): 97 passed.\n>     [junit] object.extensible.doctest(-1): 16 passed.\n>     [junit] object.extensible.doctest(0): 16 passed.\n>     [junit] object.extensible.doctest(9): 16 passed.\n>     [junit] object.create.doctest(-1): 19 passed.\n>     [junit] object.create.doctest(0): 19 passed.\n>     [junit] object.create.doctest(9): 19 passed.\n>     [junit] object.defineproperties.doctest(-1): 21 passed.\n>     [junit] object.defineproperties.doctest(0): 21 passed.\n>     [junit] object.defineproperties.doctest(9): 21 passed.\n>     [junit] arrays.doctest(-1): 20 passed.\n>     [junit] arrays.doctest(0): 20 passed.\n>     [junit] arrays.doctest(9): 20 passed.\n>     [junit] 467396.doctest(-1): 8 passed.\n>     [junit] 467396.doctest(0): 8 passed.\n>     [junit] 467396.doctest(9): 8 passed.\n>     [junit] object.freeze.doctest(-1): 14 passed.\n>     [junit] object.freeze.doctest(0): 14 passed.\n>     [junit] object.freeze.doctest(9): 14 passed.\n>     [junit] object.isfrozen.doctest(-1): 19 passed.\n>     [junit] object.isfrozen.doctest(0): 19 passed.\n>     [junit] object.isfrozen.doctest(9): 19 passed.\n>     [junit] object.issealed.doctest(-1): 13 passed.\n>     [junit] object.issealed.doctest(0): 13 passed.\n>     [junit] object.issealed.doctest(9): 13 passed.\n>     [junit] object.seal.doctest(-1): 12 passed.\n>     [junit] object.seal.doctest(0): 12 passed.\n>     [junit] object.seal.doctest(9): 12 passed.\n>     [junit] array.isarray.doctest(-1): 12 passed.\n>     [junit] array.isarray.doctest(0): 12 passed.\n>     [junit] array.isarray.doctest(9): 12 passed.\n>     [junit] string.trim.doctest(-1): 7 passed.\n>     [junit] string.trim.doctest(0): 7 passed.\n>     [junit] string.trim.doctest(9): 7 passed.\n>     [junit] date.toisostring.doctest(-1): 15 passed.\n>     [junit] date.toisostring.doctest(0): 15 passed.\n>     [junit] date.toisostring.doctest(9): 15 passed.\n>     [junit] date.tojson.doctest(-1): 10 passed.\n>     [junit] date.tojson.doctest(0): 10 passed.\n>     [junit] date.tojson.doctest(9): 10 passed.\n>     [junit] function.bind.doctest(-1): FAILED due to\n> org.mozilla.javascript.EvaluatorException: doctest failure running:\n>     [junit]  expectTypeError(function() {\n>     [junit]    add1.caller = 1\n>     [junit]  })\n>     [junit] expected: actual: js: \"testsrc/doctests/util.js\", line 6: exception\n> from uncaught JavaScript throw: (function () {add1.caller = 1;}) should have\n> thrown a function TypeError() { [native code for TypeError, arity=1] }\n>     [junit] \n>     [junit]     at testsrc/doctests/util.js:6 (expectError)\n>     [junit]     at testsrc/doctests/util.js:1 (expectTypeError)\n>     [junit]     at doctest input:1\n>     [junit] \n>     [junit] \n>     [junit]  (function.bind.doctest#44)\n>     [junit]  expectTypeError(function() {\n>     [junit]    add1.caller = 1\n>     [junit]  })\n>     [junit] expected: actual: js: \"testsrc/doctests/util.js\", line 6: exception\n> from uncaught JavaScript throw: (function () {add1.caller = 1;}) should have\n> thrown a function TypeError() { [native code for TypeError, arity=1] }\n>     [junit] \n>     [junit]     at testsrc/doctests/util.js:6 (expectError)\n>     [junit]     at testsrc/doctests/util.js:1 (expectTypeError)\n>     [junit]     at doctest input:1\n>     [junit] \n>     [junit] \n>     [junit]  (function.bind.doctest#44))\n>     [junit] function.bind.doctest(0): FAILED due to\n> org.mozilla.javascript.EvaluatorException: doctest failure running:\n>     [junit]  expectTypeError(function() {\n>     [junit]    add1.caller = 1\n>     [junit]  })\n>     [junit] expected: actual: js: \"testsrc/doctests/util.js\", line 6: exception\n> from uncaught JavaScript throw: (function () {add1.caller = 1;}) should have\n> thrown a function TypeError() { [native code for TypeError, arity=1] }\n>     [junit] \n>     [junit]     at testsrc/doctests/util.js:6\n>     [junit]     at testsrc/doctests/util.js:1\n>     [junit] \n>     [junit] \n>     [junit]  (function.bind.doctest#44)\n>     [junit]  expectTypeError(function() {\n>     [junit]    add1.caller = 1\n>     [junit]  })\n>     [junit] expected: actual: js: \"testsrc/doctests/util.js\", line 6: exception\n> from uncaught JavaScript throw: (function () {add1.caller = 1;}) should have\n> thrown a function TypeError() { [native code for TypeError, arity=1] }\n>     [junit] \n>     [junit]     at testsrc/doctests/util.js:6\n>     [junit]     at testsrc/doctests/util.js:1\n>     [junit] \n>     [junit] \n>     [junit]  (function.bind.doctest#44))\n>     [junit] function.bind.doctest(9): FAILED due to\n> org.mozilla.javascript.EvaluatorException: doctest failure running:\n>     [junit]  expectTypeError(function() {\n>     [junit]    add1.caller = 1\n>     [junit]  })\n>     [junit] expected: actual: js: \"testsrc/doctests/util.js\", line 6: exception\n> from uncaught JavaScript throw: (function () {add1.caller = 1;}) should have\n> thrown a function TypeError() { [native code for TypeError, arity=1] }\n>     [junit] \n>     [junit]     at testsrc/doctests/util.js:6\n>     [junit]     at testsrc/doctests/util.js:1\n>     [junit] \n>     [junit] \n>     [junit]  (function.bind.doctest#44)\n>     [junit]  expectTypeError(function() {\n>     [junit]    add1.caller = 1\n>     [junit]  })\n>     [junit] expected: actual: js: \"testsrc/doctests/util.js\", line 6: exception\n> from uncaught JavaScript throw: (function () {add1.caller = 1;}) should have\n> thrown a function TypeError() { [native code for TypeError, arity=1] }\n>     [junit] \n>     [junit]     at testsrc/doctests/util.js:6\n>     [junit]     at testsrc/doctests/util.js:1\n>     [junit] \n>     [junit] \n>     [junit]  (function.bind.doctest#44))\n>     [junit] Tests run: 120, Failures: 0, Errors: 3, Time elapsed: 4.894 sec\n>     [junit] TEST org.mozilla.javascript.tests.DoctestsTest FAILED\n>     [junit] Running org.mozilla.javascript.tests.GeneratedClassNameTest\n>     [junit] Tests run: 1, Failures: 0, Errors: 0, Time elapsed: 0.029 sec\n>     [junit] Running org.mozilla.javascript.tests.GeneratedMethodNameTest\n>     [junit] Tests run: 5, Failures: 0, Errors: 0, Time elapsed: 0.065 sec\n>     [junit] Running org.mozilla.javascript.tests.GlobalParseXTest\n>     [junit] Tests run: 1, Failures: 0, Errors: 0, Time elapsed: 0.159 sec\n>     [junit] Running org.mozilla.javascript.tests.JavaAcessibilityTest\n>     [junit] Tests run: 5, Failures: 0, Errors: 0, Time elapsed: 0.124 sec\n>     [junit] Running org.mozilla.javascript.tests.JsTestsTest\n>     [junit] 420012.jstest: passed\n>     [junit] 437988.jstest: passed\n>     [junit] destructuringLvalue.jstest: passed\n>     [junit] 420012.jstest: passed\n>     [junit] 437988.jstest: passed\n>     [junit] destructuringLvalue.jstest: passed\n>     [junit] 420012.jstest: passed\n>     [junit] 437988.jstest: passed\n>     [junit] destructuringLvalue.jstest: passed\n>     [junit] Tests run: 3, Failures: 0, Errors: 0, Time elapsed: 0.344 sec\n>     [junit] Running org.mozilla.javascript.tests.MozillaSuiteTest\n> cvs add src/org/mozilla/javascript/BoundFunction.java\n>     [junit] output from test live/Methods/println-001.js\n>     [junit] output from test live/Methods/println-001.js\n>     [junit] output from test live/Methods/println-001.js\n>     [junit] Tests run: 5285, Failures: 0, Errors: 0, Time elapsed: 805.139 sec\n>     [junit] Running org.mozilla.javascript.tests.NativeArrayTest\n>     [junit] Tests run: 15, Failures: 0, Errors: 0, Time elapsed: 0.073 sec\n>     [junit] Running org.mozilla.javascript.tests.NativeStringTest\n>     [junit] Tests run: 1, Failures: 0, Errors: 0, Time elapsed: 0.022 sec\n>     [junit] Running org.mozilla.javascript.tests.ObserveInstructionCountTest\n>     [junit] Tests run: 4, Failures: 0, Errors: 0, Time elapsed: 0.054 sec\n>     [junit] Running org.mozilla.javascript.tests.ParserTest\n>     [junit] Tests run: 48, Failures: 0, Errors: 0, Time elapsed: 0.249 sec\n>     [junit] Running\n> org.mozilla.javascript.tests.PrimitiveTypeScopeResolutionTest\n>     [junit] Tests run: 4, Failures: 0, Errors: 0, Time elapsed: 0.093 sec\n>     [junit] Running org.mozilla.javascript.tests.StackTraceTest\n>     [junit] Tests run: 1, Failures: 0, Errors: 0, Time elapsed: 0.014 sec\n>     [junit] Running org.mozilla.javascript.tests.StrictModeApiTest\n>     [junit] Tests run: 1, Failures: 0, Errors: 0, Time elapsed: 0.015 sec\n>     [junit] Running org.mozilla.javascript.tests.TypeOfTest\n>     [junit] Tests run: 3, Failures: 0, Errors: 0, Time elapsed: 0.066 sec\n>     [junit] Running\n> org.mozilla.javascript.tests.es5.ObjectGetOwnPropertyDescriptorTest\n>     [junit] Tests run: 1, Failures: 0, Errors: 0, Time elapsed: 0.027 sec\n>     [junit] Running\n> org.mozilla.javascript.tests.es5.ObjectGetOwnPropertyNamesTest\n>     [junit] Tests run: 1, Failures: 0, Errors: 0, Time elapsed: 0.01 sec\n>     [junit] Running org.mozilla.javascript.tests.es5.ObjectKeysTest\n>     [junit] Tests run: 1, Failures: 0, Errors: 0, Time elapsed: 0.01 sec\n>     [junit] Running org.mozilla.javascript.tests.json.JsonLexerTest\n>     [junit] Tests run: 3, Failures: 0, Errors: 0, Time elapsed: 0.036 sec\n>     [junit] Running org.mozilla.javascript.tests.json.JsonParserTest\n>     [junit] Tests run: 19, Failures: 0, Errors: 0, Time elapsed: 0.113 sec\n>     [junit] Running org.mozilla.javascript.drivers.StandardTests\n>     [junit] Tests run: 0, Failures: 0, Errors: 0, Time elapsed: 0.003 sec\n>     [junit] EMMA: runtime coverage data merged into\n> [/home/norris/rhino17/mozilla/js/rhino/build/coverage/coverage] {in 28 ms}\n>     [junit] Tests FAILED\n> [junitreport] Processing\n> /home/norris/rhino17/mozilla/js/rhino/build/test/report/TESTS-TestSuites.xml to\n> /tmp/null565052604\n> [junitreport] Loading stylesheet\n> jar:file:/home/norris/apache-ant-1.7.1/lib/ant-junit.jar!/org/apache/tools/ant/taskdefs/optional/junit/xsl/junit-frames.xsl\n> [junitreport] Transform time: 3681ms\n> [junitreport] Deleting: /tmp/null565052604\n> \n> junit-coveragereport:\n>    [delete] Deleting directory\n> /home/norris/rhino17/mozilla/js/rhino/build/coverage/report\n>     [mkdir] Created dir:\n> /home/norris/rhino17/mozilla/js/rhino/build/coverage/report\n>    [report] processing input files ...\n>    [report] 2 file(s) read and merged in 92 ms\n>    [report] writing [html] report to\n> [/home/norris/rhino17/mozilla/js/rhino/build/coverage/report/index.html] ...\n> \n> BUILD FAILED\n> /home/norris/rhino17/mozilla/js/rhino/build.xml:289: The following error\n> occurred while executing this line:\n> /home/norris/rhino17/mozilla/js/rhino/testsrc/build.xml:152: JUnit test(s)\n> failed\n> \n> Total time: 14 minutes 0 seconds",
            "date": "20090727T14:40:05",
            "id": 3
        },
        {
            "author": "rspeyer@gmail.com",
            "body": "(In reply to comment #3)\n> Also, from reviewing the patch:\n> * Could you make THROW_TYPE_ERROR lazily initialized rather than created in a\n> static initializer? Static initializers doing complex initialization are a bit\n> brittle.\n\nSure, I'll submit a patch for that.\n\n> * Why do you need to set 'get' and 'set' to THROW_TYPE_ERROR?\n\nI'm modelling it on the [[ThrowTypeError]] object (13.2.3), as required by 15.3.4.5, steps 17-19. I'm using the version of the spec with errata as of 16th June.",
            "date": "20090727T14:49:43",
            "id": 4
        },
        {
            "author": "rspeyer@gmail.com",
            "body": "Created attachment 390824\nlazily initialise ThrowTypeError\n\nI'm assuming I don't have to worry about thread synchronisation here. Is that correct?",
            "date": "20090727T15:34:50",
            "id": 5
        },
        {
            "author": "norrisboyd@gmail.com",
            "body": "Does it matter if you create two THROW_TYPE_ERROR objects because of a thread switch between the creation and the store to the static member? If not, then I'd say don't worry about thread synchronization.",
            "date": "20090727T16:08:32",
            "id": 6
        },
        {
            "author": "rspeyer@gmail.com",
            "body": "Well in principle thread 2 could return the object before thread 1 has called preventExtensions on it, and the spec requires that the object shouldn't be extensible. Not likely to cause a lot of harm though as I see it, but to be safe I could synchronize that access.\n\n(In reply to comment #7)\n> Does it matter if you create two THROW_TYPE_ERROR objects because of a thread\n> switch between the creation and the store to the static member? If not, then\n> I'd say don't worry about thread synchronization.",
            "date": "20090727T16:28:09",
            "id": 7
        },
        {
            "author": "norrisboyd@gmail.com",
            "body": "You could wait until after calling preventExtensions before assigning the object to the static. \n\nAt any rate, not a big deal if you just want to synchronize.",
            "date": "20090727T16:52:08",
            "id": 8
        },
        {
            "author": "rspeyer@gmail.com",
            "body": "Created attachment 390845\nmade lazy initialisation safe in presence of multi-threading\n\nby assigning to the shared variable after it's completely initialised.",
            "date": "20090727T17:12:57",
            "id": 9
        },
        {
            "author": "norrisboyd@gmail.com",
            "body": "Checking in src/org/mozilla/javascript/BaseFunction.java;\n/cvsroot/mozilla/js/rhino/src/org/mozilla/javascript/BaseFunction.java,v  <--  BaseFunction.java\nnew revision: 1.69; previous revision: 1.68\ndone\nRCS file: /cvsroot/mozilla/js/rhino/src/org/mozilla/javascript/BoundFunction.java,v\ndone\nChecking in src/org/mozilla/javascript/BoundFunction.java;\n/cvsroot/mozilla/js/rhino/src/org/mozilla/javascript/BoundFunction.java,v  <--  BoundFunction.java\ninitial revision: 1.1\ndone\nChecking in src/org/mozilla/javascript/ScriptRuntime.java;\n/cvsroot/mozilla/js/rhino/src/org/mozilla/javascript/ScriptRuntime.java,v  <--  ScriptRuntime.java\nnew revision: 1.317; previous revision: 1.316\ndone\nChecking in src/org/mozilla/javascript/resources/Messages.properties;\n/cvsroot/mozilla/js/rhino/src/org/mozilla/javascript/resources/Messages.properties,v  <--  Messages.properties\nnew revision: 1.97; previous revision: 1.96\ndone\nRCS file: /cvsroot/mozilla/js/rhino/testsrc/doctests/function.bind.doctest,v\ndone\nChecking in testsrc/doctests/function.bind.doctest;\n/cvsroot/mozilla/js/rhino/testsrc/doctests/function.bind.doctest,v  <--  function.bind.doctest\ninitial revision: 1.1",
            "date": "20090728T02:49:36",
            "id": 10
        },
        {
            "author": "rspeyer@gmail.com",
            "body": "Created attachment 391035\nset the prototype of bound functions to Function.prototype",
            "date": "20090728T08:30:52",
            "id": 11
        },
        {
            "author": "norrisboyd@gmail.com",
            "body": "(In reply to comment #12)\n> Created an attachment (id=391035) [details]\n> set the prototype of bound functions to Function.prototype\n\nChecking in src/org/mozilla/javascript/BaseFunction.java;\n/cvsroot/mozilla/js/rhino/src/org/mozilla/javascript/BaseFunction.java,v  <--  BaseFunction.java\nnew revision: 1.70; previous revision: 1.69\ndone\nChecking in src/org/mozilla/javascript/BoundFunction.java;\n/cvsroot/mozilla/js/rhino/src/org/mozilla/javascript/BoundFunction.java,v  <--  BoundFunction.java\nnew revision: 1.2; previous revision: 1.1\ndone\nChecking in testsrc/doctests/function.bind.doctest;\n/cvsroot/mozilla/js/rhino/testsrc/doctests/function.bind.doctest,v  <--  function.bind.doctest\nnew revision: 1.2; previous revision: 1.1",
            "date": "20090728T12:22:29",
            "id": 12
        },
        {
            "author": "rspeyer@gmail.com",
            "body": "Created attachment 391087\nmoved handing of the this binding to execution of bound function\n\nAs per 15.3.4.5 step 6, and 10.4.3 of the spec",
            "date": "20090728T15:33:16",
            "id": 13
        }
    ],
    "component": "Core",
    "description": "User-Agent:       Mozilla/5.0 (Macintosh; U; Intel Mac OS X 10_5_7; en-gb) AppleWebKit/530.18 (KHTML, like Gecko) Version/4.0.1 Safari/530.18\nBuild Identifier: Rhino 1.7 release 2 2009 03 22\n\nAs per 15.3.4.5 of the spec\n\nReproducible: Always",
    "hasPatch": true,
    "hasScreenshot": false,
    "id": "506436",
    "issuetypeClassified": "OTHER",
    "issuetypeTracker": "RFE",
    "priority": "-- enhancement",
    "product": "Rhino",
    "project": "RHINO",
    "summary": "Implement Function.bind",
    "systemSpecification": false,
    "version": "other"
}