{
    "comments": [
        {
            "author": "hannesw@gmail.com",
            "body": "Fixed: https://github.com/mozilla/rhino/commit/404235ccb22518a95ceafd511a5f4ea8b6139a44",
            "date": "20111119T15:25:57",
            "id": 0
        },
        {
            "author": "hannesw@gmail.com",
            "body": "*** Bug 657929 has been marked as a duplicate of this bug. ***",
            "date": "20111119T15:30:26",
            "id": 1
        }
    ],
    "component": "Core",
    "description": "Created attachment 550633\ntest.js\n\nUser Agent: Mozilla/5.0 (Windows NT 6.1; WOW64) AppleWebKit/535.1 (KHTML, like Gecko) Chrome/15.0.841.0 Safari/535.1\n\nSteps to reproduce:\n\nI am using Rhino 1.7R3 and Java 1.6.0_26.\n\nrun \"java -ea -jar js.jar test.js\"\n\n(\"test.js\" is attachment file)\n// OK\n(new JavaAdapter(java.util.HashMap, {\n  foo: function(v) {\n    if (v instanceof Array) {\n      java.lang.System.out.println(\"?\");\n    } else {\n      java.lang.System.out.println(\"OK\");\n    }\n  }\n})).foo(\"X\");\n\n\n// OK\n(function() {\n  return {\n    foo: function(v) {\n      if (v instanceof Array) {\n        java.lang.System.out.println(\"?\");\n      } else {\n        java.lang.System.out.println(\"OK\");\n      }\n    }\n  };\n})().foo(\"X\");\n\n// stop on assertion\n(function() {\n  return new JavaAdapter(java.util.HashMap, {\n    foo: function(v) {\n      if (v instanceof Array) {\n        java.lang.System.out.println(\"?\");\n      } else {\n        java.lang.System.out.println(\"OK\");\n      }\n    }\n  });\n})().foo(\"X\");\n\n\n\nActual results:\n\nAssertionError thrown.\n\njava -ea -jar js.jar test.js\nOK\nOK\nException in thread \"main\" java.lang.AssertionError\n        at org.mozilla.javascript.TopLevel.getBuiltinPrototype(TopLevel.java:160)\n        at org.mozilla.javascript.NativeJavaObject.getPrototype(NativeJavaObject.java:147)\n        at org.mozilla.javascript.ScriptRuntime.jsDelegatesTo(ScriptRuntime.java:3054)\n        at org.mozilla.javascript.BaseFunction.hasInstance(BaseFunction.java:108)\n        at org.mozilla.javascript.ScriptRuntime.instanceOf(ScriptRuntime.java:3045)\n        at org.mozilla.javascript.gen._temp_test_js_1._c_anonymous_5(Unknown Source)\n        at org.mozilla.javascript.gen._temp_test_js_1.call(Unknown Source)\n        at org.mozilla.javascript.JavaAdapter.doCall(JavaAdapter.java:598)\n        at org.mozilla.javascript.JavaAdapter.callMethod(JavaAdapter.java:573)\n        at adapter1.foo(<adapter>)\n        at sun.reflect.NativeMethodAccessorImpl.invoke0(Native Method)\n        at sun.reflect.NativeMethodAccessorImpl.invoke(Unknown Source)\n        at sun.reflect.DelegatingMethodAccessorImpl.invoke(Unknown Source)\n        at java.lang.reflect.Method.invoke(Unknown Source)\n        at org.mozilla.javascript.MemberBox.invoke(MemberBox.java:161)\n        at org.mozilla.javascript.NativeJavaMethod.call(NativeJavaMethod.java:247)\n        at org.mozilla.javascript.optimizer.OptRuntime.call1(OptRuntime.java:66)\n        at org.mozilla.javascript.gen._temp_test_js_1._c_script_0(Unknown Source)\n        at org.mozilla.javascript.gen._temp_test_js_1.call(Unknown Source)\n        at org.mozilla.javascript.ContextFactory.doTopCall(ContextFactory.java:426)\n        at org.mozilla.javascript.ScriptRuntime.doTopCall(ScriptRuntime.java:3178)\n        at org.mozilla.javascript.gen._temp_test_js_1.call(Unknown Source)\n        at org.mozilla.javascript.gen._temp_test_js_1.exec(Unknown Source)\n        at org.mozilla.javascript.tools.shell.Main.evaluateScript(Main.java:654)\n        at org.mozilla.javascript.tools.shell.Main.processFileSecure(Main.java:552)\n        at org.mozilla.javascript.tools.shell.Main.processFile(Main.java:507)\n        at org.mozilla.javascript.tools.shell.Main.processSource(Main.java:499)\n        at org.mozilla.javascript.tools.shell.Main.processFiles(Main.java:215)\n        at org.mozilla.javascript.tools.shell.Main$IProxy.run(Main.java:134)\n        at org.mozilla.javascript.Context.call(Context.java:521)\n        at org.mozilla.javascript.ContextFactory.call(ContextFactory.java:535)\n        at org.mozilla.javascript.tools.shell.Main.exec(Main.java:198)\n        at org.mozilla.javascript.tools.shell.Main.main(Main.java:174)\n\n\n\nExpected results:\n\nI expect that\n\njava -ea -jar js.jar test.js\nOK\nOK\nOK\n\nbut 3rd result was not printed.",
    "hasPatch": false,
    "hasScreenshot": false,
    "id": "676483",
    "issuetypeClassified": "BUG",
    "issuetypeTracker": "BUG",
    "priority": "-- normal",
    "product": "Rhino",
    "project": "RHINO",
    "summary": "AssertionError thrown when I use JavaAdaper in local scope (1.7R3)",
    "systemSpecification": true,
    "version": "other"
}